Change Component Comment : Designator=J2 Old Comment= New Comment=Female USB Type C
Change Component Comment : Designator=MT1 Old Comment= New Comment=Rotery Encoder
Change Component Comment : Designator=H3 Old Comment=.value New Comment=0.1" M Header
Change Component Comment : Designator=BT3 Old Comment=.value New Comment=1.54inch Waveshare Eink Display
Change Component Comment : Designator=X2 Old Comment=.value New Comment=32.768kHz Crystal
Change Component Comment : Designator=H1 Old Comment=.value New Comment=#4 Hole
Change Component Comment : Designator=H2 Old Comment=.value New Comment=#4 Hole
Change Component Comment : Designator=BT1 Old Comment=.value New Comment=Battery 1000mAh
Change Component Comment : Designator=Q2 Old Comment=.value New Comment=BQ25570RGRR
Change Component Comment : Designator=D1 Old Comment=.value New Comment=Diode Schottky
Change Component Comment : Designator=D3 Old Comment=.value New Comment=Diode Schottky
Change Component Comment : Designator=D4 Old Comment=.value New Comment=Diode Schottky
Change Component Comment : Designator=D5 Old Comment=.value New Comment=Diode Schottky
Change Component Comment : Designator=D6 Old Comment=.value New Comment=Diode Schottky
Change Component Comment : Designator=D7 Old Comment=.value New Comment=Diode Schottky
Change Component Comment : Designator=D8 Old Comment=.value New Comment=Diode Schottky
Change Component Comment : Designator=D9 Old Comment=.value New Comment=Diode Schottky
Change Component Comment : Designator=D10 Old Comment=.value New Comment=Diode Schottky
Change Component Comment : Designator=D11 Old Comment=.value New Comment=Diode Schottky
Change Component Comment : Designator=D12 Old Comment=.value New Comment=Diode Schottky
Change Component Comment : Designator=D13 Old Comment=.value New Comment=Diode Schottky
Change Component Comment : Designator=D14 Old Comment=.value New Comment=Diode Schottky
Change Component Comment : Designator=D15 Old Comment=.value New Comment=Diode Schottky
Change Component Comment : Designator=D16 Old Comment=.value New Comment=Diode Schottky
Change Component Comment : Designator=D17 Old Comment=.value New Comment=Diode Schottky
Change Component Comment : Designator=D18 Old Comment=.value New Comment=Diode Schottky
Change Component Comment : Designator=D19 Old Comment=.value New Comment=Diode Schottky
Change Component Comment : Designator=D20 Old Comment=.value New Comment=Diode Schottky
Change Component Comment : Designator=D21 Old Comment=.value New Comment=Diode Schottky
Change Component Comment : Designator=D22 Old Comment=.value New Comment=Diode Schottky
Change Component Comment : Designator=D23 Old Comment=.value New Comment=Diode Schottky
Change Component Comment : Designator=D24 Old Comment=.value New Comment=Diode Schottky
Change Component Comment : Designator=D25 Old Comment=.value New Comment=Diode Schottky
Change Component Comment : Designator=D26 Old Comment=.value New Comment=Diode Schottky
Change Component Comment : Designator=D27 Old Comment=.value New Comment=Diode Schottky
Change Component Comment : Designator=D28 Old Comment=.value New Comment=Diode Schottky
Change Component Comment : Designator=D29 Old Comment=.value New Comment=Diode Schottky
Change Component Comment : Designator=D30 Old Comment=.value New Comment=Diode Schottky
Change Component Comment : Designator=D31 Old Comment=.value New Comment=Diode Schottky
Change Component Comment : Designator=D32 Old Comment=.value New Comment=Diode Schottky
Change Component Comment : Designator=D33 Old Comment=.value New Comment=Diode Schottky
Change Component Comment : Designator=D34 Old Comment=.value New Comment=Diode Schottky
Change Component Comment : Designator=D35 Old Comment=.value New Comment=Diode Schottky
Change Component Comment : Designator=D36 Old Comment=.value New Comment=Diode Schottky
Change Component Comment : Designator=D37 Old Comment=.value New Comment=Diode Schottky
Change Component Comment : Designator=D38 Old Comment=.value New Comment=Diode Schottky
Change Component Comment : Designator=D39 Old Comment=.value New Comment=Diode Schottky
Change Component Comment : Designator=D40 Old Comment=.value New Comment=Diode Schottky
Change Component Comment : Designator=SW1 Old Comment=.value New Comment=DPDT
Change Component Comment : Designator=Q1 Old Comment=.value New Comment=EFR32BG13P632F512GM32-DR
Change Component Comment : Designator=ATT1 Old Comment=.value New Comment=F_Interverted
Change Component Comment : Designator=L6 Old Comment=.value New Comment=Farrite Bead 102(1k)
Change Component Comment : Designator=L3 Old Comment=.value New Comment=Ferrite Bead 600(601) 1LN
Change Component Comment : Designator=L4 Old Comment=.value New Comment=Ferrite Bead 600(601) 1LN
Change Component Comment : Designator=SW2 Old Comment=.value New Comment=Gateron G Pro 2.0
Change Component Comment : Designator=SW3 Old Comment=.value New Comment=Gateron G Pro 2.0
Change Component Comment : Designator=SW4 Old Comment=.value New Comment=Gateron G Pro 2.0
Change Component Comment : Designator=SW5 Old Comment=.value New Comment=Gateron G Pro 2.0
Change Component Comment : Designator=SW6 Old Comment=.value New Comment=Gateron G Pro 2.0
Change Component Comment : Designator=SW7 Old Comment=.value New Comment=Gateron G Pro 2.0
Change Component Comment : Designator=SW8 Old Comment=.value New Comment=Gateron G Pro 2.0
Change Component Comment : Designator=SW9 Old Comment=.value New Comment=Gateron G Pro 2.0
Change Component Comment : Designator=SW10 Old Comment=.value New Comment=Gateron G Pro 2.0
Change Component Comment : Designator=SW11 Old Comment=.value New Comment=Gateron G Pro 2.0
Change Component Comment : Designator=SW12 Old Comment=.value New Comment=Gateron G Pro 2.0
Change Component Comment : Designator=SW13 Old Comment=.value New Comment=Gateron G Pro 2.0
Change Component Comment : Designator=SW14 Old Comment=.value New Comment=Gateron G Pro 2.0
Change Component Comment : Designator=SW15 Old Comment=.value New Comment=Gateron G Pro 2.0
Change Component Comment : Designator=SW16 Old Comment=.value New Comment=Gateron G Pro 2.0
Change Component Comment : Designator=SW17 Old Comment=.value New Comment=Gateron G Pro 2.0
Change Component Comment : Designator=SW18 Old Comment=.value New Comment=Gateron G Pro 2.0
Change Component Comment : Designator=SW19 Old Comment=.value New Comment=Gateron G Pro 2.0
Change Component Comment : Designator=SW20 Old Comment=.value New Comment=Gateron G Pro 2.0
Change Component Comment : Designator=SW21 Old Comment=.value New Comment=Gateron G Pro 2.0
Change Component Comment : Designator=SW22 Old Comment=.value New Comment=Gateron G Pro 2.0
Change Component Comment : Designator=SW23 Old Comment=.value New Comment=Gateron G Pro 2.0
Change Component Comment : Designator=SW24 Old Comment=.value New Comment=Gateron G Pro 2.0
Change Component Comment : Designator=SW25 Old Comment=.value New Comment=Gateron G Pro 2.0
Change Component Comment : Designator=SW26 Old Comment=.value New Comment=Gateron G Pro 2.0
Change Component Comment : Designator=SW27 Old Comment=.value New Comment=Gateron G Pro 2.0
Change Component Comment : Designator=SW28 Old Comment=.value New Comment=Gateron G Pro 2.0
Change Component Comment : Designator=SW29 Old Comment=.value New Comment=Gateron G Pro 2.0
Change Component Comment : Designator=SW30 Old Comment=.value New Comment=Gateron G Pro 2.0
Change Component Comment : Designator=SW31 Old Comment=.value New Comment=Gateron G Pro 2.0
Change Component Comment : Designator=SW32 Old Comment=.value New Comment=Gateron G Pro 2.0
Change Component Comment : Designator=SW33 Old Comment=.value New Comment=Gateron G Pro 2.0
Change Component Comment : Designator=SW34 Old Comment=.value New Comment=Gateron G Pro 2.0
Change Component Comment : Designator=SW35 Old Comment=.value New Comment=Gateron G Pro 2.0
Change Component Comment : Designator=SW36 Old Comment=.value New Comment=Gateron G Pro 2.0
Change Component Comment : Designator=SW37 Old Comment=.value New Comment=Gateron G Pro 2.0
Change Component Comment : Designator=SW38 Old Comment=.value New Comment=Gateron G Pro 2.0
Change Component Comment : Designator=SW39 Old Comment=.value New Comment=Gateron G Pro 2.0
Change Component Comment : Designator=LED1 Old Comment=.value New Comment=GRN 0603
Change Component Comment : Designator=LED2 Old Comment=.value New Comment=GRN 0603
Change Component Comment : Designator=LED4 Old Comment=.value New Comment=GRN 0603
Change Component Comment : Designator=L5 Old Comment=.value New Comment=IND 4.7uH 1515
Change Component Comment : Designator=L7 Old Comment=.value New Comment=IND 10uH 1111
Change Component Comment : Designator=L8 Old Comment=.value New Comment=IND 22uH 1515
Change Component Comment : Designator=H9 Old Comment=.value New Comment=Mini SWD
Change Component Comment : Designator=Q6 Old Comment=.value New Comment=SI7021-A20-GM1R
Change Component Comment : Designator=BT2 Old Comment=.value New Comment=Solar Panel
Change Component Comment : Designator=S1 Old Comment=.value New Comment=SPST
Change Component Comment : Designator=S2 Old Comment=.value New Comment=SPST
Change Component Comment : Designator=D2 Old Comment=.value New Comment=SRV05-4-P-T7
Change Component Comment : Designator=Q3 Old Comment=.value New Comment=TCA6408ARGTR
Change Component Comment : Designator=Q4 Old Comment=.value New Comment=TCA6408ARGTR
Change Component Comment : Designator=TP1 Old Comment=.value New Comment=Test point
Change Component Comment : Designator=TP2 Old Comment=.value New Comment=Test point
Change Component Comment : Designator=TP3 Old Comment=.value New Comment=Test point
Change Component Comment : Designator=TP6 Old Comment=.value New Comment=Test point
Change Component Comment : Designator=TP7 Old Comment=.value New Comment=Test point
Change Component Comment : Designator=TP8 Old Comment=.value New Comment=Test point
Change Component Comment : Designator=TP9 Old Comment=.value New Comment=Test point
Change Component Comment : Designator=TP10 Old Comment=.value New Comment=Test point
Change Component Comment : Designator=TP11 Old Comment=.value New Comment=Test point
Change Component Comment : Designator=TP12 Old Comment=.value New Comment=Test point
Change Component Comment : Designator=TP13 Old Comment=.value New Comment=Test point
Change Component Comment : Designator=TP15 Old Comment=.value New Comment=Test point
Change Component Comment : Designator=TP16 Old Comment=.value New Comment=Test point
Change Component Comment : Designator=TP17 Old Comment=.value New Comment=Test point
Change Component Comment : Designator=TP18 Old Comment=.value New Comment=Test point
Change Component Comment : Designator=TP20 Old Comment=.value New Comment=Test point
Change Component Comment : Designator=TP21 Old Comment=.value New Comment=Test point
Change Component Comment : Designator=TP22 Old Comment=.value New Comment=Test point
Change Component Comment : Designator=TP23 Old Comment=.value New Comment=Test point
Change Component Comment : Designator=TP24 Old Comment=.value New Comment=Test point
Change Component Comment : Designator=TP25 Old Comment=.value New Comment=Test point
Change Component Comment : Designator=TP27 Old Comment=.value New Comment=Test point
Change Component Comment : Designator=TP28 Old Comment=.value New Comment=Test point
Change Component Comment : Designator=TP29 Old Comment=.value New Comment=Test point
Change Component Comment : Designator=TP30 Old Comment=.value New Comment=Test point
Change Component Comment : Designator=TP31 Old Comment=.value New Comment=Test point
Change Component Comment : Designator=TP32 Old Comment=.value New Comment=Test point
Change Component Comment : Designator=TP33 Old Comment=.value New Comment=Test point
Change Component Comment : Designator=TP34 Old Comment=.value New Comment=Test point
Change Component Comment : Designator=Q5 Old Comment=.value New Comment=TPS22919
Change Component Comment : Designator=Q7 Old Comment=.value New Comment=TPS22919
Change Component Comment : Designator=Q8 Old Comment=.value New Comment=TPS22919
Change Component Comment : Designator=LED5 Old Comment=.value New Comment=WS2812B
Change Component Comment : Designator=LED6 Old Comment=.value New Comment=WS2812B
Change Component Comment : Designator=LED7 Old Comment=.value New Comment=WS2812B
Change Component Comment : Designator=LED8 Old Comment=.value New Comment=WS2812B
Change Component Comment : Designator=LED9 Old Comment=.value New Comment=WS2812B
Change Component Comment : Designator=LED10 Old Comment=.value New Comment=WS2812B
Change Component Comment : Designator=LED11 Old Comment=.value New Comment=WS2812B
Change Component Comment : Designator=LED12 Old Comment=.value New Comment=WS2812B
Change Component Comment : Designator=LED13 Old Comment=.value New Comment=WS2812B
Change Component Comment : Designator=LED14 Old Comment=.value New Comment=WS2812B
Change Component Comment : Designator=LED15 Old Comment=.value New Comment=WS2812B
Change Component Comment : Designator=LED16 Old Comment=.value New Comment=WS2812B
Change Component Comment : Designator=LED17 Old Comment=.value New Comment=WS2812B
Change Component Comment : Designator=LED18 Old Comment=.value New Comment=WS2812B
Change Component Comment : Designator=LED19 Old Comment=.value New Comment=WS2812B
Change Component Comment : Designator=LED20 Old Comment=.value New Comment=WS2812B
Change Component Comment : Designator=LED21 Old Comment=.value New Comment=WS2812B
Change Component Comment : Designator=LED22 Old Comment=.value New Comment=WS2812B
Change Component Comment : Designator=LED23 Old Comment=.value New Comment=WS2812B
Change Component Comment : Designator=LED24 Old Comment=.value New Comment=WS2812B
Change Component Comment : Designator=LED25 Old Comment=.value New Comment=WS2812B
Change Component Comment : Designator=LED26 Old Comment=.value New Comment=WS2812B
Change Component Comment : Designator=LED27 Old Comment=.value New Comment=WS2812B
Change Component Comment : Designator=LED28 Old Comment=.value New Comment=WS2812B
Change Component Comment : Designator=LED29 Old Comment=.value New Comment=WS2812B
Change Component Comment : Designator=LED30 Old Comment=.value New Comment=WS2812B
Change Component Comment : Designator=LED31 Old Comment=.value New Comment=WS2812B
Change Component Comment : Designator=LED32 Old Comment=.value New Comment=WS2812B
Change Component Comment : Designator=LED33 Old Comment=.value New Comment=WS2812B
Change Component Comment : Designator=LED34 Old Comment=.value New Comment=WS2812B
Change Component Comment : Designator=LED35 Old Comment=.value New Comment=WS2812B
Change Component Comment : Designator=LED36 Old Comment=.value New Comment=WS2812B
Change Component Comment : Designator=LED37 Old Comment=.value New Comment=WS2812B
Change Component Comment : Designator=LED38 Old Comment=.value New Comment=WS2812B
Change Component Comment : Designator=LED39 Old Comment=.value New Comment=WS2812B
Change Component Comment : Designator=LED40 Old Comment=.value New Comment=WS2812B
Change Component Comment : Designator=LED41 Old Comment=.value New Comment=WS2812B
Change Component Comment : Designator=LED Old Comment=.value New Comment=WS2812B
Change Component Comment : Designator=X1 Old Comment=.value New Comment=XTAL 38.4MHz
Change Component Comment : Designator=R1 Old Comment=0R New Comment=RES 0R 0402
Change Component Comment : Designator=R4 Old Comment=0R New Comment=RES 0R 0402
Change Component Comment : Designator=R13 Old Comment=0R New Comment=RES 0R 0402
Change Component Comment : Designator=R27 Old Comment=0R New Comment=RES 0R 0402
Change Component Comment : Designator=R28 Old Comment=0R New Comment=RES 0R 0402
Change Component Comment : Designator=R29 Old Comment=0R New Comment=RES 0R 0402
Change Component Comment : Designator=R37 Old Comment=0R New Comment=RES 0R 0402
Change Component Comment : Designator=R333 Old Comment=0R New Comment=RES 0R 0402
Change Component Comment : Designator=C1 Old Comment=1.5pF New Comment=CAP 1.5pF 50V 0402
Change Component Comment : Designator=R12 Old Comment=1.24MR New Comment=RES 1.24M 0603
Change Component Comment : Designator=R5 Old Comment=1R New Comment=RES 1R 0603
Change Component Comment : Designator=C8 Old Comment=1uF New Comment=CAP 1uF 10V 0603
Change Component Comment : Designator=C9 Old Comment=1uF New Comment=CAP 1uF 10V 0603
Change Component Comment : Designator=C12 Old Comment=1uF New Comment=CAP 1uF 10V 0603
Change Component Comment : Designator=C13 Old Comment=1uF New Comment=CAP 1uF 10V 0603
Change Component Comment : Designator=C14 Old Comment=1uF New Comment=CAP 1uF 10V 0603
Change Component Comment : Designator=C26 Old Comment=1uF New Comment=CAP 1uF 10V 0603
Change Component Comment : Designator=C27 Old Comment=1uF New Comment=CAP 1uF 10V 0603
Change Component Comment : Designator=C29 Old Comment=1uF New Comment=CAP 1uF 10V 0603
Change Component Comment : Designator=C31 Old Comment=1uF New Comment=CAP 1uF 10V 0603
Change Component Comment : Designator=C32 Old Comment=1uF New Comment=CAP 1uF 10V 0603
Change Component Comment : Designator=C33 Old Comment=1uF New Comment=CAP 1uF 10V 0603
Change Component Comment : Designator=C34 Old Comment=1uF New Comment=CAP 1uF 10V 0603
Change Component Comment : Designator=C35 Old Comment=1uF New Comment=CAP 1uF 10V 0603
Change Component Comment : Designator=C36 Old Comment=1uF New Comment=CAP 1uF 10V 0603
Change Component Comment : Designator=C37 Old Comment=1uF New Comment=CAP 1uF 10V 0603
Change Component Comment : Designator=C38 Old Comment=1uF New Comment=CAP 1uF 10V 0603
Change Component Comment : Designator=C39 Old Comment=1uF New Comment=CAP 1uF 10V 0603
Change Component Comment : Designator=C40 Old Comment=1uF New Comment=CAP 1uF 10V 0603
Change Component Comment : Designator=C41 Old Comment=1uF New Comment=CAP 1uF 10V 0603
Change Component Comment : Designator=C42 Old Comment=1uF New Comment=CAP 1uF 10V 0603
Change Component Comment : Designator=C43 Old Comment=1uF New Comment=CAP 1uF 10V 0603
Change Component Comment : Designator=C44 Old Comment=1uF New Comment=CAP 1uF 10V 0603
Change Component Comment : Designator=C45 Old Comment=1uF New Comment=CAP 1uF 10V 0603
Change Component Comment : Designator=C46 Old Comment=1uF New Comment=CAP 1uF 10V 0603
Change Component Comment : Designator=C47 Old Comment=1uF New Comment=CAP 1uF 10V 0603
Change Component Comment : Designator=C48 Old Comment=1uF New Comment=CAP 1uF 10V 0603
Change Component Comment : Designator=C49 Old Comment=1uF New Comment=CAP 1uF 10V 0603
Change Component Comment : Designator=C50 Old Comment=1uF New Comment=CAP 1uF 10V 0603
Change Component Comment : Designator=C51 Old Comment=1uF New Comment=CAP 1uF 10V 0603
Change Component Comment : Designator=C52 Old Comment=1uF New Comment=CAP 1uF 10V 0603
Change Component Comment : Designator=C53 Old Comment=1uF New Comment=CAP 1uF 10V 0603
Change Component Comment : Designator=C54 Old Comment=1uF New Comment=CAP 1uF 10V 0603
Change Component Comment : Designator=C55 Old Comment=1uF New Comment=CAP 1uF 10V 0603
Change Component Comment : Designator=C56 Old Comment=1uF New Comment=CAP 1uF 10V 0603
Change Component Comment : Designator=C57 Old Comment=1uF New Comment=CAP 1uF 10V 0603
Change Component Comment : Designator=C58 Old Comment=1uF New Comment=CAP 1uF 10V 0603
Change Component Comment : Designator=C59 Old Comment=1uF New Comment=CAP 1uF 10V 0603
Change Component Comment : Designator=C60 Old Comment=1uF New Comment=CAP 1uF 10V 0603
Change Component Comment : Designator=C61 Old Comment=1uF New Comment=CAP 1uF 10V 0603
Change Component Comment : Designator=C62 Old Comment=1uF New Comment=CAP 1uF 10V 0603
Change Component Comment : Designator=C63 Old Comment=1uF New Comment=CAP 1uF 10V 0603
Change Component Comment : Designator=C64 Old Comment=1uF New Comment=CAP 1uF 10V 0603
Change Component Comment : Designator=C65 Old Comment=1uF New Comment=CAP 1uF 10V 0603
Change Component Comment : Designator=C66 Old Comment=1uF New Comment=CAP 1uF 10V 0603
Change Component Comment : Designator=C67 Old Comment=1uF New Comment=CAP 1uF 10V 0603
Change Component Comment : Designator=C68 Old Comment=1uF New Comment=CAP 1uF 10V 0603
Change Component Comment : Designator=C69 Old Comment=1uF New Comment=CAP 1uF 10V 0603
Change Component Comment : Designator=C22 Old Comment=1uF New Comment=CAP 47uF 10V 0805
Change Component Comment : Designator=C23 Old Comment=1uF New Comment=CAP 47uF 10V 0805
Change Component Comment : Designator=C24 Old Comment=1uF New Comment=CAP 47uF 10V 0805
Change Component Comment : Designator=C25 Old Comment=1uF New Comment=CAP 47uF 10V 0805
Change Component Comment : Designator=C28 Old Comment=1uF New Comment=CAP 47uF 10V 0805
Change Component Comment : Designator=C30 Old Comment=1uF New Comment=CAP 47uF 10V 0805
Change Component Comment : Designator=C70 Old Comment=1uF New Comment=CAP 47uF 10V 0805
Change Component Comment : Designator=C6 Old Comment=4.7uF New Comment=CAP 4.7uF 25V 0603
Change Component Comment : Designator=C15 Old Comment=4.7uF New Comment=CAP 4.7uF 25V 0603
Change Component Comment : Designator=C17 Old Comment=4.7uF New Comment=CAP 4.7uF 25V 0603
Change Component Comment : Designator=R7 Old Comment=4.75MR New Comment=RES 4.75M 0603
Change Component Comment : Designator=R17 Old Comment=4.99MR New Comment=RES 4.99M 0603
Change Component Comment : Designator=R9 Old Comment=5.1kR New Comment=RES 5.1K 0603
Change Component Comment : Designator=R10 Old Comment=5.1kR New Comment=RES 5.1K 0603
Change Component Comment : Designator=R15 Old Comment=5.6MR New Comment=RES 5.62M 0603
Change Component Comment : Designator=R14 Old Comment=6.65MR New Comment=RES 6.65M 0603
Change Component Comment : Designator=R11 Old Comment=7.32MR New Comment=RES 7.32M 0603
Change Component Comment : Designator=R2 Old Comment=8.2MR New Comment=RES 8.2M 0603
Change Component Comment : Designator=R16 Old Comment=10kR New Comment=RES 10K 0603
Change Component Comment : Designator=R19 Old Comment=10kR New Comment=RES 10K 0603
Change Component Comment : Designator=R20 Old Comment=10kR New Comment=RES 10K 0603
Change Component Comment : Designator=R21 Old Comment=10kR New Comment=RES 10K 0603
Change Component Comment : Designator=R22 Old Comment=10kR New Comment=RES 10K 0603
Change Component Comment : Designator=R23 Old Comment=10kR New Comment=RES 10K 0603
Change Component Comment : Designator=R24 Old Comment=10kR New Comment=RES 10K 0603
Change Component Comment : Designator=R25 Old Comment=10kR New Comment=RES 10K 0603
Change Component Comment : Designator=R26 Old Comment=10kR New Comment=RES 10K 0603
Change Component Comment : Designator=R30 Old Comment=10kR New Comment=RES 10K 0603
Change Component Comment : Designator=R31 Old Comment=10kR New Comment=RES 10K 0603
Change Component Comment : Designator=R32 Old Comment=10kR New Comment=RES 10K 0603
Change Component Comment : Designator=R33 Old Comment=10kR New Comment=RES 10K 0603
Change Component Comment : Designator=R34 Old Comment=10kR New Comment=RES 10K 0603
Change Component Comment : Designator=R35 Old Comment=10kR New Comment=RES 10K 0603
Change Component Comment : Designator=R36 Old Comment=10kR New Comment=RES 10K 0603
Change Component Comment : Designator=C20 Old Comment=10nF New Comment=CAP 0.1uF 100V 0603
Change Component Comment : Designator=C21 Old Comment=10nF New Comment=CAP 0.1uF 100V 0603
Change Component Comment : Designator=C11 Old Comment=10nF New Comment=CAP 10nF 100V 0603
Change Component Comment : Designator=C16 Old Comment=10nF New Comment=CAP 10nF 100V 0603
Change Component Comment : Designator=C18 Old Comment=10nF New Comment=CAP 10nF 100V 0603
Change Component Comment : Designator=C5 Old Comment=10pF New Comment=CAP 10pF 50V 0603
Change Component Comment : Designator=C7 Old Comment=10uF New Comment=CAP 10uF 10V 0603
Change Component Comment : Designator=C10 Old Comment=10uF New Comment=CAP 10uF 10V 0603
Change Component Comment : Designator=C4 Old Comment=22nF New Comment=CAP 220nF 50V 0603
Change Component Comment : Designator=C19 Old Comment=22uF New Comment=22uF 10V X5R 0603
Change Component Comment : Designator=C2 Old Comment=100pF New Comment=CAP 100pF 100V 0603
Change Component Comment : Designator=C3 Old Comment=100pF New Comment=CAP 100pF 100V 0603
Change Component Comment : Designator=R6 Old Comment=100R New Comment=RES 100R 0603
Change Component Comment : Designator=R8 Old Comment=100R New Comment=RES 100R 0603
Change Component Comment : Designator=R18 Old Comment=100R New Comment=RES 100R 0603
Change Component Comment : Designator=R38 Old Comment=100R New Comment=RES 100R 0603
Change Component Comment : Designator=R3 Old Comment=330kR New Comment=RES 330K 0603
Change Component Comment : Designator=D41 Old Comment=TVS DIODE 5.5V 6TSOP New Comment=SRV05-4-P-T7
Change Component Description : Designator=BT1 Old Description=Lithium Ion Polymer Battery - 3.7v 1200mAh New Description=Lithium Ion Polymer Battery - 3.7v 1200mAh | Adafruit Industries 258
Change Component Description : Designator=LED5 Old Description=NeoPixel Nano 2020 RGB LEDs - 10-Pack New Description=NeoPixel Nano 2020 RGB LEDs - 10-Pack | Adafruit Industries 4684
Change Component Description : Designator=LED6 Old Description=NeoPixel Nano 2020 RGB LEDs - 10-Pack New Description=NeoPixel Nano 2020 RGB LEDs - 10-Pack | Adafruit Industries 4684
Change Component Description : Designator=LED7 Old Description=NeoPixel Nano 2020 RGB LEDs - 10-Pack New Description=NeoPixel Nano 2020 RGB LEDs - 10-Pack | Adafruit Industries 4684
Change Component Description : Designator=LED8 Old Description=NeoPixel Nano 2020 RGB LEDs - 10-Pack New Description=NeoPixel Nano 2020 RGB LEDs - 10-Pack | Adafruit Industries 4684
Change Component Description : Designator=LED9 Old Description=NeoPixel Nano 2020 RGB LEDs - 10-Pack New Description=NeoPixel Nano 2020 RGB LEDs - 10-Pack | Adafruit Industries 4684
Change Component Description : Designator=LED10 Old Description=NeoPixel Nano 2020 RGB LEDs - 10-Pack New Description=NeoPixel Nano 2020 RGB LEDs - 10-Pack | Adafruit Industries 4684
Change Component Description : Designator=LED11 Old Description=NeoPixel Nano 2020 RGB LEDs - 10-Pack New Description=NeoPixel Nano 2020 RGB LEDs - 10-Pack | Adafruit Industries 4684
Change Component Description : Designator=LED12 Old Description=NeoPixel Nano 2020 RGB LEDs - 10-Pack New Description=NeoPixel Nano 2020 RGB LEDs - 10-Pack | Adafruit Industries 4684
Change Component Description : Designator=LED13 Old Description=NeoPixel Nano 2020 RGB LEDs - 10-Pack New Description=NeoPixel Nano 2020 RGB LEDs - 10-Pack | Adafruit Industries 4684
Change Component Description : Designator=LED14 Old Description=NeoPixel Nano 2020 RGB LEDs - 10-Pack New Description=NeoPixel Nano 2020 RGB LEDs - 10-Pack | Adafruit Industries 4684
Change Component Description : Designator=LED15 Old Description=NeoPixel Nano 2020 RGB LEDs - 10-Pack New Description=NeoPixel Nano 2020 RGB LEDs - 10-Pack | Adafruit Industries 4684
Change Component Description : Designator=LED16 Old Description=NeoPixel Nano 2020 RGB LEDs - 10-Pack New Description=NeoPixel Nano 2020 RGB LEDs - 10-Pack | Adafruit Industries 4684
Change Component Description : Designator=LED17 Old Description=NeoPixel Nano 2020 RGB LEDs - 10-Pack New Description=NeoPixel Nano 2020 RGB LEDs - 10-Pack | Adafruit Industries 4684
Change Component Description : Designator=LED18 Old Description=NeoPixel Nano 2020 RGB LEDs - 10-Pack New Description=NeoPixel Nano 2020 RGB LEDs - 10-Pack | Adafruit Industries 4684
Change Component Description : Designator=LED19 Old Description=NeoPixel Nano 2020 RGB LEDs - 10-Pack New Description=NeoPixel Nano 2020 RGB LEDs - 10-Pack | Adafruit Industries 4684
Change Component Description : Designator=LED20 Old Description=NeoPixel Nano 2020 RGB LEDs - 10-Pack New Description=NeoPixel Nano 2020 RGB LEDs - 10-Pack | Adafruit Industries 4684
Change Component Description : Designator=LED21 Old Description=NeoPixel Nano 2020 RGB LEDs - 10-Pack New Description=NeoPixel Nano 2020 RGB LEDs - 10-Pack | Adafruit Industries 4684
Change Component Description : Designator=LED22 Old Description=NeoPixel Nano 2020 RGB LEDs - 10-Pack New Description=NeoPixel Nano 2020 RGB LEDs - 10-Pack | Adafruit Industries 4684
Change Component Description : Designator=LED23 Old Description=NeoPixel Nano 2020 RGB LEDs - 10-Pack New Description=NeoPixel Nano 2020 RGB LEDs - 10-Pack | Adafruit Industries 4684
Change Component Description : Designator=LED24 Old Description=NeoPixel Nano 2020 RGB LEDs - 10-Pack New Description=NeoPixel Nano 2020 RGB LEDs - 10-Pack | Adafruit Industries 4684
Change Component Description : Designator=LED25 Old Description=NeoPixel Nano 2020 RGB LEDs - 10-Pack New Description=NeoPixel Nano 2020 RGB LEDs - 10-Pack | Adafruit Industries 4684
Change Component Description : Designator=LED26 Old Description=NeoPixel Nano 2020 RGB LEDs - 10-Pack New Description=NeoPixel Nano 2020 RGB LEDs - 10-Pack | Adafruit Industries 4684
Change Component Description : Designator=LED27 Old Description=NeoPixel Nano 2020 RGB LEDs - 10-Pack New Description=NeoPixel Nano 2020 RGB LEDs - 10-Pack | Adafruit Industries 4684
Change Component Description : Designator=LED28 Old Description=NeoPixel Nano 2020 RGB LEDs - 10-Pack New Description=NeoPixel Nano 2020 RGB LEDs - 10-Pack | Adafruit Industries 4684
Change Component Description : Designator=LED29 Old Description=NeoPixel Nano 2020 RGB LEDs - 10-Pack New Description=NeoPixel Nano 2020 RGB LEDs - 10-Pack | Adafruit Industries 4684
Change Component Description : Designator=LED30 Old Description=NeoPixel Nano 2020 RGB LEDs - 10-Pack New Description=NeoPixel Nano 2020 RGB LEDs - 10-Pack | Adafruit Industries 4684
Change Component Description : Designator=LED31 Old Description=NeoPixel Nano 2020 RGB LEDs - 10-Pack New Description=NeoPixel Nano 2020 RGB LEDs - 10-Pack | Adafruit Industries 4684
Change Component Description : Designator=LED32 Old Description=NeoPixel Nano 2020 RGB LEDs - 10-Pack New Description=NeoPixel Nano 2020 RGB LEDs - 10-Pack | Adafruit Industries 4684
Change Component Description : Designator=LED33 Old Description=NeoPixel Nano 2020 RGB LEDs - 10-Pack New Description=NeoPixel Nano 2020 RGB LEDs - 10-Pack | Adafruit Industries 4684
Change Component Description : Designator=LED34 Old Description=NeoPixel Nano 2020 RGB LEDs - 10-Pack New Description=NeoPixel Nano 2020 RGB LEDs - 10-Pack | Adafruit Industries 4684
Change Component Description : Designator=LED35 Old Description=NeoPixel Nano 2020 RGB LEDs - 10-Pack New Description=NeoPixel Nano 2020 RGB LEDs - 10-Pack | Adafruit Industries 4684
Change Component Description : Designator=LED36 Old Description=NeoPixel Nano 2020 RGB LEDs - 10-Pack New Description=NeoPixel Nano 2020 RGB LEDs - 10-Pack | Adafruit Industries 4684
Change Component Description : Designator=LED37 Old Description=NeoPixel Nano 2020 RGB LEDs - 10-Pack New Description=NeoPixel Nano 2020 RGB LEDs - 10-Pack | Adafruit Industries 4684
Change Component Description : Designator=LED38 Old Description=NeoPixel Nano 2020 RGB LEDs - 10-Pack New Description=NeoPixel Nano 2020 RGB LEDs - 10-Pack | Adafruit Industries 4684
Change Component Description : Designator=LED39 Old Description=NeoPixel Nano 2020 RGB LEDs - 10-Pack New Description=NeoPixel Nano 2020 RGB LEDs - 10-Pack | Adafruit Industries 4684
Change Component Description : Designator=LED40 Old Description=NeoPixel Nano 2020 RGB LEDs - 10-Pack New Description=NeoPixel Nano 2020 RGB LEDs - 10-Pack | Adafruit Industries 4684
Change Component Description : Designator=LED41 Old Description=NeoPixel Nano 2020 RGB LEDs - 10-Pack New Description=NeoPixel Nano 2020 RGB LEDs - 10-Pack | Adafruit Industries 4684
Change Component Description : Designator=LED Old Description=NeoPixel Nano 2020 RGB LEDs - 10-Pack New Description=NeoPixel Nano 2020 RGB LEDs - 10-Pack | Adafruit Industries 4684
