\BOOKMARK [1][-]{section*.2}{\376\377\000L\000i\000s\000t\000\040\000o\000f\000\040\000F\000i\000g\000u\000r\000e\000s}{}% 1
\BOOKMARK [1][-]{section*.3}{\376\377\000L\000i\000s\000t\000\040\000o\000f\000\040\000T\000a\000b\000l\000e\000s}{}% 2
\BOOKMARK [1][-]{section.1}{\376\377\000P\000r\000o\000j\000e\000c\000t\000\040\000P\000r\000o\000p\000o\000s\000a\000l}{}% 3
\BOOKMARK [1][-]{section.2}{\376\377\000P\000r\000o\000j\000e\000c\000t\000\040\000R\000a\000t\000i\000o\000n\000a\000l\000e\000\040\000a\000n\000d\000\040\000G\000o\000a\000l\000s}{}% 4
\BOOKMARK [2][-]{subsection.2.1}{\376\377\000P\000r\000o\000j\000e\000c\000t\000\040\000R\000a\000t\000i\000o\000n\000a\000l\000e}{section.2}% 5
\BOOKMARK [2][-]{subsection.2.2}{\376\377\000P\000r\000o\000j\000e\000c\000t\000\040\000G\000o\000a\000l\000s}{section.2}% 6
\BOOKMARK [2][-]{subsection.2.3}{\376\377\000U\000n\000i\000q\000u\000e\000\040\000F\000e\000a\000t\000u\000r\000e\000s}{section.2}% 7
\BOOKMARK [2][-]{subsection.2.4}{\376\377\000E\000x\000p\000e\000c\000t\000e\000d\000\040\000O\000u\000t\000c\000o\000m\000e\000s}{section.2}% 8
\BOOKMARK [1][-]{section.3}{\376\377\000E\000x\000i\000s\000t\000i\000n\000g\000\040\000P\000r\000o\000d\000u\000c\000t\000s\000\040\000a\000n\000d\000\040\000I\000d\000e\000a\000s\000\040\000f\000r\000o\000m\000\040\000p\000r\000o\000d\000u\000c\000t\000s}{}% 9
\BOOKMARK [1][-]{section.4}{\376\377\000P\000r\000o\000j\000e\000c\000t\000\040\000T\000i\000m\000e\000l\000i\000n\000e}{}% 10
\BOOKMARK [1][-]{section.5}{\376\377\000H\000i\000g\000h\000\040\000L\000e\000v\000e\000l\000\040\000R\000e\000q\000u\000i\000r\000e\000m\000e\000n\000t\000s}{}% 11
\BOOKMARK [2][-]{subsection.5.1}{\376\377\000G\000e\000n\000e\000r\000a\000l\000\040\000R\000e\000q\000u\000i\000r\000e\000m\000e\000n\000t\000s}{section.5}% 12
\BOOKMARK [2][-]{subsection.5.2}{\376\377\000C\000o\000m\000p\000o\000n\000e\000n\000t\000s}{section.5}% 13
\BOOKMARK [1][-]{section.6}{\376\377\000K\000e\000y\000b\000o\000a\000r\000d\000\040\000L\000a\000y\000o\000u\000t\000\040\000a\000n\000d\000\040\000D\000e\000s\000i\000g\000n}{}% 14
\BOOKMARK [2][-]{subsection.6.1}{\376\377\000M\000a\000i\000n\000\040\000B\000o\000a\000r\000d\000\040\000K\000e\000y\000\040\000L\000a\000y\000o\000u\000t}{section.6}% 15
\BOOKMARK [2][-]{subsection.6.2}{\376\377\000S\000e\000c\000o\000n\000d\000a\000r\000y\000\040\000M\000o\000d\000u\000l\000e\000\040\000K\000e\000y\000\040\000L\000a\000y\000o\000u\000t}{section.6}% 16
\BOOKMARK [1][-]{section.7}{\376\377\000T\000e\000c\000h\000n\000i\000c\000a\000l\000\040\000C\000o\000n\000s\000i\000d\000e\000r\000a\000t\000i\000o\000n\000s}{}% 17
\BOOKMARK [2][-]{subsection.7.1}{\376\377\000F\000u\000n\000c\000t\000i\000o\000n\000a\000l\000\040\000h\000a\000r\000d\000w\000a\000r\000e\000\040\000b\000l\000o\000c\000k\000\040\000d\000i\000a\000g\000r\000a\000m}{section.7}% 18
\BOOKMARK [1][-]{section.8}{\376\377\000W\000i\000r\000e\000l\000e\000s\000s\000\040\000C\000o\000m\000m\000u\000n\000i\000c\000a\000t\000i\000o\000n\000\040\000a\000n\000d\000\040\000S\000o\000f\000t\000w\000a\000r\000e\000\040\000A\000r\000c\000h\000i\000t\000e\000c\000t\000u\000r\000e}{}% 19
\BOOKMARK [2][-]{subsection.8.1}{\376\377\000W\000i\000r\000e\000l\000e\000s\000s\000\040\000C\000o\000m\000m\000u\000n\000i\000c\000a\000t\000i\000o\000n\000\040\000D\000e\000t\000a\000i\000l\000s}{section.8}% 20
\BOOKMARK [2][-]{subsection.8.2}{\376\377\000F\000u\000n\000c\000t\000i\000o\000n\000a\000l\000\040\000s\000o\000f\000t\000w\000a\000r\000e\000\040\000b\000l\000o\000c\000k\000\040\000d\000i\000a\000g\000r\000a\000m}{section.8}% 21
\BOOKMARK [2][-]{subsection.8.3}{\376\377\000C\000a\000l\000c\000u\000l\000a\000t\000i\000o\000n}{section.8}% 22
\BOOKMARK [1][-]{section.9}{\376\377\000C\000h\000a\000l\000l\000e\000n\000g\000e\000s\000\040\000a\000n\000d\000\040\000C\000o\000n\000s\000i\000d\000e\000r\000a\000t\000i\000o\000n\000s}{}% 23
