This is pdfTeX, Version 3.141592653-2.6-1.40.26 (TeX Live 2024) (preloaded format=pdflatex 2024.10.8)  12 OCT 2024 16:30
entering extended mode
 restricted \write18 enabled.
 file:line:error style messages enabled.
 %&-line parsing enabled.
**"d:/Embedded Systems - MS/LowPowerEmbeddedSystems/Insane-Keyboard/project_report/the_insane_keyboard.tex"
(d:/Embedded Systems - MS/LowPowerEmbeddedSystems/Insane-Keyboard/project_report/the_insane_keyboard.tex
LaTeX2e <2024-06-01> patch level 2
L3 programming layer <2024-09-10>
(c:/texlive/2024/texmf-dist/tex/latex/base/article.cls
Document Class: article 2024/02/08 v1.4n Standard LaTeX document class
(c:/texlive/2024/texmf-dist/tex/latex/base/size11.clo
File: size11.clo 2024/02/08 v1.4n Standard LaTeX file (size option)
)
\c@part=\count194
\c@section=\count195
\c@subsection=\count196
\c@subsubsection=\count197
\c@paragraph=\count198
\c@subparagraph=\count199
\c@figure=\count266
\c@table=\count267
\abovecaptionskip=\skip49
\belowcaptionskip=\skip50
\bibindent=\dimen141
) (./settings/packages.tex (c:/texlive/2024/texmf-dist/tex/latex/blindtext/blindtext.sty
Package: blindtext 2012/01/06 V2.0 blindtext-Package
 (c:/texlive/2024/texmf-dist/tex/latex/tools/xspace.sty
Package: xspace 2014/10/28 v1.13 Space after command names (DPC,MH)
)
\c@blindtext=\count268
\c@Blindtext=\count269
\c@blind@countparstart=\count270
\blind@countxx=\count271
\blindtext@numBlindtext=\count272
\blind@countyy=\count273
\c@blindlist=\count274
\c@blindlistlevel=\count275
\c@blindlist@level=\count276
\blind@listitem=\count277
\c@blind@listcount=\count278
\c@blind@levelcount=\count279
\blind@mathformula=\count280
\blind@Mathformula=\count281
\c@blind@randomcount=\count282
\c@blind@randommax=\count283
\c@blind@pangramcount=\count284
\c@blind@pangrammax=\count285
) (c:/texlive/2024/texmf-dist/tex/latex/amsmath/amsmath.sty
Package: amsmath 2024/05/23 v2.17q AMS math features
\@mathmargin=\skip51

For additional information on amsmath, use the `?' option.
(c:/texlive/2024/texmf-dist/tex/latex/amsmath/amstext.sty
Package: amstext 2021/08/26 v2.01 AMS text
 (c:/texlive/2024/texmf-dist/tex/latex/amsmath/amsgen.sty
File: amsgen.sty 1999/11/30 v2.0 generic functions
\@emptytoks=\toks17
\ex@=\dimen142
)) (c:/texlive/2024/texmf-dist/tex/latex/amsmath/amsbsy.sty
Package: amsbsy 1999/11/29 v1.2d Bold Symbols
\pmbraise@=\dimen143
) (c:/texlive/2024/texmf-dist/tex/latex/amsmath/amsopn.sty
Package: amsopn 2022/04/08 v2.04 operator names
)
\inf@bad=\count286
LaTeX Info: Redefining \frac on input line 233.
\uproot@=\count287
\leftroot@=\count288
LaTeX Info: Redefining \overline on input line 398.
LaTeX Info: Redefining \colon on input line 409.
\classnum@=\count289
\DOTSCASE@=\count290
LaTeX Info: Redefining \ldots on input line 495.
LaTeX Info: Redefining \dots on input line 498.
LaTeX Info: Redefining \cdots on input line 619.
\Mathstrutbox@=\box52
\strutbox@=\box53
LaTeX Info: Redefining \big on input line 721.
LaTeX Info: Redefining \Big on input line 722.
LaTeX Info: Redefining \bigg on input line 723.
LaTeX Info: Redefining \Bigg on input line 724.
\big@size=\dimen144
LaTeX Font Info:    Redeclaring font encoding OML on input line 742.
LaTeX Font Info:    Redeclaring font encoding OMS on input line 743.
\macc@depth=\count291
LaTeX Info: Redefining \bmod on input line 904.
LaTeX Info: Redefining \pmod on input line 909.
LaTeX Info: Redefining \smash on input line 939.
LaTeX Info: Redefining \relbar on input line 969.
LaTeX Info: Redefining \Relbar on input line 970.
\c@MaxMatrixCols=\count292
\dotsspace@=\muskip17
\c@parentequation=\count293
\dspbrk@lvl=\count294
\tag@help=\toks18
\row@=\count295
\column@=\count296
\maxfields@=\count297
\andhelp@=\toks19
\eqnshift@=\dimen145
\alignsep@=\dimen146
\tagshift@=\dimen147
\tagwidth@=\dimen148
\totwidth@=\dimen149
\lineht@=\dimen150
\@envbody=\toks20
\multlinegap=\skip52
\multlinetaggap=\skip53
\mathdisplay@stack=\toks21
LaTeX Info: Redefining \[ on input line 2953.
LaTeX Info: Redefining \] on input line 2954.
) (c:/texlive/2024/texmf-dist/tex/latex/amsfonts/amssymb.sty
Package: amssymb 2013/01/14 v3.01 AMS font symbols
 (c:/texlive/2024/texmf-dist/tex/latex/amsfonts/amsfonts.sty
Package: amsfonts 2013/01/14 v3.01 Basic AMSFonts support
\symAMSa=\mathgroup4
\symAMSb=\mathgroup5
LaTeX Font Info:    Redeclaring math symbol \hbar on input line 98.
LaTeX Font Info:    Overwriting math alphabet `\mathfrak' in version `bold'
(Font)                  U/euf/m/n --> U/euf/b/n on input line 106.
)) (c:/texlive/2024/texmf-dist/tex/latex/hyperref/hyperref.sty
Package: hyperref 2024-07-10 v7.01j Hypertext links for LaTeX
 (c:/texlive/2024/texmf-dist/tex/generic/iftex/iftex.sty
Package: iftex 2022/02/03 v1.0f TeX engine tests
) (c:/texlive/2024/texmf-dist/tex/latex/graphics/keyval.sty
Package: keyval 2022/05/29 v1.15 key=value parser (DPC)
\KV@toks@=\toks22
) (c:/texlive/2024/texmf-dist/tex/latex/kvsetkeys/kvsetkeys.sty
Package: kvsetkeys 2022-10-05 v1.19 Key value parser (HO)
) (c:/texlive/2024/texmf-dist/tex/generic/kvdefinekeys/kvdefinekeys.sty
Package: kvdefinekeys 2019-12-19 v1.6 Define keys (HO)
) (c:/texlive/2024/texmf-dist/tex/generic/pdfescape/pdfescape.sty
Package: pdfescape 2019/12/09 v1.15 Implements pdfTeX's escape features (HO)
 (c:/texlive/2024/texmf-dist/tex/generic/ltxcmds/ltxcmds.sty
Package: ltxcmds 2023-12-04 v1.26 LaTeX kernel commands for general use (HO)
) (c:/texlive/2024/texmf-dist/tex/generic/pdftexcmds/pdftexcmds.sty
Package: pdftexcmds 2020-06-27 v0.33 Utility functions of pdfTeX for LuaTeX (HO)
 (c:/texlive/2024/texmf-dist/tex/generic/infwarerr/infwarerr.sty
Package: infwarerr 2019/12/03 v1.5 Providing info/warning/error messages (HO)
)
Package pdftexcmds Info: \pdf@primitive is available.
Package pdftexcmds Info: \pdf@ifprimitive is available.
Package pdftexcmds Info: \pdfdraftmode found.
)) (c:/texlive/2024/texmf-dist/tex/latex/hycolor/hycolor.sty
Package: hycolor 2020-01-27 v1.10 Color options for hyperref/bookmark (HO)
) (c:/texlive/2024/texmf-dist/tex/latex/hyperref/nameref.sty
Package: nameref 2023-11-26 v2.56 Cross-referencing by name of section
 (c:/texlive/2024/texmf-dist/tex/latex/refcount/refcount.sty
Package: refcount 2019/12/15 v3.6 Data extraction from label references (HO)
) (c:/texlive/2024/texmf-dist/tex/generic/gettitlestring/gettitlestring.sty
Package: gettitlestring 2019/12/15 v1.6 Cleanup title references (HO)
 (c:/texlive/2024/texmf-dist/tex/latex/kvoptions/kvoptions.sty
Package: kvoptions 2022-06-15 v3.15 Key value format for package options (HO)
))
\c@section@level=\count298
) (c:/texlive/2024/texmf-dist/tex/latex/etoolbox/etoolbox.sty
Package: etoolbox 2020/10/05 v2.5k e-TeX tools for LaTeX (JAW)
\etb@tempcnta=\count299
) (c:/texlive/2024/texmf-dist/tex/generic/stringenc/stringenc.sty
Package: stringenc 2019/11/29 v1.12 Convert strings between diff. encodings (HO)
)
\@linkdim=\dimen151
\Hy@linkcounter=\count300
\Hy@pagecounter=\count301
 (c:/texlive/2024/texmf-dist/tex/latex/hyperref/pd1enc.def
File: pd1enc.def 2024-07-10 v7.01j Hyperref: PDFDocEncoding definition (HO)
Now handling font encoding PD1 ...
... no UTF-8 mapping file for font encoding PD1
) (c:/texlive/2024/texmf-dist/tex/generic/intcalc/intcalc.sty
Package: intcalc 2019/12/15 v1.3 Expandable calculations with integers (HO)
)
\Hy@SavedSpaceFactor=\count302
 (c:/texlive/2024/texmf-dist/tex/latex/hyperref/puenc.def
File: puenc.def 2024-07-10 v7.01j Hyperref: PDF Unicode definition (HO)
Now handling font encoding PU ...
... no UTF-8 mapping file for font encoding PU
)
Package hyperref Info: Option `colorlinks' set `true' on input line 4040.
Package hyperref Info: Option `breaklinks' set `true' on input line 4040.
Package hyperref Info: Hyper figures OFF on input line 4157.
Package hyperref Info: Link nesting OFF on input line 4162.
Package hyperref Info: Hyper index ON on input line 4165.
Package hyperref Info: Plain pages OFF on input line 4172.
Package hyperref Info: Backreferencing OFF on input line 4177.
Package hyperref Info: Implicit mode ON; LaTeX internals redefined.
Package hyperref Info: Bookmarks ON on input line 4424.
\c@Hy@tempcnt=\count303
 (c:/texlive/2024/texmf-dist/tex/latex/url/url.sty
\Urlmuskip=\muskip18
Package: url 2013/09/16  ver 3.4  Verb mode for urls, etc.
)
LaTeX Info: Redefining \url on input line 4763.
\XeTeXLinkMargin=\dimen152
 (c:/texlive/2024/texmf-dist/tex/generic/bitset/bitset.sty
Package: bitset 2019/12/09 v1.3 Handle bit-vector datatype (HO)
 (c:/texlive/2024/texmf-dist/tex/generic/bigintcalc/bigintcalc.sty
Package: bigintcalc 2019/12/15 v1.5 Expandable calculations on big integers (HO)
))
\Fld@menulength=\count304
\Field@Width=\dimen153
\Fld@charsize=\dimen154
Package hyperref Info: Hyper figures OFF on input line 6042.
Package hyperref Info: Link nesting OFF on input line 6047.
Package hyperref Info: Hyper index ON on input line 6050.
Package hyperref Info: backreferencing OFF on input line 6057.
Package hyperref Info: Link coloring ON on input line 6060.
Package hyperref Info: Link coloring with OCG OFF on input line 6067.
Package hyperref Info: PDF/A mode OFF on input line 6072.
 (c:/texlive/2024/texmf-dist/tex/latex/base/atbegshi-ltx.sty
Package: atbegshi-ltx 2021/01/10 v1.0c Emulation of the original atbegshi
package with kernel methods
)
\Hy@abspage=\count305
\c@Item=\count306
\c@Hfootnote=\count307
)
Package hyperref Info: Driver (autodetected): hpdftex.
 (c:/texlive/2024/texmf-dist/tex/latex/hyperref/hpdftex.def
File: hpdftex.def 2024-07-10 v7.01j Hyperref driver for pdfTeX
 (c:/texlive/2024/texmf-dist/tex/latex/base/atveryend-ltx.sty
Package: atveryend-ltx 2020/08/19 v1.0a Emulation of the original atveryend package
with kernel methods
)
\Fld@listcount=\count308
\c@bookmark@seq@number=\count309
 (c:/texlive/2024/texmf-dist/tex/latex/rerunfilecheck/rerunfilecheck.sty
Package: rerunfilecheck 2022-07-10 v1.10 Rerun checks for auxiliary files (HO)
 (c:/texlive/2024/texmf-dist/tex/generic/uniquecounter/uniquecounter.sty
Package: uniquecounter 2019/12/15 v1.4 Provide unlimited unique counter (HO)
)
Package uniquecounter Info: New unique counter `rerunfilecheck' on input line 285.
)
\Hy@SectionHShift=\skip54
) (c:/texlive/2024/texmf-dist/tex/latex/breakurl/breakurl.sty
Package: breakurl 2013/04/10 v1.40 Breakable hyperref URLs
 (c:/texlive/2024/texmf-dist/tex/latex/xkeyval/xkeyval.sty
Package: xkeyval 2022/06/16 v2.9 package option processing (HA)
 (c:/texlive/2024/texmf-dist/tex/generic/xkeyval/xkeyval.tex (c:/texlive/2024/texmf-dist/tex/generic/xkeyval/xkvutils.tex
\XKV@toks=\toks23
\XKV@tempa@toks=\toks24
)
\XKV@depth=\count310
File: xkeyval.tex 2014/12/03 v2.7a key=value parser (HA)
)) (c:/texlive/2024/texmf-dist/tex/generic/iftex/ifpdf.sty
Package: ifpdf 2019/10/25 v3.4 ifpdf legacy package. Use iftex instead.
)

Package breakurl Warning: You are using breakurl while processing via pdflatex.
(breakurl)                \burl will be just a synonym of \url.
(breakurl)                 on input line 48.

) (c:/texlive/2024/texmf-dist/tex/latex/xcolor/xcolor.sty
Package: xcolor 2024/09/29 v3.02 LaTeX color extensions (UK)
 (c:/texlive/2024/texmf-dist/tex/latex/graphics-cfg/color.cfg
File: color.cfg 2016/01/02 v1.6 sample color configuration
)
Package xcolor Info: Driver file: pdftex.def on input line 274.
 (c:/texlive/2024/texmf-dist/tex/latex/graphics-def/pdftex.def
File: pdftex.def 2024/04/13 v1.2c Graphics/color driver for pdftex
) (c:/texlive/2024/texmf-dist/tex/latex/graphics/mathcolor.ltx)
Package xcolor Info: Model `cmy' substituted by `cmy0' on input line 1349.
Package xcolor Info: Model `hsb' substituted by `rgb' on input line 1353.
Package xcolor Info: Model `RGB' extended on input line 1365.
Package xcolor Info: Model `HTML' substituted by `rgb' on input line 1367.
Package xcolor Info: Model `Hsb' substituted by `hsb' on input line 1368.
Package xcolor Info: Model `tHsb' substituted by `hsb' on input line 1369.
Package xcolor Info: Model `HSB' substituted by `hsb' on input line 1370.
Package xcolor Info: Model `Gray' substituted by `gray' on input line 1371.
Package xcolor Info: Model `wave' substituted by `hsb' on input line 1372.
) (c:/texlive/2024/texmf-dist/tex/latex/natbib/natbib.sty
Package: natbib 2010/09/13 8.31b (PWD, AO)
\bibhang=\skip55
\bibsep=\skip56
LaTeX Info: Redefining \cite on input line 694.
\c@NAT@ctr=\count311
) (c:/texlive/2024/texmf-dist/tex/latex/tocbibind/tocbibind.sty
Package: tocbibind 2010/10/13 v1.5k extra ToC listings
Package tocbibind Info: The document has section divisions on input line 50.


Package tocbibind Note: Using section or other style headings.

) (c:/texlive/2024/texmf-dist/tex/latex/graphics/graphicx.sty
Package: graphicx 2021/09/16 v1.2d Enhanced LaTeX Graphics (DPC,SPQR)
 (c:/texlive/2024/texmf-dist/tex/latex/graphics/graphics.sty
Package: graphics 2024/05/23 v1.4g Standard LaTeX Graphics (DPC,SPQR)
 (c:/texlive/2024/texmf-dist/tex/latex/graphics/trig.sty
Package: trig 2023/12/02 v1.11 sin cos tan (DPC)
) (c:/texlive/2024/texmf-dist/tex/latex/graphics-cfg/graphics.cfg
File: graphics.cfg 2016/06/04 v1.11 sample graphics configuration
)
Package graphics Info: Driver file: pdftex.def on input line 106.
)
\Gin@req@height=\dimen155
\Gin@req@width=\dimen156
) (c:/texlive/2024/texmf-dist/tex/latex/tools/longtable.sty
Package: longtable 2024-04-26 v4.20 Multi-page Table package (DPC)
\LTleft=\skip57
\LTright=\skip58
\LTpre=\skip59
\LTpost=\skip60
\LTchunksize=\count312
\LTcapwidth=\dimen157
\LT@head=\box54
\LT@firsthead=\box55
\LT@foot=\box56
\LT@lastfoot=\box57
\LT@gbox=\box58
\LT@cols=\count313
\LT@rows=\count314
\c@LT@tables=\count315
\c@LT@chunks=\count316
\LT@p@ftn=\toks25
) (c:/texlive/2024/texmf-dist/tex/latex/multirow/bigstrut.sty
Package: bigstrut 2021/03/15 v2.8 Provide larger struts in tabulars
\bigstrutjot=\dimen158
) (c:/texlive/2024/texmf-dist/tex/latex/tools/enumerate.sty
Package: enumerate 2023/07/04 v3.00 enumerate extensions (DPC)
\@enLab=\toks26
) (c:/texlive/2024/texmf-dist/tex/latex/base/makeidx.sty
Package: makeidx 2021/10/04 v1.0m Standard LaTeX package
)
\@indexfile=\write3
\openout3 = `the_insane_keyboard.idx'.


Writing index file the_insane_keyboard.idx
(c:/texlive/2024/texmf-dist/tex/latex/gensymb/gensymb.sty
Package: gensymb 2022/10/17 v1.0.2 (KJH)
) (c:/texlive/2024/texmf-dist/tex/latex/psfrag/psfrag.sty
Package: psfrag 1998/04/11 v3.04 PSfrag (MCG)
\pfg@pcount=\count317
\pfg@scount=\count318
\pfg@temp=\write4
) (c:/texlive/2024/texmf-dist/tex/latex/multirow/multirow.sty
Package: multirow 2021/03/15 v2.8 Span multiple rows of a table
\multirow@colwidth=\skip61
\multirow@cntb=\count319
\multirow@dima=\skip62
)) (c:/texlive/2024/texmf-dist/tex/latex/subfigure/subfigure.sty
Package: subfigure 2002/03/15 v2.1.5 subfigure package
\subfigtopskip=\skip63
\subfigcapskip=\skip64
\subfigcaptopadj=\dimen159
\subfigbottomskip=\skip65
\subfigcapmargin=\dimen160
\subfiglabelskip=\skip66
\c@subfigure=\count320
\c@lofdepth=\count321
\c@subtable=\count322
\c@lotdepth=\count323

****************************************
* Local config file subfigure.cfg used *
****************************************
(c:/texlive/2024/texmf-dist/tex/latex/subfigure/subfigure.cfg)
\subfig@top=\skip67
\subfig@bottom=\skip68
) (./settings/page.tex (c:/texlive/2024/texmf-dist/tex/latex/geometry/geometry.sty
Package: geometry 2020/01/02 v5.9 Page Geometry
 (c:/texlive/2024/texmf-dist/tex/generic/iftex/ifvtex.sty
Package: ifvtex 2019/10/25 v1.7 ifvtex legacy package. Use iftex instead.
)
\Gm@cnth=\count324
\Gm@cntv=\count325
\c@Gm@tempcnt=\count326
\Gm@bindingoffset=\dimen161
\Gm@wd@mp=\dimen162
\Gm@odd@mp=\dimen163
\Gm@even@mp=\dimen164
\Gm@layoutwidth=\dimen165
\Gm@layoutheight=\dimen166
\Gm@layouthoffset=\dimen167
\Gm@layoutvoffset=\dimen168
\Gm@dimlist=\toks27
)) (c:/texlive/2024/texmf-dist/tex/latex/fancyhdr/fancyhdr.sty
Package: fancyhdr 2024/07/23 v4.3.1 Extensive control of page headers and footers
\f@nch@headwidth=\skip69
\f@nch@O@elh=\skip70
\f@nch@O@erh=\skip71
\f@nch@O@olh=\skip72
\f@nch@O@orh=\skip73
\f@nch@O@elf=\skip74
\f@nch@O@erf=\skip75
\f@nch@O@olf=\skip76
\f@nch@O@orf=\skip77
) (./settings/macros.tex) (c:/texlive/2024/texmf-dist/tex/latex/matlab-prettifier/matlab-prettifier.sty
Package: matlab-prettifier 2014/06/19 v0.3 A package for prettyprinting Matlab source code
 (c:/texlive/2024/texmf-dist/tex/latex/base/textcomp.sty
Package: textcomp 2024/04/24 v2.1b Standard LaTeX package
) (c:/texlive/2024/texmf-dist/tex/latex/listings/listings.sty
\lst@mode=\count327
\lst@gtempboxa=\box59
\lst@token=\toks28
\lst@length=\count328
\lst@currlwidth=\dimen169
\lst@column=\count329
\lst@pos=\count330
\lst@lostspace=\dimen170
\lst@width=\dimen171
\lst@newlines=\count331
\lst@lineno=\count332
\lst@maxwidth=\dimen172
 (c:/texlive/2024/texmf-dist/tex/latex/listings/lstpatch.sty
File: lstpatch.sty 2024/09/23 1.10c (Carsten Heinz)
) (c:/texlive/2024/texmf-dist/tex/latex/listings/lstmisc.sty
File: lstmisc.sty 2024/09/23 1.10c (Carsten Heinz)
\c@lstnumber=\count333
\lst@skipnumbers=\count334
\lst@framebox=\box60
) (c:/texlive/2024/texmf-dist/tex/latex/listings/listings.cfg
File: listings.cfg 2024/09/23 1.10c listings configuration
))
Package: listings 2024/09/23 1.10c (Carsten Heinz)
\netBracketCount@mlpr=\count335
\blkLvl@mlpr=\count336
\blkLvlAtClassdef@mlpr=\count337
\emHeight@mlpr=\skip78
\jayDepth@mlpr=\skip79
\sectionRuleOffset@mlpr=\skip80
\toks@mlpr=\toks29
) (c:/texlive/2024/texmf-dist/tex/latex/physics/physics.sty
Package: physics 
 (c:/texlive/2024/texmf-dist/tex/latex/l3packages/xparse/xparse.sty (c:/texlive/2024/texmf-dist/tex/latex/l3kernel/expl3.sty
Package: expl3 2024-09-10 L3 programming layer (loader) 
 (c:/texlive/2024/texmf-dist/tex/latex/l3backend/l3backend-pdftex.def
File: l3backend-pdftex.def 2024-05-08 L3 backend support: PDF output (pdfTeX)
\l__color_backend_stack_int=\count338
\l__pdf_internal_box=\box61
))
Package: xparse 2024-08-16 L3 Experimental document command parser
)) (c:/texlive/2024/texmf-dist/tex/latex/pdfpages/pdfpages.sty
Package: pdfpages 2024/08/20 v0.6b Insert pages of external PDF documents (AM)
 (c:/texlive/2024/texmf-dist/tex/latex/base/ifthen.sty
Package: ifthen 2024/03/16 v1.1e Standard LaTeX ifthen package (DPC)
) (c:/texlive/2024/texmf-dist/tex/latex/tools/calc.sty
Package: calc 2023/07/08 v4.3 Infix arithmetic (KKT,FJ)
\calc@Acount=\count339
\calc@Bcount=\count340
\calc@Adimen=\dimen173
\calc@Bdimen=\dimen174
\calc@Askip=\skip81
\calc@Bskip=\skip82
LaTeX Info: Redefining \setlength on input line 80.
LaTeX Info: Redefining \addtolength on input line 81.
\calc@Ccount=\count341
\calc@Cskip=\skip83
) (c:/texlive/2024/texmf-dist/tex/latex/eso-pic/eso-pic.sty
Package: eso-pic 2023/05/03 v3.0c eso-pic (RN)
\ESO@tempdima=\dimen175
\ESO@tempdimb=\dimen176
)
\AM@pagewidth=\dimen177
\AM@pageheight=\dimen178
\AM@fboxrule=\dimen179
 (c:/texlive/2024/texmf-dist/tex/latex/pdfpages/pppdftex.def
File: pppdftex.def 2024/08/20 v0.6b Pdfpages driver for pdfTeX (AM)
)
\pdfpages@includegraphics@status=\count342
\AM@pagebox=\box62
\AM@global@opts=\toks30
\AM@pagecnt=\count343
\AM@toc@title=\toks31
\AM@lof@heading=\toks32
\c@AM@survey=\count344
\AM@templatesizebox=\box63
) (c:/texlive/2024/texmf-dist/tex/latex/appendix/appendix.sty
Package: appendix 2020/02/08 v1.2c extra appendix facilities
\c@@pps=\count345
\c@@ppsavesec=\count346
\c@@ppsaveapp=\count347
) (c:/texlive/2024/texmf-dist/tex/latex/float/float.sty
Package: float 2001/11/08 v1.3d Float enhancements (AL)
\c@float@type=\count348
\float@exts=\toks33
\float@box=\box64
\@float@everytoks=\toks34
\@floatcapt=\box65
) (c:/texlive/2024/texmf-dist/tex/latex/psnfss/pifont.sty
Package: pifont 2020/03/25 PSNFSS-v9.3 Pi font support (SPQR) 
LaTeX Font Info:    Trying to load font information for U+pzd on input line 63.
 (c:/texlive/2024/texmf-dist/tex/latex/psnfss/upzd.fd
File: upzd.fd 2001/06/04 font definitions for U/pzd.
)
LaTeX Font Info:    Trying to load font information for U+psy on input line 64.
 (c:/texlive/2024/texmf-dist/tex/latex/psnfss/upsy.fd
File: upsy.fd 2001/06/04 font definitions for U/psy.
)) (c:/texlive/2024/texmf-dist/tex/latex/scalerel/scalerel.sty
Package: scalerel 2016/12/29 v1.8 Routines for constrained scaling and stretching of objects, relative to a reference object or in absolute terms
\thesrwidth=\skip84
\thesrheight=\skip85
\srblobheight=\skip86
\srblobdepth=\skip87
\mnxsrwidth=\skip88
\LMex=\skip89
\LMpt=\skip90
) (./the_insane_keyboard.aux

LaTeX Warning: Label `tab:test_points' multiply defined.

)
\openout1 = `the_insane_keyboard.aux'.

LaTeX Font Info:    Checking defaults for OML/cmm/m/it on input line 52.
LaTeX Font Info:    ... okay on input line 52.
LaTeX Font Info:    Checking defaults for OMS/cmsy/m/n on input line 52.
LaTeX Font Info:    ... okay on input line 52.
LaTeX Font Info:    Checking defaults for OT1/cmr/m/n on input line 52.
LaTeX Font Info:    ... okay on input line 52.
LaTeX Font Info:    Checking defaults for T1/cmr/m/n on input line 52.
LaTeX Font Info:    ... okay on input line 52.
LaTeX Font Info:    Checking defaults for TS1/cmr/m/n on input line 52.
LaTeX Font Info:    ... okay on input line 52.
LaTeX Font Info:    Checking defaults for OMX/cmex/m/n on input line 52.
LaTeX Font Info:    ... okay on input line 52.
LaTeX Font Info:    Checking defaults for U/cmr/m/n on input line 52.
LaTeX Font Info:    ... okay on input line 52.
LaTeX Font Info:    Checking defaults for PD1/pdf/m/n on input line 52.
LaTeX Font Info:    ... okay on input line 52.
LaTeX Font Info:    Checking defaults for PU/pdf/m/n on input line 52.
LaTeX Font Info:    ... okay on input line 52.
Package hyperref Info: Link coloring ON on input line 52.
 (./the_insane_keyboard.out) (./the_insane_keyboard.out)
\@outlinefile=\write5
\openout5 = `the_insane_keyboard.out'.

 (c:/texlive/2024/texmf-dist/tex/context/base/mkii/supp-pdf.mkii
[Loading MPS to PDF converter (version 2006.09.02).]
\scratchcounter=\count349
\scratchdimen=\dimen180
\scratchbox=\box66
\nofMPsegments=\count350
\nofMParguments=\count351
\everyMPshowfont=\toks35
\MPscratchCnt=\count352
\MPscratchDim=\dimen181
\MPnumerator=\count353
\makeMPintoPDFobject=\count354
\everyMPtoPDFconversion=\toks36
) (c:/texlive/2024/texmf-dist/tex/latex/epstopdf-pkg/epstopdf-base.sty
Package: epstopdf-base 2020-01-24 v2.11 Base part for package epstopdf
Package epstopdf-base Info: Redefining graphics rule for `.eps' on input line 485.
 (c:/texlive/2024/texmf-dist/tex/latex/latexconfig/epstopdf-sys.cfg
File: epstopdf-sys.cfg 2010/07/13 v1.3 Configuration of (r)epstopdf for TeX Live
))
\symgns@font=\mathgroup6
LaTeX Font Info:    Overwriting symbol font `gns@font' in version `bold'
(Font)                  TS1/cmr/m/n --> TS1/cmr/b/n on input line 52.
Package gensymb Info: Math companion symbols declared on input line 52.
LaTeX Info: Redefining \degree on input line 52.
LaTeX Info: Redefining \celsius on input line 52.
Package gensymb Info: Using text companion symbols for \degree, \celsius and \perthousand on input line 52.
LaTeX Info: Redefining \ohm on input line 52.
Package gensymb Info: Using \textohm for \ohm on input line 52.
Package gensymb Info: Using \textmu for \micro on input line 52.

*geometry* driver: auto-detecting
*geometry* detected driver: pdftex
*geometry* verbose mode - [ preamble ] result:
* driver: pdftex
* paper: a4paper
* layout: <same size as paper>
* layoutoffset:(h,v)=(0.0pt,0.0pt)
* modes: 
* h-part:(L,W,R)=(42.67912pt, 512.14963pt, 42.67912pt)
* v-part:(T,H,B)=(56.9055pt, 731.23584pt, 56.9055pt)
* \paperwidth=597.50787pt
* \paperheight=845.04684pt
* \textwidth=512.14963pt
* \textheight=731.23584pt
* \oddsidemargin=-29.59087pt
* \evensidemargin=-29.59087pt
* \topmargin=-52.36449pt
* \headheight=12.0pt
* \headsep=25.0pt
* \topskip=11.0pt
* \footskip=30.0pt
* \marginparwidth=50.0pt
* \marginparsep=10.0pt
* \columnsep=10.0pt
* \skip\footins=10.0pt plus 4.0pt minus 2.0pt
* \hoffset=0.0pt
* \voffset=0.0pt
* \mag=1000
* \@twocolumnfalse
* \@twosidefalse
* \@mparswitchfalse
* \@reversemarginfalse
* (1in=72.27pt=25.4mm, 1cm=28.453pt)

\c@lstlisting=\count355
(c:/texlive/2024/texmf-dist/tex/latex/pdflscape/pdflscape.sty
Package: pdflscape 2022-10-27 v0.13 Display of landscape pages in PDF
 (c:/texlive/2024/texmf-dist/tex/latex/pdflscape/pdflscape-nometadata.sty
Package: pdflscape-nometadata 2022-10-28 v0.13 Display of landscape pages in PDF (HO)
 (c:/texlive/2024/texmf-dist/tex/latex/graphics/lscape.sty
Package: lscape 2020/05/28 v3.02 Landscape Pages (DPC)
)
Package pdflscape Info: Auto-detected driver: pdftex on input line 81.
)) (./content/title_page.tex
<figures/cu.png, id=438, 562.1pt x 401.5pt>
File: figures/cu.png Graphic file (type png)
<use figures/cu.png>
Package pdftex.def Info: figures/cu.png  used on input line 10.
(pdftex.def)             Requested size: 153.64644pt x 109.74812pt.


[1
Non-PDF special ignored!
<special> header=psfrag.pro

{c:/texlive/2024/texmf-var/fonts/map/pdftex/updmap/pdftex.map} <./figures/cu.png>]) (./the_insane_keyboard.toc
LaTeX Font Info:    Trying to load font information for U+msa on input line 4.
 (c:/texlive/2024/texmf-dist/tex/latex/amsfonts/umsa.fd
File: umsa.fd 2013/01/14 v3.01 AMS symbols A
)
LaTeX Font Info:    Trying to load font information for U+msb on input line 4.
 (c:/texlive/2024/texmf-dist/tex/latex/amsfonts/umsb.fd
File: umsb.fd 2013/01/14 v3.01 AMS symbols B
)


pdfTeX warning (ext4): destination with the same identifier (name{page.1}) has been already used, duplicate ignored
<to be read again> 
                   \relax 
l.63 ...4}Self-Discharge}{25}{subsubsection.3.6.4}
                                                  % [1]

[2])
\tf@toc=\write6
\openout6 = `the_insane_keyboard.toc'.

 (./the_insane_keyboard.lof)
\tf@lof=\write7
\openout7 = `the_insane_keyboard.lof'.

 (./the_insane_keyboard.lot

[3])
\tf@lot=\write8
\openout8 = `the_insane_keyboard.lot'.



[4]

Package hyperref Warning: Token not allowed in a PDF string (Unicode):
(hyperref)                removing `\@ifnextchar' on input line 69.


Underfull \hbox (badness 10000) in paragraph at lines 73--75

 []


Underfull \hbox (badness 10000) in paragraph at lines 76--79

 []


Underfull \hbox (badness 10000) in paragraph at lines 80--82

 []


Underfull \hbox (badness 10000) in paragraph at lines 83--85

 []



[5{c:/texlive/2024/texmf-dist/fonts/enc/dvips/cm-super/cm-super-ts1.enc}]
<figures/split_keyboard.jpg, id=673, 897.3525pt x 630.355pt>
File: figures/split_keyboard.jpg Graphic file (type jpg)
<use figures/split_keyboard.jpg>
Package pdftex.def Info: figures/split_keyboard.jpg  used on input line 141.
(pdftex.def)             Requested size: 475.59456pt x 334.08655pt.
<figures/nomad.jpg, id=674, 2055.68pt x 1370.11874pt>
File: figures/nomad.jpg Graphic file (type jpg)
<use figures/nomad.jpg>
Package pdftex.def Info: figures/nomad.jpg  used on input line 148.
(pdftex.def)             Requested size: 534.4642pt x 356.22247pt.

Overfull \hbox (22.31458pt too wide) in paragraph at lines 148--149
 [][] 
 []



[6
pdfTeX warning (ext4): destination with the same identifier (name{figure.1}) has been already used, duplicate ignored
<argument> ...shipout:D \box_use:N \l_shipout_box 
                                                  \__shipout_drop_firstpage_...
l.153 
       <./figures/split_keyboard.jpg>]
<figures/concept.png, id=681, 1339.0025pt x 255.95625pt>
File: figures/concept.png Graphic file (type png)
<use figures/concept.png>
Package pdftex.def Info: figures/concept.png  used on input line 156.
(pdftex.def)             Requested size: 508.82625pt x 97.26437pt.


[7
pdfTeX warning (ext4): destination with the same identifier (name{figure.2}) has been already used, duplicate ignored
<argument> ...shipout:D \box_use:N \l_shipout_box 
                                                  \__shipout_drop_firstpage_...
l.178 \item C
             onnectivity to three host devices
pdfTeX warning (ext4): destination with the same identifier (name{figure.3}) has been already used, duplicate ignored
<argument> ...shipout:D \box_use:N \l_shipout_box 
                                                  \__shipout_drop_firstpage_...
l.178 \item C
             onnectivity to three host devices <./figures/nomad.jpg> <./figures/concept.png>]
LaTeX Font Info:    Trying to load font information for OMS+cmr on input line 255.
 (c:/texlive/2024/texmf-dist/tex/latex/base/omscmr.fd
File: omscmr.fd 2023/04/13 v2.5m Standard LaTeX font definitions
)
LaTeX Font Info:    Font shape `OMS/cmr/m/n' in size <10.95> not available
(Font)              Font shape `OMS/cmsy/m/n' tried instead on input line 255.


[8]

[9]

Package hyperref Warning: Token not allowed in a PDF string (Unicode):
(hyperref)                removing `\@ifnextchar' on input line 298.

<figures/blockdiagram.png, id=695, 1642.135pt x 1202.4925pt>
File: figures/blockdiagram.png Graphic file (type png)
<use figures/blockdiagram.png>
Package pdftex.def Info: figures/blockdiagram.png  used on input line 309.
(pdftex.def)             Requested size: 525.49394pt x 384.80547pt.

Overfull \hbox (13.34431pt too wide) in paragraph at lines 309--310
 [][] 
 []

<figures/NRO.png, id=696, 845.1575pt x 848.16875pt>
File: figures/NRO.png Graphic file (type png)
<use figures/NRO.png>
Package pdftex.def Info: figures/NRO.png  used on input line 319.
(pdftex.def)             Requested size: 507.09842pt x 508.90517pt.
<figures/nkr-EX.png, id=697, 845.1575pt x 941.5175pt>
File: figures/nkr-EX.png Graphic file (type png)
<use figures/nkr-EX.png>
Package pdftex.def Info: figures/nkr-EX.png  used on input line 324.
(pdftex.def)             Requested size: 507.09842pt x 564.91487pt.


[10
pdfTeX warning (ext4): destination with the same identifier (name{figure.4}) has been already used, duplicate ignored
<argument> ...shipout:D \box_use:N \l_shipout_box 
                                                  \__shipout_drop_firstpage_...
l.326 \end{figure}
                   <./figures/blockdiagram.png>]

[11
pdfTeX warning (ext4): destination with the same identifier (name{figure.5}) has been already used, duplicate ignored
<argument> ...shipout:D \box_use:N \l_shipout_box 
                                                  \__shipout_drop_firstpage_...
l.327 
       <./figures/NRO.png>]
<figures/NKRO.png, id=706, 833.1125pt x 836.12375pt>
File: figures/NKRO.png Graphic file (type png)
<use figures/NKRO.png>
Package pdftex.def Info: figures/NKRO.png  used on input line 331.
(pdftex.def)             Requested size: 499.87137pt x 501.67812pt.


[12
pdfTeX warning (ext4): destination with the same identifier (name{figure.6}) has been already used, duplicate ignored
<argument> ...shipout:D \box_use:N \l_shipout_box 
                                                  \__shipout_drop_firstpage_...
l.334 
       <./figures/nkr-EX.png>]
<figures/NKRO-EX.png, id=712, 833.1125pt x 923.45pt>
File: figures/NKRO-EX.png Graphic file (type png)
<use figures/NKRO-EX.png>
Package pdftex.def Info: figures/NKRO-EX.png  used on input line 337.
(pdftex.def)             Requested size: 499.87137pt x 554.07426pt.


[13
pdfTeX warning (ext4): destination with the same identifier (name{figure.7}) has been already used, duplicate ignored
<argument> ...shipout:D \box_use:N \l_shipout_box 
                                                  \__shipout_drop_firstpage_...
l.340 
       <./figures/NKRO.png>]
Underfull \hbox (badness 10000) in paragraph at lines 344--346

 []


Underfull \hbox (badness 10000) in paragraph at lines 347--349

 []


Underfull \hbox (badness 10000) in paragraph at lines 353--355

 []



[14
pdfTeX warning (ext4): destination with the same identifier (name{figure.8}) has been already used, duplicate ignored
<argument> ...shipout:D \box_use:N \l_shipout_box 
                                                  \__shipout_drop_firstpage_...
l.356 I
       f keys at 4F, 4G, and 5F are pressed simultaneously, the matrix might... <./figures/NKRO-EX.png>]
Underfull \hbox (badness 10000) in paragraph at lines 356--357

 []


Underfull \hbox (badness 10000) in paragraph at lines 360--363

 []


Underfull \hbox (badness 10000) in paragraph at lines 367--369

 []


Underfull \hbox (badness 10000) in paragraph at lines 370--372

 []


Underfull \hbox (badness 10000) in paragraph at lines 378--379

 []


Underfull \hbox (badness 10000) in paragraph at lines 382--384

 []


Underfull \hbox (badness 10000) in paragraph at lines 387--388

 []


Underfull \hbox (badness 10000) in paragraph at lines 391--392

 []


Underfull \hbox (badness 10000) in paragraph at lines 395--398

 []


Underfull \hbox (badness 10000) in paragraph at lines 401--403

 []


Underfull \hbox (badness 10000) in paragraph at lines 406--407

 []


Underfull \hbox (badness 10000) in paragraph at lines 411--413

 []


Underfull \hbox (badness 10000) in paragraph at lines 414--416

 []



[15]
<figures/software_diagram.png, id=725, 466.74374pt x 886.31125pt>
File: figures/software_diagram.png Graphic file (type png)
<use figures/software_diagram.png>
Package pdftex.def Info: figures/software_diagram.png  used on input line 437.
(pdftex.def)             Requested size: 205.36787pt x 389.97815pt.


[16
pdfTeX warning (ext4): destination with the same identifier (name{figure.9}) has been already used, duplicate ignored
<argument> ...shipout:D \box_use:N \l_shipout_box 
                                                  \__shipout_drop_firstpage_...
l.448     \item V
                 ersion Control: Our project is now on GitHub, allowing for ... <./figures/software_diagram.png>]
<figures/Timeline.png, id=734, 1570.86874pt x 425.59pt>
File: figures/Timeline.png Graphic file (type png)
<use figures/Timeline.png>
Package pdftex.def Info: figures/Timeline.png  used on input line 459.
(pdftex.def)             Requested size: 534.08832pt x 144.69867pt.

Overfull \hbox (21.93869pt too wide) in paragraph at lines 459--460
 [][] 
 []

<figures/kanban.png, id=735, 1889.0575pt x 912.40875pt>
File: figures/kanban.png Graphic file (type png)
<use figures/kanban.png>
Package pdftex.def Info: figures/kanban.png  used on input line 466.
(pdftex.def)             Requested size: 491.14337pt x 237.22067pt.


[17
pdfTeX warning (ext4): destination with the same identifier (name{figure.10}) has been already used, duplicate ignored
<argument> ...shipout:D \box_use:N \l_shipout_box 
                                                  \__shipout_drop_firstpage_...
l.479 
      
pdfTeX warning (ext4): destination with the same identifier (name{figure.11}) has been already used, duplicate ignored
<argument> ...shipout:D \box_use:N \l_shipout_box 
                                                  \__shipout_drop_firstpage_...
l.479 
       <./figures/Timeline.png> <./figures/kanban.png>]
<figures/calc.jpeg, id=746, 761.09344pt x 615.80063pt>
File: figures/calc.jpeg Graphic file (type jpg)
<use figures/calc.jpeg>
Package pdftex.def Info: figures/calc.jpeg  used on input line 493.
(pdftex.def)             Requested size: 479.49141pt x 387.95644pt.


[18
pdfTeX warning (ext4): destination with the same identifier (name{figure.12}) has been already used, duplicate ignored
<argument> ...shipout:D \box_use:N \l_shipout_box 
                                                  \__shipout_drop_firstpage_...
l.500 
       <./figures/calc.jpeg>]

Package hyperref Warning: Token not allowed in a PDF string (Unicode):
(hyperref)                removing `\@ifnextchar' on input line 501.


Overfull \hbox (6.93105pt too wide) in paragraph at lines 523--523
[]|\OT1/cmr/bx/n/10.95 Component| 
 []


Overfull \hbox (6.30658pt too wide) in paragraph at lines 523--523
[]|\OT1/cmr/bx/n/10.95 Quantity| 
 []


Overfull \hbox (5.93402pt too wide) in paragraph at lines 523--523
[]|\OT1/cmr/bx/n/10.95 Interface| 
 []


Overfull \hbox (4.00397pt too wide) in paragraph at lines 525--525
[]|\OT1/cmr/m/n/10.95 EFR32BG13| 
 []


Underfull \hbox (badness 10000) in paragraph at lines 531--531
[]|\OT1/cmr/m/n/10.95 Waveshare
 []


Underfull \hbox (badness 10000) in paragraph at lines 531--531
\OT1/cmr/m/n/10.95 E-ink
 []


Underfull \hbox (badness 10000) in paragraph at lines 540--540
[]|\OT1/cmr/m/n/10.95 Battery
 []


Underfull \hbox (badness 10000) in paragraph at lines 546--546
[]|\OT1/cmr/m/n/10.95 Schottky
 []


Underfull \hbox (badness 10000) in paragraph at lines 546--546
[]|\OT1/cmr/m/n/10.95 Power
 []


Underfull \hbox (badness 2922) in paragraph at lines 549--549
[]|\OT1/cmr/m/n/10.95 Gateron G
 []


Underfull \hbox (badness 10000) in paragraph at lines 549--549
\OT1/cmr/m/n/10.95 Black Pro
 []


Underfull \hbox (badness 10000) in paragraph at lines 552--552
[]|\OT1/cmr/m/n/10.95 Mechanical
 []


Underfull \hbox (badness 10000) in paragraph at lines 552--552
\OT1/cmr/m/n/10.95 Key
 []


Underfull \hbox (badness 10000) in paragraph at lines 558--558
[]|\OT1/cmr/m/n/10.95 Rotary
 []


Overfull \hbox (1.95085pt too wide) in paragraph at lines 561--561
\OT1/cmr/m/n/10.95 SM141K06L| 
 []


Underfull \hbox (badness 10000) in paragraph at lines 561--561
[]|\OT1/cmr/m/n/10.95 Energy
 []



[19]

[20]

[21]
Overfull \hbox (268.68474pt too wide) detected at line 686
[]
 []



[22]
Overfull \hbox (12.8291pt too wide) detected at line 736
[]
 []



[23
pdfTeX warning (ext4): destination with the same identifier (name{table.2}) has been already used, duplicate ignored
<argument> ...shipout:D \box_use:N \l_shipout_box 
                                                  \__shipout_drop_firstpage_...
l.778 \item A
             ssumed Battery Voltage: 3.7 V (typical for Li-ion)]

[24]

[25]
<figures/BlueGecko.jpg, id=852, 553.46774pt x 431.211pt>
File: figures/BlueGecko.jpg Graphic file (type jpg)
<use figures/BlueGecko.jpg>
Package pdftex.def Info: figures/BlueGecko.jpg  used on input line 927.
(pdftex.def)             Requested size: 204.85672pt x 159.60478pt.
<figures/IO expander.jpg, id=853, 466.1415pt x 352.31625pt>
File: figures/IO expander.jpg Graphic file (type jpg)
<use figures/IO expander.jpg>
Package pdftex.def Info: figures/IO expander.jpg  used on input line 928.
(pdftex.def)             Requested size: 204.85672pt x 154.83684pt.
<figures/Loadswitch.jpg, id=854, 470.35725pt x 286.671pt>
File: figures/Loadswitch.jpg Graphic file (type jpg)
<use figures/Loadswitch.jpg>
Package pdftex.def Info: figures/Loadswitch.jpg  used on input line 931.
(pdftex.def)             Requested size: 204.85672pt x 124.85397pt.
<figures/Mechanical Switch.jpg, id=855, 541.42274pt x 493.845pt>
File: figures/Mechanical Switch.jpg Graphic file (type jpg)
<use figures/Mechanical Switch.jpg>
Package pdftex.def Info: figures/Mechanical Switch.jpg  used on input line 932.
(pdftex.def)             Requested size: 204.85672pt x 186.85675pt.
<figures/PMIC.jpg, id=856, 778.107pt x 389.65575pt>
File: figures/PMIC.jpg Graphic file (type jpg)
<use figures/PMIC.jpg>
Package pdftex.def Info: figures/PMIC.jpg  used on input line 935.
(pdftex.def)             Requested size: 204.85672pt x 102.58641pt.
<figures/Temperature sensor.jpg, id=857, 516.12825pt x 280.6485pt>
File: figures/Temperature sensor.jpg Graphic file (type jpg)
<use figures/Temperature sensor.jpg>
Package pdftex.def Info: figures/Temperature sensor.jpg  used on input line 936.
(pdftex.def)             Requested size: 204.85672pt x 111.39236pt.


[26
pdfTeX warning (ext4): destination with the same identifier (name{figure.13}) has been already used, duplicate ignored
<argument> ...shipout:D \box_use:N \l_shipout_box 
                                                  \__shipout_drop_firstpage_...
l.955 \subsubsection
                    {Material} <./figures/BlueGecko.jpg> <./figures/IO expander.jpg> <./figures/Loadswitch.jpg> <./figures/Mechanical Switch.jpg> <./figures/PMIC.jpg> <./figures/Temperature sensor.jpg>]
<figures/vr.png, id=862, 383.4325pt x 166.6225pt>
File: figures/vr.png Graphic file (type png)
<use figures/vr.png>
Package pdftex.def Info: figures/vr.png  used on input line 963.
(pdftex.def)             Requested size: 230.06126pt x 99.97426pt.
<figures/kanban_2.png, id=863, 1927.2pt x 1084.05pt>
File: figures/kanban_2.png Graphic file (type png)
<use figures/kanban_2.png>
Package pdftex.def Info: figures/kanban_2.png  used on input line 978.
(pdftex.def)             Requested size: 423.98532pt x 238.49173pt.


[27
pdfTeX warning (ext4): destination with the same identifier (name{figure.14}) has been already used, duplicate ignored
<argument> ...shipout:D \box_use:N \l_shipout_box 
                                                  \__shipout_drop_firstpage_...
l.987         \item C
                     hoose appropriate decoupling capacitors
pdfTeX warning (ext4): destination with the same identifier (name{figure.15}) has been already used, duplicate ignored
<argument> ...shipout:D \box_use:N \l_shipout_box 
                                                  \__shipout_drop_firstpage_...
l.987         \item C
                     hoose appropriate decoupling capacitors <./figures/vr.png> <./figures/kanban_2.png>]
<figures/3d_print_fusion.png, id=871, 2577.63pt x 1509.64pt>
File: figures/3d_print_fusion.png Graphic file (type png)
<use figures/3d_print_fusion.png>
Package pdftex.def Info: figures/3d_print_fusion.png  used on input line 1003.
(pdftex.def)             Requested size: 438.19131pt x 256.6354pt.


[28
pdfTeX warning (ext4): destination with the same identifier (name{figure.16}) has been already used, duplicate ignored
<argument> ...shipout:D \box_use:N \l_shipout_box 
                                                  \__shipout_drop_firstpage_...
l.1008 
        <./figures/3d_print_fusion.png (PNG copy)>]

Package hyperref Warning: Token not allowed in a PDF string (Unicode):
(hyperref)                removing `\@ifnextchar' on input line 1012.



[29
pdfTeX warning (ext4): destination with the same identifier (name{table.3}) has been already used, duplicate ignored
<argument> ...shipout:D \box_use:N \l_shipout_box 
                                                  \__shipout_drop_firstpage_...
l.1093 \end{equation}
                     
pdfTeX warning (ext4): destination with the same identifier (name{table.4}) has been already used, duplicate ignored
<argument> ...shipout:D \box_use:N \l_shipout_box 
                                                  \__shipout_drop_firstpage_...
l.1093 \end{equation}
                     ]

[30]

[31
pdfTeX warning (ext4): destination with the same identifier (name{table.5}) has been already used, duplicate ignored
<argument> ...shipout:D \box_use:N \l_shipout_box 
                                                  \__shipout_drop_firstpage_...
l.1233 
       
pdfTeX warning (ext4): destination with the same identifier (name{table.6}) has been already used, duplicate ignored
<argument> ...shipout:D \box_use:N \l_shipout_box 
                                                  \__shipout_drop_firstpage_...
l.1233 
       ]

[32
pdfTeX warning (ext4): destination with the same identifier (name{table.7}) has been already used, duplicate ignored
<argument> ...shipout:D \box_use:N \l_shipout_box 
                                                  \__shipout_drop_firstpage_...
l.1268     \item T
                  est and validate circuit functionality before proceeding t...]
Underfull \hbox (badness 10000) in paragraph at lines 1291--1292

 []

<figures/update3.png, id=902, 1886.04625pt x 944.52875pt>
File: figures/update3.png Graphic file (type png)
<use figures/update3.png>
Package pdftex.def Info: figures/update3.png  used on input line 1298.
(pdftex.def)             Requested size: 512.14963pt x 256.48181pt.


[33
pdfTeX warning (ext4): destination with the same identifier (name{figure.17}) has been already used, duplicate ignored
<argument> ...shipout:D \box_use:N \l_shipout_box 
                                                  \__shipout_drop_firstpage_...
l.1305 
        <./figures/update3.png>]

Package hyperref Warning: Token not allowed in a PDF string (Unicode):
(hyperref)                removing `\@ifnextchar' on input line 1308.

<figures/serial_wire.png, id=908, 534.798pt x 201.75375pt>
File: figures/serial_wire.png Graphic file (type png)
<use figures/serial_wire.png>
Package pdftex.def Info: figures/serial_wire.png  used on input line 1323.
(pdftex.def)             Requested size: 512.14963pt x 193.22577pt.
<figures/miniSWD.png, id=909, 516.42938pt x 395.97937pt>
File: figures/miniSWD.png Graphic file (type png)
<use figures/miniSWD.png>
Package pdftex.def Info: figures/miniSWD.png  used on input line 1329.
(pdftex.def)             Requested size: 512.14963pt x 392.73376pt.


[34
pdfTeX warning (ext4): destination with the same identifier (name{figure.18}) has been already used, duplicate ignored
<argument> ...shipout:D \box_use:N \l_shipout_box 
                                                  \__shipout_drop_firstpage_...
l.1332 
        <./figures/serial_wire.png (PNG copy)>]
<figures/defaultPCefm.png, id=914, 356.83313pt x 158.84344pt>
File: figures/defaultPCefm.png Graphic file (type png)
<use figures/defaultPCefm.png>
Package pdftex.def Info: figures/defaultPCefm.png  used on input line 1335.
(pdftex.def)             Requested size: 512.14963pt x 227.9927pt.


[35
pdfTeX warning (ext4): destination with the same identifier (name{figure.19}) has been already used, duplicate ignored
<argument> ...shipout:D \box_use:N \l_shipout_box 
                                                  \__shipout_drop_firstpage_...
l.1370 \end{table}
                  
pdfTeX warning (ext4): destination with the same identifier (name{figure.20}) has been already used, duplicate ignored
<argument> ...shipout:D \box_use:N \l_shipout_box 
                                                  \__shipout_drop_firstpage_...
l.1370 \end{table}
                   <./figures/miniSWD.png> <./figures/defaultPCefm.png>]
<figures/reset_circuit.png, id=922, 635.37375pt x 245.41687pt>
File: figures/reset_circuit.png Graphic file (type png)
<use figures/reset_circuit.png>
Package pdftex.def Info: figures/reset_circuit.png  used on input line 1385.
(pdftex.def)             Requested size: 512.14963pt x 197.83914pt.


[36
pdfTeX warning (ext4): destination with the same identifier (name{table.8}) has been already used, duplicate ignored
<argument> ...shipout:D \box_use:N \l_shipout_box 
                                                  \__shipout_drop_firstpage_...
l.1403         \item I
                      nternal capacitor range: 8 - 40 pF
pdfTeX warning (ext4): destination with the same identifier (name{figure.21}) has been already used, duplicate ignored
<argument> ...shipout:D \box_use:N \l_shipout_box 
                                                  \__shipout_drop_firstpage_...
l.1403         \item I
                      nternal capacitor range: 8 - 40 pF <./figures/reset_circuit.png>]

[37]
<figures/Update_4/3d1.jpeg, id=937, 1204.5pt x 1606.0pt>
File: figures/Update_4/3d1.jpeg Graphic file (type jpg)
<use figures/Update_4/3d1.jpeg>
Package pdftex.def Info: figures/Update_4/3d1.jpeg  used on input line 1474.
(pdftex.def)             Requested size: 409.72125pt x 546.30235pt.
File: figures/Update_4/3d1.jpeg Graphic file (type jpg)
<use figures/Update_4/3d1.jpeg>
Package pdftex.def Info: figures/Update_4/3d1.jpeg  used on input line 1480.
(pdftex.def)             Requested size: 409.72125pt x 546.30235pt.


[38
pdfTeX warning (ext4): destination with the same identifier (name{figure.22}) has been already used, duplicate ignored
<argument> ...shipout:D \box_use:N \l_shipout_box 
                                                  \__shipout_drop_firstpage_...
l.1483 
        <./figures/Update_4/3d1.jpeg>]
File: figures/Update_4/3d1.jpeg Graphic file (type jpg)
<use figures/Update_4/3d1.jpeg>
Package pdftex.def Info: figures/Update_4/3d1.jpeg  used on input line 1486.
(pdftex.def)             Requested size: 409.72125pt x 546.30235pt.


[39
pdfTeX warning (ext4): destination with the same identifier (name{figure.23}) has been already used, duplicate ignored
<argument> ...shipout:D \box_use:N \l_shipout_box 
                                                  \__shipout_drop_firstpage_...
l.1489 
       ]

[40
pdfTeX warning (ext4): destination with the same identifier (name{figure.24}) has been already used, duplicate ignored
<argument> ...shipout:D \box_use:N \l_shipout_box 
                                                  \__shipout_drop_firstpage_...
l.1507     \item G
                  enerated component footprints]

[41]

Package hyperref Warning: Token not allowed in a PDF string (Unicode):
(hyperref)                removing `\@ifnextchar' on input line 1536.

<figures/Update5/3V_22uF_Vout_simulation.png, id=955, 452.892pt x 206.2104pt>
File: figures/Update5/3V_22uF_Vout_simulation.png Graphic file (type png)
<use figures/Update5/3V_22uF_Vout_simulation.png>
Package pdftex.def Info: figures/Update5/3V_22uF_Vout_simulation.png  used on input line 1571.
(pdftex.def)             Requested size: 512.14963pt x 233.19753pt.

LaTeX Warning: `!h' float specifier changed to `!ht'.

<figures/Update5/DC bias characteristics of capacitor .png, id=956, 246.1998pt x 234.1548pt>
File: figures/Update5/DC bias characteristics of capacitor .png Graphic file (type png)
<use figures/Update5/DC bias characteristics of capacitor .png>
Package pdftex.def Info: figures/Update5/DC bias characteristics of capacitor .png  used on input line 1595.
(pdftex.def)             Requested size: 512.14963pt x 487.11623pt.


[42
pdfTeX warning (ext4): destination with the same identifier (name{table.9}) has been already used, duplicate ignored
<argument> ...shipout:D \box_use:N \l_shipout_box 
                                                  \__shipout_drop_firstpage_...
l.1598 
       
pdfTeX warning (ext4): destination with the same identifier (name{table.10}) has been already used, duplicate ignored
<argument> ...shipout:D \box_use:N \l_shipout_box 
                                                  \__shipout_drop_firstpage_...
l.1598 
       
pdfTeX warning (ext4): destination with the same identifier (name{figure.25}) has been already used, duplicate ignored
<argument> ...shipout:D \box_use:N \l_shipout_box 
                                                  \__shipout_drop_firstpage_...
l.1598 
        <./figures/Update5/3V_22uF_Vout_simulation.png>]
<figures/Update5/Temperature characteristics of capacitor.png, id=963, 309.3156pt x 227.4096pt>
File: figures/Update5/Temperature characteristics of capacitor.png Graphic file (type png)
<use figures/Update5/Temperature characteristics of capacitor.png>
Package pdftex.def Info: figures/Update5/Temperature characteristics of capacitor.png  used on input line 1601.
(pdftex.def)             Requested size: 512.14963pt x 376.53519pt.


[43
pdfTeX warning (ext4): destination with the same identifier (name{table.11}) has been already used, duplicate ignored
<argument> ...shipout:D \box_use:N \l_shipout_box 
                                                  \__shipout_drop_firstpage_...
l.1604 
       
pdfTeX warning (ext4): destination with the same identifier (name{figure.26}) has been already used, duplicate ignored
<argument> ...shipout:D \box_use:N \l_shipout_box 
                                                  \__shipout_drop_firstpage_...
l.1604 
        <./figures/Update5/DC bias characteristics of capacitor .png>]
<figures/Update5/Aging characteristics of capacitor.png, id=969, 284.7438pt x 194.6472pt>
File: figures/Update5/Aging characteristics of capacitor.png Graphic file (type png)
<use figures/Update5/Aging characteristics of capacitor.png>
Package pdftex.def Info: figures/Update5/Aging characteristics of capacitor.png  used on input line 1607.
(pdftex.def)             Requested size: 512.14963pt x 350.16568pt.


[44
pdfTeX warning (ext4): destination with the same identifier (name{figure.27}) has been already used, duplicate ignored
<argument> ...shipout:D \box_use:N \l_shipout_box 
                                                  \__shipout_drop_firstpage_...
l.1610 
        <./figures/Update5/Temperature characteristics of capacitor.png>]
File: figures/serial_wire.png Graphic file (type png)
<use figures/serial_wire.png>
Package pdftex.def Info: figures/serial_wire.png  used on input line 1616.
(pdftex.def)             Requested size: 512.14963pt x 193.22577pt.


[45
pdfTeX warning (ext4): destination with the same identifier (name{figure.28}) has been already used, duplicate ignored
<argument> ...shipout:D \box_use:N \l_shipout_box 
                                                  \__shipout_drop_firstpage_...
l.1652 \end{table}
                  
pdfTeX warning (ext4): destination with the same identifier (name{figure.29}) has been already used, duplicate ignored
<argument> ...shipout:D \box_use:N \l_shipout_box 
                                                  \__shipout_drop_firstpage_...
l.1652 \end{table}
                   <./figures/Update5/Aging characteristics of capacitor.png>]
File: figures/reset_circuit.png Graphic file (type png)
<use figures/reset_circuit.png>
Package pdftex.def Info: figures/reset_circuit.png  used on input line 1667.
(pdftex.def)             Requested size: 512.14963pt x 197.83914pt.


[46
pdfTeX warning (ext4): destination with the same identifier (name{table.12}) has been already used, duplicate ignored
<argument> ...shipout:D \box_use:N \l_shipout_box 
                                                  \__shipout_drop_firstpage_...
l.1685         \item I
                      nternal capacitor range: 8 - 40 pF
pdfTeX warning (ext4): destination with the same identifier (name{figure.30}) has been already used, duplicate ignored
<argument> ...shipout:D \box_use:N \l_shipout_box 
                                                  \__shipout_drop_firstpage_...
l.1685         \item I
                      nternal capacitor range: 8 - 40 pF]

[47]
File: figures/Update_4/3d1.jpeg Graphic file (type jpg)
<use figures/Update_4/3d1.jpeg>
Package pdftex.def Info: figures/Update_4/3d1.jpeg  used on input line 1756.
(pdftex.def)             Requested size: 409.72125pt x 546.30235pt.
File: figures/Update_4/3d1.jpeg Graphic file (type jpg)
<use figures/Update_4/3d1.jpeg>
Package pdftex.def Info: figures/Update_4/3d1.jpeg  used on input line 1762.
(pdftex.def)             Requested size: 409.72125pt x 546.30235pt.


[48
pdfTeX warning (ext4): destination with the same identifier (name{figure.31}) has been already used, duplicate ignored
<argument> ...shipout:D \box_use:N \l_shipout_box 
                                                  \__shipout_drop_firstpage_...
l.1765 
       ]
File: figures/Update_4/3d1.jpeg Graphic file (type jpg)
<use figures/Update_4/3d1.jpeg>
Package pdftex.def Info: figures/Update_4/3d1.jpeg  used on input line 1768.
(pdftex.def)             Requested size: 409.72125pt x 546.30235pt.


[49
pdfTeX warning (ext4): destination with the same identifier (name{figure.32}) has been already used, duplicate ignored
<argument> ...shipout:D \box_use:N \l_shipout_box 
                                                  \__shipout_drop_firstpage_...
l.1771 
       ]

[50
pdfTeX warning (ext4): destination with the same identifier (name{figure.33}) has been already used, duplicate ignored
<argument> ...shipout:D \box_use:N \l_shipout_box 
                                                  \__shipout_drop_firstpage_...
l.1789     \item G
                  enerated component footprints]

[51] (./the_insane_keyboard.aux)
 ***********
LaTeX2e <2024-06-01> patch level 2
L3 programming layer <2024-09-10>
 ***********


LaTeX Warning: There were multiply-defined labels.

Package rerunfilecheck Info: File `the_insane_keyboard.out' has not changed.
(rerunfilecheck)             Checksum: 0DB0592696DA1182E04258B2980D5F16;18763.
 ) 
Here is how much of TeX's memory you used:
 16309 strings out of 473579
 251466 string characters out of 5732263
 681202 words of memory out of 5000000
 38639 multiletter control sequences out of 15000+600000
 566609 words of font info for 66 fonts, out of 8000000 for 9000
 1141 hyphenation exceptions out of 8191
 80i,14n,93p,531b,589s stack positions out of 10000i,1000n,20000p,200000b,200000s
<c:/texlive/2024/texmf-dist/fonts/type1/public/amsfonts/cm/cmbx10.pfb><c:/texlive/2024/texmf-dist/fonts/type1/public/amsfonts/cm/cmbx12.pfb><c:/texlive/2024/texmf-dist/fonts/type1/public/amsfonts/cm/cmbxti10.pfb><c:/texlive/2024/texmf-dist/fonts/type1/public/amsfonts/cm/cmmi10.pfb><c:/texlive/2024/texmf-dist/fonts/type1/public/amsfonts/cm/cmmi8.pfb><c:/texlive/2024/texmf-dist/fonts/type1/public/amsfonts/cm/cmr10.pfb><c:/texlive/2024/texmf-dist/fonts/type1/public/amsfonts/cm/cmr12.pfb><c:/texlive/2024/texmf-dist/fonts/type1/public/amsfonts/cm/cmr8.pfb><c:/texlive/2024/texmf-dist/fonts/type1/public/amsfonts/cm/cmsy10.pfb><c:/texlive/2024/texmf-dist/fonts/type1/public/amsfonts/cm/cmsy8.pfb><c:/texlive/2024/texmf-dist/fonts/type1/public/cm-super/sfrm1095.pfb>
Output written on the_insane_keyboard.pdf (52 pages, 5555776 bytes).
PDF statistics:
 1122 PDF objects out of 1200 (max. 8388607)
 992 compressed objects within 10 object streams
 277 named destinations out of 1000 (max. 500000)
 1025 words of extra memory for PDF output out of 10000 (max. 10000000)

