Removed Pin From Net: NetName=GND Pin=J2-
Removed Pin From Net: NetName=GND Pin=J2-
Removed Pin From Net: NetName=GND Pin=Q2-
Removed Pin From Net: NetName=GND Pin=Q2-
Removed Pin From Net: NetName=GND Pin=Q2-
Removed Pin From Net: NetName=GND Pin=Q2-
Removed Pin From Net: NetName=GND Pin=Q2-
Added Pin To Net: NetName=VSTOR Pin=C15-1
Added Pin To Net: NetName=VSTOR Pin=C16-1
Added Pin To Net: NetName=NetC17_1 Pin=C17-1
Added Pin To Net: NetName=NetC18_2 Pin=C18-2
Added Pin To Net: NetName=VOUT Pin=C19-1
Added Pin To Net: NetName=NetC23_1 Pin=C23-1
Added Pin To Net: NetName=NetBT2_P Pin=C23-2
Added Pin To Net: NetName=NetC17_1 Pin=D1-1
Added Pin To Net: NetName=NetC23_1 Pin=D1-2
Added Pin To Net: NetName=USB_D_N Pin=D2-1
Added Pin To Net: NetName=USB_VCC Pin=D2-5
Added Pin To Net: NetName=USB_D_P Pin=D2-6
Added Pin To Net: NetName=GND Pin=J2-A1_B12
Added Pin To Net: NetName=USB_VCC Pin=J2-A4_B9
Added Pin To Net: NetName=NetJ2_A5 Pin=J2-A5
Added Pin To Net: NetName=USB_D_P Pin=J2-A6
Added Pin To Net: NetName=USB_D_N Pin=J2-A7
Added Pin To Net: NetName=GND Pin=J2-B1_A12
Added Pin To Net: NetName=USB_VCC Pin=J2-B4_A9
Added Pin To Net: NetName=NetJ2_B5 Pin=J2-B5
Added Pin To Net: NetName=USB_D_P Pin=J2-B6
Added Pin To Net: NetName=USB_D_N Pin=J2-B7
Added Pin To Net: NetName=NetL7_1 Pin=L7-1
Added Pin To Net: NetName=VOUT Pin=L7-2
Added Pin To Net: NetName=NetC17_1 Pin=L8-1
Added Pin To Net: NetName=NetL8_2 Pin=L8-2
Added Pin To Net: NetName=NetLED1_A Pin=LED1-A
Added Pin To Net: NetName=NetC17_1 Pin=Q2-2
Added Pin To Net: NetName=VSTOR Pin=Q2-3
Added Pin To Net: NetName=NetC18_2 Pin=Q2-4
Added Pin To Net: NetName=VSTOR Pin=Q2-6
Added Pin To Net: NetName=NetQ2_7 Pin=Q2-7
Added Pin To Net: NetName=NetQ2_8 Pin=Q2-8
Added Pin To Net: NetName=NetQ2_10 Pin=Q2-10
Added Pin To Net: NetName=NetQ2_11 Pin=Q2-11
Added Pin To Net: NetName=NetQ2_12 Pin=Q2-12
Added Pin To Net: NetName=RADIO_PB13 Pin=Q2-13
Added Pin To Net: NetName=VOUT Pin=Q2-14
Added Pin To Net: NetName=NetL7_1 Pin=Q2-16
Added Pin To Net: NetName=VBAT Pin=Q2-18
Added Pin To Net: NetName=VSTOR Pin=Q2-19
Added Pin To Net: NetName=NetL8_2 Pin=Q2-20
Added Pin To Net: NetName=NetQ2_12 Pin=R2-1
Added Pin To Net: NetName=NetQ2_8 Pin=R2-2
Added Pin To Net: NetName=NetQ2_12 Pin=R7-2
Added Pin To Net: NetName=NetJ2_A5 Pin=R9-1
Added Pin To Net: NetName=NetJ2_B5 Pin=R10-1
Added Pin To Net: NetName=NetQ2_7 Pin=R11-1
Added Pin To Net: NetName=NetQ2_8 Pin=R11-2
Added Pin To Net: NetName=NetQ2_10 Pin=R12-1
Added Pin To Net: NetName=NetQ2_8 Pin=R12-2
Added Pin To Net: NetName=NetC17_1 Pin=R13-1
Added Pin To Net: NetName=USB_VCC Pin=R13-2
Added Pin To Net: NetName=NetQ2_11 Pin=R14-1
Added Pin To Net: NetName=NetQ2_10 Pin=R14-2
Added Pin To Net: NetName=NetQ2_7 Pin=R15-2
Added Pin To Net: NetName=NetQ2_11 Pin=R17-2
Added Pin To Net: NetName=RADIO_PB13 Pin=R18-1
Added Pin To Net: NetName=NetLED4_A Pin=R18-2
Added Pin To Net: NetName=NetC23_1 Pin=TP15-1
Added Pin To Net: NetName=USB_VCC Pin=TP16-1
Added Pin To Net: NetName=VSTOR Pin=TP17-1
Added Pin To Net: NetName=VBAT Pin=TP18-1
Added Member To Class: ClassName=U_Power Member=Component C15 CAP 4.7uF 25V 0603
Added Member To Class: ClassName=U_Power Member=Component C16 CAP 10nF 100V 0603
Added Member To Class: ClassName=U_Power Member=Component C17 CAP 4.7uF 25V 0603
Added Member To Class: ClassName=U_Power Member=Component C18 CAP 10nF 100V 0603
Added Member To Class: ClassName=U_Power Member=Component C19 22uF 10V X5R 0603
Added Member To Class: ClassName=U_Power Member=Component C23 CAP 47uF 10V 0805
Added Member To Class: ClassName=U_Power Member=Component D1 Diode Schottky
Added Member To Class: ClassName=U_Power Member=Component D2 SRV05-4-P-T7
Added Member To Class: ClassName=U_Power Member=Component J2 Female USB Type C
Added Member To Class: ClassName=U_Power Member=Component L7 IND 10uH 1111
Added Member To Class: ClassName=U_Power Member=Component L8 IND 22uH 1515
Added Member To Class: ClassName=U_Power Member=Component LED1 GRN 0603
Added Member To Class: ClassName=U_Power Member=Component Q2 BQ25570RGRR
Added Member To Class: ClassName=U_Power Member=Component R2 RES 8.2M 0603
Added Member To Class: ClassName=U_Power Member=Component R7 RES 4.75M 0603
Added Member To Class: ClassName=U_Power Member=Component R9 RES 5.1K 0603
Added Member To Class: ClassName=U_Power Member=Component R10 RES 5.1K 0603
Added Member To Class: ClassName=U_Power Member=Component R11 RES 7.32M 0603
Added Member To Class: ClassName=U_Power Member=Component R12 RES 1.24M 0603
Added Member To Class: ClassName=U_Power Member=Component R13 RES 0R 0402
Added Member To Class: ClassName=U_Power Member=Component R14 RES 6.65M 0603
Added Member To Class: ClassName=U_Power Member=Component R15 RES 5.62M 0603
Added Member To Class: ClassName=U_Power Member=Component R17 RES 4.99M 0603
Added Member To Class: ClassName=U_Power Member=Component R18 RES 100R 0603
Added Member To Class: ClassName=U_Power Member=Component TP15 Test Point
Added Member To Class: ClassName=U_Power Member=Component TP16 Test point
Added Member To Class: ClassName=U_Power Member=Component TP17 Test point
Added Member To Class: ClassName=U_Power Member=Component TP18 Test point
