Change Component Designator: Old Designator=BT? New Designator=BT3
Change Component Designator: Old Designator=LED? New Designator=LED2
Change Component Designator: Old Designator=LED? New Designator=LED3
Change Component Designator: Old Designator=MT? New Designator=MT1
Change Component Designator: Old Designator=Q? New Designator=Q3
Change Component Designator: Old Designator=Q? New Designator=Q4
Change Component Designator: Old Designator=Q? New Designator=Q3
Change Component Designator: Old Designator=Q? New Designator=Q4
Change Component Designator: Old Designator=Q? New Designator=Q5
Change Component Designator: Old Designator=Q? New Designator=Q6
Change Component Designator: Old Designator=Q? New Designator=Q7
Change Component Designator: Old Designator=R? New Designator=R27
Change Component Designator: Old Designator=R? New Designator=R28
Change Component Designator: Old Designator=R? New Designator=R29
Change Component Designator: Old Designator=R? New Designator=R30
Change Component Designator: Old Designator=R? New Designator=R31
Change Component Designator: Old Designator=R? New Designator=R32
Change Component Designator: Old Designator=R? New Designator=R33
Change Component Designator: Old Designator=TP? New Designator=TP23
Change Component Designator: Old Designator=TP? New Designator=TP24
Change Component Designator: Old Designator=TP? New Designator=TP25
Change Component Designator: Old Designator=TP? New Designator=TP26
Change Component Designator: Old Designator=TP? New Designator=TP27
Change Component Designator: Old Designator=TP? New Designator=TP28
Change Component Designator: Old Designator=TP? New Designator=TP29
Change Component Designator: Old Designator=TP? New Designator=TP30
Change Component Designator: Old Designator=TP? New Designator=TP31
Change Component Designator: Old Designator=TP? New Designator=TP32
Change Component Designator: Old Designator=TP? New Designator=TP33
Change Component Designator: Old Designator=TP? New Designator=TP34
Change Component Designator: Old Designator=TP? New Designator=TP35
Change Component Designator: Old Designator=TP? New Designator=TP36
Change Component Designator: Old Designator=TP? New Designator=TP37
Change Component Designator: Old Designator=TP? New Designator=TP38
Change Component Designator: Old Designator=TP? New Designator=TP39
Change Component Designator: Old Designator=TP? New Designator=TP40
