Change Component Designator: Old Designator=LED? New Designator=LED4
Change Component Designator: Old Designator=LED? New Designator=LED5
Change Component Designator: Old Designator=MT? New Designator=MT2
Change Component Designator: Old Designator=Q? New Designator=Q8
Change Component Designator: Old Designator=Q? New Designator=Q9
Change Component Designator: Old Designator=Q? New Designator=Q8
Change Component Designator: Old Designator=Q? New Designator=Q9
Change Component Designator: Old Designator=Q? New Designator=Q10
Change Component Designator: Old Designator=Q? New Designator=Q11
Change Component Designator: Old Designator=R? New Designator=R34
Change Component Designator: Old Designator=R? New Designator=R35
Change Component Designator: Old Designator=R? New Designator=R36
Change Component Designator: Old Designator=R? New Designator=R37
Change Component Designator: Old Designator=R? New Designator=R38
Change Component Designator: Old Designator=R? New Designator=R39
Change Component Designator: Old Designator=TP? New Designator=TP41
Change Component Designator: Old Designator=TP? New Designator=TP42
Change Component Designator: Old Designator=TP? New Designator=TP43
Change Component Designator: Old Designator=TP? New Designator=TP44
Change Component Designator: Old Designator=TP? New Designator=TP45
Change Component Designator: Old Designator=TP? New Designator=TP46
Change Component Designator: Old Designator=TP? New Designator=TP47
Change Component Designator: Old Designator=TP? New Designator=TP48
Change Component Designator: Old Designator=TP? New Designator=TP49
Change Component Designator: Old Designator=TP? New Designator=TP50
Change Component Designator: Old Designator=TP? New Designator=TP51
Change Component Designator: Old Designator=TP? New Designator=TP52
Change Component Designator: Old Designator=TP? New Designator=TP53
