Change Component Comment : Designator=R12 Old Comment=1.24MR New Comment=RES 1.24M 0603
Change Component Comment : Designator=R5 Old Comment=1R New Comment=RES 1R 0603
Change Component Comment : Designator=C8 Old Comment=1uF New Comment=CAP 1uF 10V 0603
Change Component Comment : Designator=C12 Old Comment=1uF New Comment=CAP 1uF 10V 0603
Change Component Comment : Designator=C13 Old Comment=1uF New Comment=CAP 1uF 10V 0603
Change Component Comment : Designator=C14 Old Comment=1uF New Comment=CAP 1uF 10V 0603
Change Component Comment : Designator=C26 Old Comment=1uF New Comment=CAP 1uF 10V 0603
Change Component Comment : Designator=C27 Old Comment=1uF New Comment=CAP 1uF 10V 0603
Change Component Comment : Designator=C29 Old Comment=1uF New Comment=CAP 1uF 10V 0603
Change Component Comment : Designator=C31 Old Comment=1uF New Comment=CAP 1uF 10V 0603
Change Component Comment : Designator=C32 Old Comment=1uF New Comment=CAP 1uF 10V 0603
Change Component Comment : Designator=C33 Old Comment=1uF New Comment=CAP 1uF 10V 0603
Change Component Comment : Designator=C34 Old Comment=1uF New Comment=CAP 1uF 10V 0603
Change Component Comment : Designator=C35 Old Comment=1uF New Comment=CAP 1uF 10V 0603
Change Component Comment : Designator=C36 Old Comment=1uF New Comment=CAP 1uF 10V 0603
Change Component Comment : Designator=C37 Old Comment=1uF New Comment=CAP 1uF 10V 0603
Change Component Comment : Designator=C38 Old Comment=1uF New Comment=CAP 1uF 10V 0603
Change Component Comment : Designator=C39 Old Comment=1uF New Comment=CAP 1uF 10V 0603
Change Component Comment : Designator=C40 Old Comment=1uF New Comment=CAP 1uF 10V 0603
Change Component Comment : Designator=C41 Old Comment=1uF New Comment=CAP 1uF 10V 0603
Change Component Comment : Designator=C42 Old Comment=1uF New Comment=CAP 1uF 10V 0603
Change Component Comment : Designator=C43 Old Comment=1uF New Comment=CAP 1uF 10V 0603
Change Component Comment : Designator=C44 Old Comment=1uF New Comment=CAP 1uF 10V 0603
Change Component Comment : Designator=C45 Old Comment=1uF New Comment=CAP 1uF 10V 0603
Change Component Comment : Designator=C46 Old Comment=1uF New Comment=CAP 1uF 10V 0603
Change Component Comment : Designator=C47 Old Comment=1uF New Comment=CAP 1uF 10V 0603
Change Component Comment : Designator=C48 Old Comment=1uF New Comment=CAP 1uF 10V 0603
Change Component Comment : Designator=C49 Old Comment=1uF New Comment=CAP 1uF 10V 0603
Change Component Comment : Designator=C50 Old Comment=1uF New Comment=CAP 1uF 10V 0603
Change Component Comment : Designator=C51 Old Comment=1uF New Comment=CAP 1uF 10V 0603
Change Component Comment : Designator=C52 Old Comment=1uF New Comment=CAP 1uF 10V 0603
Change Component Comment : Designator=C53 Old Comment=1uF New Comment=CAP 1uF 10V 0603
Change Component Comment : Designator=C54 Old Comment=1uF New Comment=CAP 1uF 10V 0603
Change Component Comment : Designator=C55 Old Comment=1uF New Comment=CAP 1uF 10V 0603
Change Component Comment : Designator=C56 Old Comment=1uF New Comment=CAP 1uF 10V 0603
Change Component Comment : Designator=C57 Old Comment=1uF New Comment=CAP 1uF 10V 0603
Change Component Comment : Designator=C58 Old Comment=1uF New Comment=CAP 1uF 10V 0603
Change Component Comment : Designator=C59 Old Comment=1uF New Comment=CAP 1uF 10V 0603
Change Component Comment : Designator=C60 Old Comment=1uF New Comment=CAP 1uF 10V 0603
Change Component Comment : Designator=C61 Old Comment=1uF New Comment=CAP 1uF 10V 0603
Change Component Comment : Designator=C62 Old Comment=1uF New Comment=CAP 1uF 10V 0603
Change Component Comment : Designator=C63 Old Comment=1uF New Comment=CAP 1uF 10V 0603
Change Component Comment : Designator=C64 Old Comment=1uF New Comment=CAP 1uF 10V 0603
Change Component Comment : Designator=C65 Old Comment=1uF New Comment=CAP 1uF 10V 0603
Change Component Comment : Designator=C66 Old Comment=1uF New Comment=CAP 1uF 10V 0603
Change Component Comment : Designator=C67 Old Comment=1uF New Comment=CAP 1uF 10V 0603
Change Component Comment : Designator=C68 Old Comment=1uF New Comment=CAP 1uF 10V 0603
Change Component Comment : Designator=C69 Old Comment=1uF New Comment=CAP 1uF 10V 0603
Change Component Comment : Designator=C22 Old Comment=1uF New Comment=CAP 47uF 10V 0805
Change Component Comment : Designator=C23 Old Comment=1uF New Comment=CAP 47uF 10V 0805
Change Component Comment : Designator=C24 Old Comment=1uF New Comment=CAP 47uF 10V 0805
Change Component Comment : Designator=C25 Old Comment=1uF New Comment=CAP 47uF 10V 0805
Change Component Comment : Designator=C28 Old Comment=1uF New Comment=CAP 47uF 10V 0805
Change Component Comment : Designator=C30 Old Comment=1uF New Comment=CAP 47uF 10V 0805
Change Component Comment : Designator=C70 Old Comment=1uF New Comment=CAP 47uF 10V 0805
Change Component Comment : Designator=C6 Old Comment=4.7uF New Comment=CAP 4.7uF 25V 0603
Change Component Comment : Designator=C15 Old Comment=4.7uF New Comment=CAP 4.7uF 25V 0603
Change Component Comment : Designator=C17 Old Comment=4.7uF New Comment=CAP 4.7uF 25V 0603
Change Component Comment : Designator=R7 Old Comment=4.75MR New Comment=RES 4.75M 0603
Change Component Comment : Designator=R17 Old Comment=4.99MR New Comment=RES 4.99M 0603
Change Component Comment : Designator=R9 Old Comment=5.1kR New Comment=RES 5.1K 0603
Change Component Comment : Designator=R10 Old Comment=5.1kR New Comment=RES 5.1K 0603
Change Component Comment : Designator=R15 Old Comment=5.6MR New Comment=RES 5.62M 0603
Change Component Comment : Designator=R14 Old Comment=6.65MR New Comment=RES 6.65M 0603
Change Component Comment : Designator=R11 Old Comment=7.32MR New Comment=RES 7.32M 0603
Change Component Comment : Designator=R2 Old Comment=8.2MR New Comment=RES 8.2M 0603
Change Component Comment : Designator=R16 Old Comment=10kR New Comment=RES 10K 0603
Change Component Comment : Designator=R19 Old Comment=10kR New Comment=RES 10K 0603
Change Component Comment : Designator=R20 Old Comment=10kR New Comment=RES 10K 0603
Change Component Comment : Designator=R21 Old Comment=10kR New Comment=RES 10K 0603
Change Component Comment : Designator=R22 Old Comment=10kR New Comment=RES 10K 0603
Change Component Comment : Designator=R23 Old Comment=10kR New Comment=RES 10K 0603
Change Component Comment : Designator=R24 Old Comment=10kR New Comment=RES 10K 0603
Change Component Comment : Designator=R25 Old Comment=10kR New Comment=RES 10K 0603
Change Component Comment : Designator=R26 Old Comment=10kR New Comment=RES 10K 0603
Change Component Comment : Designator=R30 Old Comment=10kR New Comment=RES 10K 0603
Change Component Comment : Designator=R31 Old Comment=10kR New Comment=RES 10K 0603
Change Component Comment : Designator=R32 Old Comment=10kR New Comment=RES 10K 0603
Change Component Comment : Designator=R33 Old Comment=10kR New Comment=RES 10K 0603
Change Component Comment : Designator=R34 Old Comment=10kR New Comment=RES 10K 0603
Change Component Comment : Designator=R35 Old Comment=10kR New Comment=RES 10K 0603
Change Component Comment : Designator=R36 Old Comment=10kR New Comment=RES 10K 0603
Change Component Comment : Designator=C20 Old Comment=10nF New Comment=CAP 0.1uF 100V 0603
Change Component Comment : Designator=C21 Old Comment=10nF New Comment=CAP 0.1uF 100V 0603
Change Component Comment : Designator=C9 Old Comment=10nF New Comment=CAP 1uF 10V 0603
Change Component Comment : Designator=C11 Old Comment=10nF New Comment=CAP 10nF 100V 0603
Change Component Comment : Designator=C16 Old Comment=10nF New Comment=CAP 10nF 100V 0603
Change Component Comment : Designator=C18 Old Comment=10nF New Comment=CAP 10nF 100V 0603
Change Component Comment : Designator=C5 Old Comment=10pF New Comment=CAP 10pF 50V 0603
Change Component Comment : Designator=C7 Old Comment=10uF New Comment=CAP 10uF 10V 0603
Change Component Comment : Designator=C10 Old Comment=10uF New Comment=CAP 10uF 10V 0603
Change Component Comment : Designator=C4 Old Comment=22nF New Comment=CAP 220nF 50V 0603
Change Component Comment : Designator=C19 Old Comment=22uF New Comment=22uF 10V X5R 0603
Change Component Comment : Designator=C2 Old Comment=100pF New Comment=CAP 100pF 100V 0603
Change Component Comment : Designator=C3 Old Comment=100pF New Comment=CAP 100pF 100V 0603
Change Component Comment : Designator=R6 Old Comment=100R New Comment=RES 100R 0603
Change Component Comment : Designator=R8 Old Comment=100R New Comment=RES 100R 0603
Change Component Comment : Designator=R18 Old Comment=100R New Comment=RES 100R 0603
Change Component Comment : Designator=R38 Old Comment=100R New Comment=RES 100R 0603
Change Component Comment : Designator=R3 Old Comment=330kR New Comment=RES 330K 0603
Change component parameters: Designator = "C9" ("C9"); Footprint = "CAPACITOR 0603"; UniqueID = "\MOICFLSZ\GGVUIEWM" ("\MOICFLSZ\GGVUIEWM")
Change component parameters (AddParameter): Name = "Capacitor Type"; Value = "Ceramic"; VariantName = "[No Variations]"
Change component parameters (AddParameter): Name = "Case/Package"; Value = "0603"; VariantName = "[No Variations]"
Change component parameters (AddParameter): Name = "Category"; Value = "Ceramic Capacitors"; VariantName = "[No Variations]"
Change component parameters (AddParameter): Name = "ComponentLink1Description"; Value = "https://psearch.en.murata.com:443/capacitor/product/GRM188R61A105KA61%23.pdf?src-supplier=IHS+Markit"; VariantName = "[No Variations]"
Change component parameters (AddParameter): Name = "ComponentLink1URL"; Value = "https://psearch.en.murata.com:443/capacitor/product/GRM188R61A105KA61%23.pdf?src-supplier=IHS+Markit"; VariantName = "[No Variations]"
Change component parameters (AddParameter): Name = "ComponentLink2Description"; Value = "https://datasheet.ciiva.com/18102/getdatasheetpartid-85467-18102910.pdf?src-supplier=Verical"; VariantName = "[No Variations]"
Change component parameters (AddParameter): Name = "ComponentLink2URL"; Value = "https://datasheet.ciiva.com/18102/getdatasheetpartid-85467-18102910.pdf?src-supplier=Verical"; VariantName = "[No Variations]"
Change component parameters (AddParameter): Name = "ComponentLink3Description"; Value = "https://datasheet.ciiva.com/19476/1857381-19476568.pdf?src-supplier=Jameco"; VariantName = "[No Variations]"
Change component parameters (AddParameter): Name = "ComponentLink3URL"; Value = "https://datasheet.ciiva.com/19476/1857381-19476568.pdf?src-supplier=Jameco"; VariantName = "[No Variations]"
Change component parameters (AddParameter): Name = "ComponentLink4Description"; Value = "https://datasheet.ciiva.com/7719/608985-7719036.pdf?src-supplier=Element14"; VariantName = "[No Variations]"
Change component parameters (AddParameter): Name = "ComponentLink4URL"; Value = "https://datasheet.ciiva.com/7719/608985-7719036.pdf?src-supplier=Element14"; VariantName = "[No Variations]"
Change component parameters (AddParameter): Name = "ComponentLink5Description"; Value = "https://datasheet.ciiva.com/22706/608985-22706782.pdf?src-supplier=Element14"; VariantName = "[No Variations]"
Change component parameters (AddParameter): Name = "ComponentLink5URL"; Value = "https://datasheet.ciiva.com/22706/608985-22706782.pdf?src-supplier=Element14"; VariantName = "[No Variations]"
Change component parameters (AddParameter): Name = "ComponentLink6Description"; Value = "https://datasheet.ciiva.com/131/partnumbering-e-01-131741.pdf?src-supplier=Digikey"; VariantName = "[No Variations]"
Change component parameters (AddParameter): Name = "ComponentLink6URL"; Value = "https://datasheet.ciiva.com/131/partnumbering-e-01-131741.pdf?src-supplier=Digikey"; VariantName = "[No Variations]"
Change component parameters (AddParameter): Name = "ComponentLink7Description"; Value = "https://datasheet.ciiva.com/131/partnumbering-e-01-131742.pdf?src-supplier=Digikey"; VariantName = "[No Variations]"
Change component parameters (AddParameter): Name = "ComponentLink7URL"; Value = "https://datasheet.ciiva.com/131/partnumbering-e-01-131742.pdf?src-supplier=Digikey"; VariantName = "[No Variations]"
Change component parameters (AddParameter): Name = "ComponentLink8Description"; Value = "https://datasheet.ciiva.com/131/partnumbering-e-01-131743.pdf?src-supplier=Digikey"; VariantName = "[No Variations]"
Change component parameters (AddParameter): Name = "ComponentLink8URL"; Value = "https://datasheet.ciiva.com/131/partnumbering-e-01-131743.pdf?src-supplier=Digikey"; VariantName = "[No Variations]"
Change component parameters (AddParameter): Name = "ComponentLink9Description"; Value = "https://datasheet.ciiva.com/16199/product-16199724.pdf?src-supplier=Future+Electronics"; VariantName = "[No Variations]"
Change component parameters (AddParameter): Name = "ComponentLink9URL"; Value = "https://datasheet.ciiva.com/16199/product-16199724.pdf?src-supplier=Future+Electronics"; VariantName = "[No Variations]"
Change component parameters (AddParameter): Name = "Dielectric Material"; Value = "Ceramic"; VariantName = "[No Variations]"
Change component parameters (AddParameter): Name = "Height"; Value = "0.8mm"; VariantName = "[No Variations]"
Change component parameters (AddParameter): Name = "JESD-609 Code"; Value = "e3"; VariantName = "[No Variations]"
Change component parameters (AddParameter): Name = "Length"; Value = "1.6mm"; VariantName = "[No Variations]"
Change component parameters (AddParameter): Name = "Manufacturer"; Value = "Murata"; VariantName = "[No Variations]"
Change component parameters (AddParameter): Name = "Manufacturer Part Number"; Value = "GRM188R61A105KA61D"; VariantName = "[No Variations]"
Change component parameters (AddParameter): Name = "Max Operating Temperature"; Value = "85°C"; VariantName = "[No Variations]"
Change component parameters (AddParameter): Name = "Min Operating Temperature"; Value = "-55°C"; VariantName = "[No Variations]"
Change component parameters (AddParameter): Name = "Mounting Technology"; Value = "Surface Mount"; VariantName = "[No Variations]"
Change component parameters (AddParameter): Name = "Multilayer"; Value = "Yes"; VariantName = "[No Variations]"
Change component parameters (AddParameter): Name = "Package Shape"; Value = "Rectangular"; VariantName = "[No Variations]"
Change component parameters (AddParameter): Name = "Package Style"; Value = "SMTMeter"; VariantName = "[No Variations]"
Change component parameters (AddParameter): Name = "Packaging"; Value = "Tape and Reel"; VariantName = "[No Variations]"
Change component parameters (AddParameter): Name = "Pins"; Value = "2"; VariantName = "[No Variations]"
Change component parameters (AddParameter): Name = "Pricing"; Value = "1=0.1, 10=0.059, 50=0.0408, 100=0.0354, 500=0.0261, 1000=0.02321 (USD)"; VariantName = "[No Variations]"
Change component parameters (AddParameter): Name = "Rated DC Voltage (URdc)"; Value = "10V"; VariantName = "[No Variations]"
Change component parameters (AddParameter): Name = "Reach SVHC Compliant"; Value = "Yes"; VariantName = "[No Variations]"
Change component parameters (AddParameter): Name = "RoHS"; Value = "Yes"; VariantName = "[No Variations]"
Change component parameters (AddParameter): Name = "RoHS Compliant"; Value = "Yes"; VariantName = "[No Variations]"
Change component parameters (AddParameter): Name = "Stock"; Value = "2506225"; VariantName = "[No Variations]"
Change component parameters (AddParameter): Name = "Supplier"; Value = "Digikey"; VariantName = "[No Variations]"
Change component parameters (AddParameter): Name = "Supplier Part Number"; Value = "490-1543-1-ND"; VariantName = "[No Variations]"
Change component parameters (AddParameter): Name = "Temperature Characteristics Code"; Value = "X5R"; VariantName = "[No Variations]"
Change component parameters (AddParameter): Name = "Terminal Finish"; Value = "Nickel"; VariantName = "[No Variations]"
Change component parameters (AddParameter): Name = "Termination"; Value = "Wraparound"; VariantName = "[No Variations]"
Change component parameters (AddParameter): Name = "Tolerance  (fill in as +-)"; Value = "10%"; VariantName = "[No Variations]"
Change component parameters (AddParameter): Name = "Tolerance (fill in as +-)"; Value = "10%"; VariantName = "[No Variations]"
Change component parameters (AddParameter): Name = "Value"; Value = "1uF"; VariantName = "[No Variations]"
Change component parameters (AddParameter): Name = "Width"; Value = "0.8mm"; VariantName = "[No Variations]"
Added Member To Class: ClassName=RADIO_PC[11..6] Member=Element[0]: RADIO_PC
