Change Component Description : Designator=LED5 Old Description=Raspberry Pi HAT _40 pin_ Wheeled Robotics Kit New Description=NeoPixel Nano 2020 RGB LEDs - 10-Pack | Adafruit Industries 4684
Change Component Description : Designator=LED6 Old Description=Raspberry Pi HAT _40 pin_ Wheeled Robotics Kit New Description=NeoPixel Nano 2020 RGB LEDs - 10-Pack | Adafruit Industries 4684
Change Component Description : Designator=LED7 Old Description=Raspberry Pi HAT _40 pin_ Wheeled Robotics Kit New Description=NeoPixel Nano 2020 RGB LEDs - 10-Pack | Adafruit Industries 4684
Change Component Description : Designator=LED8 Old Description=Raspberry Pi HAT _40 pin_ Wheeled Robotics Kit New Description=NeoPixel Nano 2020 RGB LEDs - 10-Pack | Adafruit Industries 4684
Change Component Description : Designator=LED9 Old Description=Raspberry Pi HAT _40 pin_ Wheeled Robotics Kit New Description=NeoPixel Nano 2020 RGB LEDs - 10-Pack | Adafruit Industries 4684
Change Component Description : Designator=LED10 Old Description=Raspberry Pi HAT _40 pin_ Wheeled Robotics Kit New Description=NeoPixel Nano 2020 RGB LEDs - 10-Pack | Adafruit Industries 4684
Change Component Description : Designator=LED11 Old Description=Raspberry Pi HAT _40 pin_ Wheeled Robotics Kit New Description=NeoPixel Nano 2020 RGB LEDs - 10-Pack | Adafruit Industries 4684
Change Component Description : Designator=LED12 Old Description=Raspberry Pi HAT _40 pin_ Wheeled Robotics Kit New Description=NeoPixel Nano 2020 RGB LEDs - 10-Pack | Adafruit Industries 4684
Change Component Description : Designator=LED13 Old Description=Raspberry Pi HAT _40 pin_ Wheeled Robotics Kit New Description=NeoPixel Nano 2020 RGB LEDs - 10-Pack | Adafruit Industries 4684
Change Component Description : Designator=LED14 Old Description=Raspberry Pi HAT _40 pin_ Wheeled Robotics Kit New Description=NeoPixel Nano 2020 RGB LEDs - 10-Pack | Adafruit Industries 4684
Change Component Description : Designator=LED15 Old Description=Raspberry Pi HAT _40 pin_ Wheeled Robotics Kit New Description=NeoPixel Nano 2020 RGB LEDs - 10-Pack | Adafruit Industries 4684
Change Component Description : Designator=LED16 Old Description=Raspberry Pi HAT _40 pin_ Wheeled Robotics Kit New Description=NeoPixel Nano 2020 RGB LEDs - 10-Pack | Adafruit Industries 4684
Change Component Description : Designator=LED17 Old Description=Raspberry Pi HAT _40 pin_ Wheeled Robotics Kit New Description=NeoPixel Nano 2020 RGB LEDs - 10-Pack | Adafruit Industries 4684
Change Component Description : Designator=LED18 Old Description=Raspberry Pi HAT _40 pin_ Wheeled Robotics Kit New Description=NeoPixel Nano 2020 RGB LEDs - 10-Pack | Adafruit Industries 4684
Change Component Description : Designator=LED19 Old Description=Raspberry Pi HAT _40 pin_ Wheeled Robotics Kit New Description=NeoPixel Nano 2020 RGB LEDs - 10-Pack | Adafruit Industries 4684
Change Component Description : Designator=LED20 Old Description=Raspberry Pi HAT _40 pin_ Wheeled Robotics Kit New Description=NeoPixel Nano 2020 RGB LEDs - 10-Pack | Adafruit Industries 4684
Change Component Description : Designator=LED21 Old Description=Raspberry Pi HAT _40 pin_ Wheeled Robotics Kit New Description=NeoPixel Nano 2020 RGB LEDs - 10-Pack | Adafruit Industries 4684
Change Component Description : Designator=LED22 Old Description=Raspberry Pi HAT _40 pin_ Wheeled Robotics Kit New Description=NeoPixel Nano 2020 RGB LEDs - 10-Pack | Adafruit Industries 4684
Change Component Description : Designator=LED23 Old Description=Raspberry Pi HAT _40 pin_ Wheeled Robotics Kit New Description=NeoPixel Nano 2020 RGB LEDs - 10-Pack | Adafruit Industries 4684
Change Component Description : Designator=LED24 Old Description=Raspberry Pi HAT _40 pin_ Wheeled Robotics Kit New Description=NeoPixel Nano 2020 RGB LEDs - 10-Pack | Adafruit Industries 4684
Change Component Description : Designator=LED25 Old Description=Raspberry Pi HAT _40 pin_ Wheeled Robotics Kit New Description=NeoPixel Nano 2020 RGB LEDs - 10-Pack | Adafruit Industries 4684
Change Component Description : Designator=LED26 Old Description=Raspberry Pi HAT _40 pin_ Wheeled Robotics Kit New Description=NeoPixel Nano 2020 RGB LEDs - 10-Pack | Adafruit Industries 4684
Change Component Description : Designator=LED27 Old Description=Raspberry Pi HAT _40 pin_ Wheeled Robotics Kit New Description=NeoPixel Nano 2020 RGB LEDs - 10-Pack | Adafruit Industries 4684
Change Component Description : Designator=LED28 Old Description=Raspberry Pi HAT _40 pin_ Wheeled Robotics Kit New Description=NeoPixel Nano 2020 RGB LEDs - 10-Pack | Adafruit Industries 4684
Change Component Description : Designator=LED29 Old Description=Raspberry Pi HAT _40 pin_ Wheeled Robotics Kit New Description=NeoPixel Nano 2020 RGB LEDs - 10-Pack | Adafruit Industries 4684
Change Component Description : Designator=LED30 Old Description=Raspberry Pi HAT _40 pin_ Wheeled Robotics Kit New Description=NeoPixel Nano 2020 RGB LEDs - 10-Pack | Adafruit Industries 4684
Change Component Description : Designator=LED31 Old Description=Raspberry Pi HAT _40 pin_ Wheeled Robotics Kit New Description=NeoPixel Nano 2020 RGB LEDs - 10-Pack | Adafruit Industries 4684
Change Component Description : Designator=LED32 Old Description=Raspberry Pi HAT _40 pin_ Wheeled Robotics Kit New Description=NeoPixel Nano 2020 RGB LEDs - 10-Pack | Adafruit Industries 4684
Change Component Description : Designator=LED33 Old Description=Raspberry Pi HAT _40 pin_ Wheeled Robotics Kit New Description=NeoPixel Nano 2020 RGB LEDs - 10-Pack | Adafruit Industries 4684
Change Component Description : Designator=LED34 Old Description=Raspberry Pi HAT _40 pin_ Wheeled Robotics Kit New Description=NeoPixel Nano 2020 RGB LEDs - 10-Pack | Adafruit Industries 4684
Change Component Description : Designator=LED35 Old Description=Raspberry Pi HAT _40 pin_ Wheeled Robotics Kit New Description=NeoPixel Nano 2020 RGB LEDs - 10-Pack | Adafruit Industries 4684
Change Component Description : Designator=LED36 Old Description=Raspberry Pi HAT _40 pin_ Wheeled Robotics Kit New Description=NeoPixel Nano 2020 RGB LEDs - 10-Pack | Adafruit Industries 4684
Change Component Description : Designator=LED37 Old Description=Raspberry Pi HAT _40 pin_ Wheeled Robotics Kit New Description=NeoPixel Nano 2020 RGB LEDs - 10-Pack | Adafruit Industries 4684
Change Component Description : Designator=LED38 Old Description=Raspberry Pi HAT _40 pin_ Wheeled Robotics Kit New Description=NeoPixel Nano 2020 RGB LEDs - 10-Pack | Adafruit Industries 4684
Change Component Description : Designator=LED39 Old Description=Raspberry Pi HAT _40 pin_ Wheeled Robotics Kit New Description=NeoPixel Nano 2020 RGB LEDs - 10-Pack | Adafruit Industries 4684
Change Component Description : Designator=LED40 Old Description=Raspberry Pi HAT _40 pin_ Wheeled Robotics Kit New Description=NeoPixel Nano 2020 RGB LEDs - 10-Pack | Adafruit Industries 4684
Change Component Description : Designator=LED41 Old Description=Raspberry Pi HAT _40 pin_ Wheeled Robotics Kit New Description=NeoPixel Nano 2020 RGB LEDs - 10-Pack | Adafruit Industries 4684
Change Component Description : Designator=LED Old Description=Raspberry Pi HAT _40 pin_ Wheeled Robotics Kit New Description=NeoPixel Nano 2020 RGB LEDs - 10-Pack | Adafruit Industries 4684
Change component parameters: Designator = "LED" ("LED"); Footprint = "WS2812B"; UniqueID = "\NLLPLKYO\IVHRHKCF" ("\NLLPLKYO\IVHRHKCF")
Change component parameters (AddParameter): Name = "Availability"; Value = "Unavailable"; VariantName = "[No Variations]"
Change component parameters (AddParameter): Name = "Category"; Value = "Optoelectronics"; VariantName = "[No Variations]"
Change component parameters (AddParameter): Name = "Manufacturer"; Value = "Adafruit Industries"; VariantName = "[No Variations]"
Change component parameters (AddParameter): Name = "Manufacturer Part Number"; Value = "4684"; VariantName = "[No Variations]"
Change component parameters (AddParameter): Name = "MF"; Value = "SparkFun Electronics"; VariantName = "[No Variations]"
Change component parameters (AddParameter): Name = "MP"; Value = "WS2812B"; VariantName = "[No Variations]"
Change component parameters (AddParameter): Name = "Package"; Value = "None"; VariantName = "[No Variations]"
Change component parameters (AddParameter): Name = "Price"; Value = "None"; VariantName = "[No Variations]"
Change component parameters (AddParameter): Name = "Pricing"; Value = "1=3.95 (USD)"; VariantName = "[No Variations]"
Change component parameters (AddParameter): Name = "RoHS"; Value = "No"; VariantName = "[No Variations]"
Change component parameters (AddParameter): Name = "SnapEDA_Link"; Value = "https://www.snapeda.com/parts/WS2812B/Worldsemi/view-part/1038297/?ref=snap"; VariantName = "[No Variations]"
Change component parameters (AddParameter): Name = "Stock"; Value = "145"; VariantName = "[No Variations]"
Change component parameters (AddParameter): Name = "Supplier"; Value = "Digikey"; VariantName = "[No Variations]"
Change component parameters (AddParameter): Name = "Supplier Part Number"; Value = "1528-4684-ND"; VariantName = "[No Variations]"
Change component parameters (AddParameter): Name = "Value"; Value = ""; VariantName = "[No Variations]"
Change component parameters: Designator = "LED5" ("LED5"); Footprint = "WS2812B"; UniqueID = "\NLLPLKYO\PCUPMHBT" ("\NLLPLKYO\PCUPMHBT")
Change component parameters (AddParameter): Name = "Availability"; Value = "Unavailable"; VariantName = "[No Variations]"
Change component parameters (AddParameter): Name = "Category"; Value = "Optoelectronics"; VariantName = "[No Variations]"
Change component parameters (AddParameter): Name = "Manufacturer"; Value = "Adafruit Industries"; VariantName = "[No Variations]"
Change component parameters (AddParameter): Name = "Manufacturer Part Number"; Value = "4684"; VariantName = "[No Variations]"
Change component parameters (AddParameter): Name = "MF"; Value = "SparkFun Electronics"; VariantName = "[No Variations]"
Change component parameters (AddParameter): Name = "MP"; Value = "WS2812B"; VariantName = "[No Variations]"
Change component parameters (AddParameter): Name = "Package"; Value = "None"; VariantName = "[No Variations]"
Change component parameters (AddParameter): Name = "Price"; Value = "None"; VariantName = "[No Variations]"
Change component parameters (AddParameter): Name = "Pricing"; Value = "1=3.95 (USD)"; VariantName = "[No Variations]"
Change component parameters (AddParameter): Name = "RoHS"; Value = "No"; VariantName = "[No Variations]"
Change component parameters (AddParameter): Name = "SnapEDA_Link"; Value = "https://www.snapeda.com/parts/WS2812B/Worldsemi/view-part/1038297/?ref=snap"; VariantName = "[No Variations]"
Change component parameters (AddParameter): Name = "Stock"; Value = "145"; VariantName = "[No Variations]"
Change component parameters (AddParameter): Name = "Supplier"; Value = "Digikey"; VariantName = "[No Variations]"
Change component parameters (AddParameter): Name = "Supplier Part Number"; Value = "1528-4684-ND"; VariantName = "[No Variations]"
Change component parameters (AddParameter): Name = "Value"; Value = ""; VariantName = "[No Variations]"
Change component parameters: Designator = "LED6" ("LED6"); Footprint = "WS2812B"; UniqueID = "\NLLPLKYO\OHHDCZUU" ("\NLLPLKYO\OHHDCZUU")
Change component parameters (AddParameter): Name = "Availability"; Value = "Unavailable"; VariantName = "[No Variations]"
Change component parameters (AddParameter): Name = "Category"; Value = "Optoelectronics"; VariantName = "[No Variations]"
Change component parameters (AddParameter): Name = "Manufacturer"; Value = "Adafruit Industries"; VariantName = "[No Variations]"
Change component parameters (AddParameter): Name = "Manufacturer Part Number"; Value = "4684"; VariantName = "[No Variations]"
Change component parameters (AddParameter): Name = "MF"; Value = "SparkFun Electronics"; VariantName = "[No Variations]"
Change component parameters (AddParameter): Name = "MP"; Value = "WS2812B"; VariantName = "[No Variations]"
Change component parameters (AddParameter): Name = "Package"; Value = "None"; VariantName = "[No Variations]"
Change component parameters (AddParameter): Name = "Price"; Value = "None"; VariantName = "[No Variations]"
Change component parameters (AddParameter): Name = "Pricing"; Value = "1=3.95 (USD)"; VariantName = "[No Variations]"
Change component parameters (AddParameter): Name = "RoHS"; Value = "No"; VariantName = "[No Variations]"
Change component parameters (AddParameter): Name = "SnapEDA_Link"; Value = "https://www.snapeda.com/parts/WS2812B/Worldsemi/view-part/1038297/?ref=snap"; VariantName = "[No Variations]"
Change component parameters (AddParameter): Name = "Stock"; Value = "145"; VariantName = "[No Variations]"
Change component parameters (AddParameter): Name = "Supplier"; Value = "Digikey"; VariantName = "[No Variations]"
Change component parameters (AddParameter): Name = "Supplier Part Number"; Value = "1528-4684-ND"; VariantName = "[No Variations]"
Change component parameters (AddParameter): Name = "Value"; Value = ""; VariantName = "[No Variations]"
Change component parameters: Designator = "LED7" ("LED7"); Footprint = "WS2812B"; UniqueID = "\NLLPLKYO\HQNAWWGB" ("\NLLPLKYO\HQNAWWGB")
Change component parameters (AddParameter): Name = "Availability"; Value = "Unavailable"; VariantName = "[No Variations]"
Change component parameters (AddParameter): Name = "Category"; Value = "Optoelectronics"; VariantName = "[No Variations]"
Change component parameters (AddParameter): Name = "Manufacturer"; Value = "Adafruit Industries"; VariantName = "[No Variations]"
Change component parameters (AddParameter): Name = "Manufacturer Part Number"; Value = "4684"; VariantName = "[No Variations]"
Change component parameters (AddParameter): Name = "MF"; Value = "SparkFun Electronics"; VariantName = "[No Variations]"
Change component parameters (AddParameter): Name = "MP"; Value = "WS2812B"; VariantName = "[No Variations]"
Change component parameters (AddParameter): Name = "Package"; Value = "None"; VariantName = "[No Variations]"
Change component parameters (AddParameter): Name = "Price"; Value = "None"; VariantName = "[No Variations]"
Change component parameters (AddParameter): Name = "Pricing"; Value = "1=3.95 (USD)"; VariantName = "[No Variations]"
Change component parameters (AddParameter): Name = "RoHS"; Value = "No"; VariantName = "[No Variations]"
Change component parameters (AddParameter): Name = "SnapEDA_Link"; Value = "https://www.snapeda.com/parts/WS2812B/Worldsemi/view-part/1038297/?ref=snap"; VariantName = "[No Variations]"
Change component parameters (AddParameter): Name = "Stock"; Value = "145"; VariantName = "[No Variations]"
Change component parameters (AddParameter): Name = "Supplier"; Value = "Digikey"; VariantName = "[No Variations]"
Change component parameters (AddParameter): Name = "Supplier Part Number"; Value = "1528-4684-ND"; VariantName = "[No Variations]"
Change component parameters (AddParameter): Name = "Value"; Value = ""; VariantName = "[No Variations]"
Change component parameters: Designator = "LED8" ("LED8"); Footprint = "WS2812B"; UniqueID = "\NLLPLKYO\ORPSSAJL" ("\NLLPLKYO\ORPSSAJL")
Change component parameters (AddParameter): Name = "Availability"; Value = "Unavailable"; VariantName = "[No Variations]"
Change component parameters (AddParameter): Name = "Category"; Value = "Optoelectronics"; VariantName = "[No Variations]"
Change component parameters (AddParameter): Name = "Manufacturer"; Value = "Adafruit Industries"; VariantName = "[No Variations]"
Change component parameters (AddParameter): Name = "Manufacturer Part Number"; Value = "4684"; VariantName = "[No Variations]"
Change component parameters (AddParameter): Name = "MF"; Value = "SparkFun Electronics"; VariantName = "[No Variations]"
Change component parameters (AddParameter): Name = "MP"; Value = "WS2812B"; VariantName = "[No Variations]"
Change component parameters (AddParameter): Name = "Package"; Value = "None"; VariantName = "[No Variations]"
Change component parameters (AddParameter): Name = "Price"; Value = "None"; VariantName = "[No Variations]"
Change component parameters (AddParameter): Name = "Pricing"; Value = "1=3.95 (USD)"; VariantName = "[No Variations]"
Change component parameters (AddParameter): Name = "RoHS"; Value = "No"; VariantName = "[No Variations]"
Change component parameters (AddParameter): Name = "SnapEDA_Link"; Value = "https://www.snapeda.com/parts/WS2812B/Worldsemi/view-part/1038297/?ref=snap"; VariantName = "[No Variations]"
Change component parameters (AddParameter): Name = "Stock"; Value = "145"; VariantName = "[No Variations]"
Change component parameters (AddParameter): Name = "Supplier"; Value = "Digikey"; VariantName = "[No Variations]"
Change component parameters (AddParameter): Name = "Supplier Part Number"; Value = "1528-4684-ND"; VariantName = "[No Variations]"
Change component parameters (AddParameter): Name = "Value"; Value = ""; VariantName = "[No Variations]"
Change component parameters: Designator = "LED9" ("LED9"); Footprint = "WS2812B"; UniqueID = "\NLLPLKYO\DDAIXEXD" ("\NLLPLKYO\DDAIXEXD")
Change component parameters (AddParameter): Name = "Availability"; Value = "Unavailable"; VariantName = "[No Variations]"
Change component parameters (AddParameter): Name = "Category"; Value = "Optoelectronics"; VariantName = "[No Variations]"
Change component parameters (AddParameter): Name = "Manufacturer"; Value = "Adafruit Industries"; VariantName = "[No Variations]"
Change component parameters (AddParameter): Name = "Manufacturer Part Number"; Value = "4684"; VariantName = "[No Variations]"
Change component parameters (AddParameter): Name = "MF"; Value = "SparkFun Electronics"; VariantName = "[No Variations]"
Change component parameters (AddParameter): Name = "MP"; Value = "WS2812B"; VariantName = "[No Variations]"
Change component parameters (AddParameter): Name = "Package"; Value = "None"; VariantName = "[No Variations]"
Change component parameters (AddParameter): Name = "Price"; Value = "None"; VariantName = "[No Variations]"
Change component parameters (AddParameter): Name = "Pricing"; Value = "1=3.95 (USD)"; VariantName = "[No Variations]"
Change component parameters (AddParameter): Name = "RoHS"; Value = "No"; VariantName = "[No Variations]"
Change component parameters (AddParameter): Name = "SnapEDA_Link"; Value = "https://www.snapeda.com/parts/WS2812B/Worldsemi/view-part/1038297/?ref=snap"; VariantName = "[No Variations]"
Change component parameters (AddParameter): Name = "Stock"; Value = "145"; VariantName = "[No Variations]"
Change component parameters (AddParameter): Name = "Supplier"; Value = "Digikey"; VariantName = "[No Variations]"
Change component parameters (AddParameter): Name = "Supplier Part Number"; Value = "1528-4684-ND"; VariantName = "[No Variations]"
Change component parameters (AddParameter): Name = "Value"; Value = ""; VariantName = "[No Variations]"
Change component parameters: Designator = "LED10" ("LED10"); Footprint = "WS2812B"; UniqueID = "\NLLPLKYO\AYFFMESZ" ("\NLLPLKYO\AYFFMESZ")
Change component parameters (AddParameter): Name = "Availability"; Value = "Unavailable"; VariantName = "[No Variations]"
Change component parameters (AddParameter): Name = "Category"; Value = "Optoelectronics"; VariantName = "[No Variations]"
Change component parameters (AddParameter): Name = "Manufacturer"; Value = "Adafruit Industries"; VariantName = "[No Variations]"
Change component parameters (AddParameter): Name = "Manufacturer Part Number"; Value = "4684"; VariantName = "[No Variations]"
Change component parameters (AddParameter): Name = "MF"; Value = "SparkFun Electronics"; VariantName = "[No Variations]"
Change component parameters (AddParameter): Name = "MP"; Value = "WS2812B"; VariantName = "[No Variations]"
Change component parameters (AddParameter): Name = "Package"; Value = "None"; VariantName = "[No Variations]"
Change component parameters (AddParameter): Name = "Price"; Value = "None"; VariantName = "[No Variations]"
Change component parameters (AddParameter): Name = "Pricing"; Value = "1=3.95 (USD)"; VariantName = "[No Variations]"
Change component parameters (AddParameter): Name = "RoHS"; Value = "No"; VariantName = "[No Variations]"
Change component parameters (AddParameter): Name = "SnapEDA_Link"; Value = "https://www.snapeda.com/parts/WS2812B/Worldsemi/view-part/1038297/?ref=snap"; VariantName = "[No Variations]"
Change component parameters (AddParameter): Name = "Stock"; Value = "145"; VariantName = "[No Variations]"
Change component parameters (AddParameter): Name = "Supplier"; Value = "Digikey"; VariantName = "[No Variations]"
Change component parameters (AddParameter): Name = "Supplier Part Number"; Value = "1528-4684-ND"; VariantName = "[No Variations]"
Change component parameters (AddParameter): Name = "Value"; Value = ""; VariantName = "[No Variations]"
Change component parameters: Designator = "LED11" ("LED11"); Footprint = "WS2812B"; UniqueID = "\NLLPLKYO\DSLRXCSS" ("\NLLPLKYO\DSLRXCSS")
Change component parameters (AddParameter): Name = "Availability"; Value = "Unavailable"; VariantName = "[No Variations]"
Change component parameters (AddParameter): Name = "Category"; Value = "Optoelectronics"; VariantName = "[No Variations]"
Change component parameters (AddParameter): Name = "Manufacturer"; Value = "Adafruit Industries"; VariantName = "[No Variations]"
Change component parameters (AddParameter): Name = "Manufacturer Part Number"; Value = "4684"; VariantName = "[No Variations]"
Change component parameters (AddParameter): Name = "MF"; Value = "SparkFun Electronics"; VariantName = "[No Variations]"
Change component parameters (AddParameter): Name = "MP"; Value = "WS2812B"; VariantName = "[No Variations]"
Change component parameters (AddParameter): Name = "Package"; Value = "None"; VariantName = "[No Variations]"
Change component parameters (AddParameter): Name = "Price"; Value = "None"; VariantName = "[No Variations]"
Change component parameters (AddParameter): Name = "Pricing"; Value = "1=3.95 (USD)"; VariantName = "[No Variations]"
Change component parameters (AddParameter): Name = "RoHS"; Value = "No"; VariantName = "[No Variations]"
Change component parameters (AddParameter): Name = "SnapEDA_Link"; Value = "https://www.snapeda.com/parts/WS2812B/Worldsemi/view-part/1038297/?ref=snap"; VariantName = "[No Variations]"
Change component parameters (AddParameter): Name = "Stock"; Value = "145"; VariantName = "[No Variations]"
Change component parameters (AddParameter): Name = "Supplier"; Value = "Digikey"; VariantName = "[No Variations]"
Change component parameters (AddParameter): Name = "Supplier Part Number"; Value = "1528-4684-ND"; VariantName = "[No Variations]"
Change component parameters (AddParameter): Name = "Value"; Value = ""; VariantName = "[No Variations]"
Change component parameters: Designator = "LED12" ("LED12"); Footprint = "WS2812B"; UniqueID = "\NLLPLKYO\EQUBZEOF" ("\NLLPLKYO\EQUBZEOF")
Change component parameters (AddParameter): Name = "Availability"; Value = "Unavailable"; VariantName = "[No Variations]"
Change component parameters (AddParameter): Name = "Category"; Value = "Optoelectronics"; VariantName = "[No Variations]"
Change component parameters (AddParameter): Name = "Manufacturer"; Value = "Adafruit Industries"; VariantName = "[No Variations]"
Change component parameters (AddParameter): Name = "Manufacturer Part Number"; Value = "4684"; VariantName = "[No Variations]"
Change component parameters (AddParameter): Name = "MF"; Value = "SparkFun Electronics"; VariantName = "[No Variations]"
Change component parameters (AddParameter): Name = "MP"; Value = "WS2812B"; VariantName = "[No Variations]"
Change component parameters (AddParameter): Name = "Package"; Value = "None"; VariantName = "[No Variations]"
Change component parameters (AddParameter): Name = "Price"; Value = "None"; VariantName = "[No Variations]"
Change component parameters (AddParameter): Name = "Pricing"; Value = "1=3.95 (USD)"; VariantName = "[No Variations]"
Change component parameters (AddParameter): Name = "RoHS"; Value = "No"; VariantName = "[No Variations]"
Change component parameters (AddParameter): Name = "SnapEDA_Link"; Value = "https://www.snapeda.com/parts/WS2812B/Worldsemi/view-part/1038297/?ref=snap"; VariantName = "[No Variations]"
Change component parameters (AddParameter): Name = "Stock"; Value = "145"; VariantName = "[No Variations]"
Change component parameters (AddParameter): Name = "Supplier"; Value = "Digikey"; VariantName = "[No Variations]"
Change component parameters (AddParameter): Name = "Supplier Part Number"; Value = "1528-4684-ND"; VariantName = "[No Variations]"
Change component parameters (AddParameter): Name = "Value"; Value = ""; VariantName = "[No Variations]"
Change component parameters: Designator = "LED13" ("LED13"); Footprint = "WS2812B"; UniqueID = "\NLLPLKYO\XLOUGLAX" ("\NLLPLKYO\XLOUGLAX")
Change component parameters (AddParameter): Name = "Availability"; Value = "Unavailable"; VariantName = "[No Variations]"
Change component parameters (AddParameter): Name = "Category"; Value = "Optoelectronics"; VariantName = "[No Variations]"
Change component parameters (AddParameter): Name = "Manufacturer"; Value = "Adafruit Industries"; VariantName = "[No Variations]"
Change component parameters (AddParameter): Name = "Manufacturer Part Number"; Value = "4684"; VariantName = "[No Variations]"
Change component parameters (AddParameter): Name = "MF"; Value = "SparkFun Electronics"; VariantName = "[No Variations]"
Change component parameters (AddParameter): Name = "MP"; Value = "WS2812B"; VariantName = "[No Variations]"
Change component parameters (AddParameter): Name = "Package"; Value = "None"; VariantName = "[No Variations]"
Change component parameters (AddParameter): Name = "Price"; Value = "None"; VariantName = "[No Variations]"
Change component parameters (AddParameter): Name = "Pricing"; Value = "1=3.95 (USD)"; VariantName = "[No Variations]"
Change component parameters (AddParameter): Name = "RoHS"; Value = "No"; VariantName = "[No Variations]"
Change component parameters (AddParameter): Name = "SnapEDA_Link"; Value = "https://www.snapeda.com/parts/WS2812B/Worldsemi/view-part/1038297/?ref=snap"; VariantName = "[No Variations]"
Change component parameters (AddParameter): Name = "Stock"; Value = "145"; VariantName = "[No Variations]"
Change component parameters (AddParameter): Name = "Supplier"; Value = "Digikey"; VariantName = "[No Variations]"
Change component parameters (AddParameter): Name = "Supplier Part Number"; Value = "1528-4684-ND"; VariantName = "[No Variations]"
Change component parameters (AddParameter): Name = "Value"; Value = ""; VariantName = "[No Variations]"
Change component parameters: Designator = "LED14" ("LED14"); Footprint = "WS2812B"; UniqueID = "\NLLPLKYO\VPGMEVHK" ("\NLLPLKYO\VPGMEVHK")
Change component parameters (AddParameter): Name = "Availability"; Value = "Unavailable"; VariantName = "[No Variations]"
Change component parameters (AddParameter): Name = "Category"; Value = "Optoelectronics"; VariantName = "[No Variations]"
Change component parameters (AddParameter): Name = "Manufacturer"; Value = "Adafruit Industries"; VariantName = "[No Variations]"
Change component parameters (AddParameter): Name = "Manufacturer Part Number"; Value = "4684"; VariantName = "[No Variations]"
Change component parameters (AddParameter): Name = "MF"; Value = "SparkFun Electronics"; VariantName = "[No Variations]"
Change component parameters (AddParameter): Name = "MP"; Value = "WS2812B"; VariantName = "[No Variations]"
Change component parameters (AddParameter): Name = "Package"; Value = "None"; VariantName = "[No Variations]"
Change component parameters (AddParameter): Name = "Price"; Value = "None"; VariantName = "[No Variations]"
Change component parameters (AddParameter): Name = "Pricing"; Value = "1=3.95 (USD)"; VariantName = "[No Variations]"
Change component parameters (AddParameter): Name = "RoHS"; Value = "No"; VariantName = "[No Variations]"
Change component parameters (AddParameter): Name = "SnapEDA_Link"; Value = "https://www.snapeda.com/parts/WS2812B/Worldsemi/view-part/1038297/?ref=snap"; VariantName = "[No Variations]"
Change component parameters (AddParameter): Name = "Stock"; Value = "145"; VariantName = "[No Variations]"
Change component parameters (AddParameter): Name = "Supplier"; Value = "Digikey"; VariantName = "[No Variations]"
Change component parameters (AddParameter): Name = "Supplier Part Number"; Value = "1528-4684-ND"; VariantName = "[No Variations]"
Change component parameters (AddParameter): Name = "Value"; Value = ""; VariantName = "[No Variations]"
Change component parameters: Designator = "LED15" ("LED15"); Footprint = "WS2812B"; UniqueID = "\NLLPLKYO\CKXQVRIP" ("\NLLPLKYO\CKXQVRIP")
Change component parameters (AddParameter): Name = "Availability"; Value = "Unavailable"; VariantName = "[No Variations]"
Change component parameters (AddParameter): Name = "Category"; Value = "Optoelectronics"; VariantName = "[No Variations]"
Change component parameters (AddParameter): Name = "Manufacturer"; Value = "Adafruit Industries"; VariantName = "[No Variations]"
Change component parameters (AddParameter): Name = "Manufacturer Part Number"; Value = "4684"; VariantName = "[No Variations]"
Change component parameters (AddParameter): Name = "MF"; Value = "SparkFun Electronics"; VariantName = "[No Variations]"
Change component parameters (AddParameter): Name = "MP"; Value = "WS2812B"; VariantName = "[No Variations]"
Change component parameters (AddParameter): Name = "Package"; Value = "None"; VariantName = "[No Variations]"
Change component parameters (AddParameter): Name = "Price"; Value = "None"; VariantName = "[No Variations]"
Change component parameters (AddParameter): Name = "Pricing"; Value = "1=3.95 (USD)"; VariantName = "[No Variations]"
Change component parameters (AddParameter): Name = "RoHS"; Value = "No"; VariantName = "[No Variations]"
Change component parameters (AddParameter): Name = "SnapEDA_Link"; Value = "https://www.snapeda.com/parts/WS2812B/Worldsemi/view-part/1038297/?ref=snap"; VariantName = "[No Variations]"
Change component parameters (AddParameter): Name = "Stock"; Value = "145"; VariantName = "[No Variations]"
Change component parameters (AddParameter): Name = "Supplier"; Value = "Digikey"; VariantName = "[No Variations]"
Change component parameters (AddParameter): Name = "Supplier Part Number"; Value = "1528-4684-ND"; VariantName = "[No Variations]"
Change component parameters (AddParameter): Name = "Value"; Value = ""; VariantName = "[No Variations]"
Change component parameters: Designator = "LED16" ("LED16"); Footprint = "WS2812B"; UniqueID = "\NLLPLKYO\DHOYWGHG" ("\NLLPLKYO\DHOYWGHG")
Change component parameters (AddParameter): Name = "Availability"; Value = "Unavailable"; VariantName = "[No Variations]"
Change component parameters (AddParameter): Name = "Category"; Value = "Optoelectronics"; VariantName = "[No Variations]"
Change component parameters (AddParameter): Name = "Manufacturer"; Value = "Adafruit Industries"; VariantName = "[No Variations]"
Change component parameters (AddParameter): Name = "Manufacturer Part Number"; Value = "4684"; VariantName = "[No Variations]"
Change component parameters (AddParameter): Name = "MF"; Value = "SparkFun Electronics"; VariantName = "[No Variations]"
Change component parameters (AddParameter): Name = "MP"; Value = "WS2812B"; VariantName = "[No Variations]"
Change component parameters (AddParameter): Name = "Package"; Value = "None"; VariantName = "[No Variations]"
Change component parameters (AddParameter): Name = "Price"; Value = "None"; VariantName = "[No Variations]"
Change component parameters (AddParameter): Name = "Pricing"; Value = "1=3.95 (USD)"; VariantName = "[No Variations]"
Change component parameters (AddParameter): Name = "RoHS"; Value = "No"; VariantName = "[No Variations]"
Change component parameters (AddParameter): Name = "SnapEDA_Link"; Value = "https://www.snapeda.com/parts/WS2812B/Worldsemi/view-part/1038297/?ref=snap"; VariantName = "[No Variations]"
Change component parameters (AddParameter): Name = "Stock"; Value = "145"; VariantName = "[No Variations]"
Change component parameters (AddParameter): Name = "Supplier"; Value = "Digikey"; VariantName = "[No Variations]"
Change component parameters (AddParameter): Name = "Supplier Part Number"; Value = "1528-4684-ND"; VariantName = "[No Variations]"
Change component parameters (AddParameter): Name = "Value"; Value = ""; VariantName = "[No Variations]"
Change component parameters: Designator = "LED17" ("LED17"); Footprint = "WS2812B"; UniqueID = "\NLLPLKYO\JKWHDXGS" ("\NLLPLKYO\JKWHDXGS")
Change component parameters (AddParameter): Name = "Availability"; Value = "Unavailable"; VariantName = "[No Variations]"
Change component parameters (AddParameter): Name = "Category"; Value = "Optoelectronics"; VariantName = "[No Variations]"
Change component parameters (AddParameter): Name = "Manufacturer"; Value = "Adafruit Industries"; VariantName = "[No Variations]"
Change component parameters (AddParameter): Name = "Manufacturer Part Number"; Value = "4684"; VariantName = "[No Variations]"
Change component parameters (AddParameter): Name = "MF"; Value = "SparkFun Electronics"; VariantName = "[No Variations]"
Change component parameters (AddParameter): Name = "MP"; Value = "WS2812B"; VariantName = "[No Variations]"
Change component parameters (AddParameter): Name = "Package"; Value = "None"; VariantName = "[No Variations]"
Change component parameters (AddParameter): Name = "Price"; Value = "None"; VariantName = "[No Variations]"
Change component parameters (AddParameter): Name = "Pricing"; Value = "1=3.95 (USD)"; VariantName = "[No Variations]"
Change component parameters (AddParameter): Name = "RoHS"; Value = "No"; VariantName = "[No Variations]"
Change component parameters (AddParameter): Name = "SnapEDA_Link"; Value = "https://www.snapeda.com/parts/WS2812B/Worldsemi/view-part/1038297/?ref=snap"; VariantName = "[No Variations]"
Change component parameters (AddParameter): Name = "Stock"; Value = "145"; VariantName = "[No Variations]"
Change component parameters (AddParameter): Name = "Supplier"; Value = "Digikey"; VariantName = "[No Variations]"
Change component parameters (AddParameter): Name = "Supplier Part Number"; Value = "1528-4684-ND"; VariantName = "[No Variations]"
Change component parameters (AddParameter): Name = "Value"; Value = ""; VariantName = "[No Variations]"
Change component parameters: Designator = "LED18" ("LED18"); Footprint = "WS2812B"; UniqueID = "\NLLPLKYO\RGVOEDWK" ("\NLLPLKYO\RGVOEDWK")
Change component parameters (AddParameter): Name = "Availability"; Value = "Unavailable"; VariantName = "[No Variations]"
Change component parameters (AddParameter): Name = "Category"; Value = "Optoelectronics"; VariantName = "[No Variations]"
Change component parameters (AddParameter): Name = "Manufacturer"; Value = "Adafruit Industries"; VariantName = "[No Variations]"
Change component parameters (AddParameter): Name = "Manufacturer Part Number"; Value = "4684"; VariantName = "[No Variations]"
Change component parameters (AddParameter): Name = "MF"; Value = "SparkFun Electronics"; VariantName = "[No Variations]"
Change component parameters (AddParameter): Name = "MP"; Value = "WS2812B"; VariantName = "[No Variations]"
Change component parameters (AddParameter): Name = "Package"; Value = "None"; VariantName = "[No Variations]"
Change component parameters (AddParameter): Name = "Price"; Value = "None"; VariantName = "[No Variations]"
Change component parameters (AddParameter): Name = "Pricing"; Value = "1=3.95 (USD)"; VariantName = "[No Variations]"
Change component parameters (AddParameter): Name = "RoHS"; Value = "No"; VariantName = "[No Variations]"
Change component parameters (AddParameter): Name = "SnapEDA_Link"; Value = "https://www.snapeda.com/parts/WS2812B/Worldsemi/view-part/1038297/?ref=snap"; VariantName = "[No Variations]"
Change component parameters (AddParameter): Name = "Stock"; Value = "145"; VariantName = "[No Variations]"
Change component parameters (AddParameter): Name = "Supplier"; Value = "Digikey"; VariantName = "[No Variations]"
Change component parameters (AddParameter): Name = "Supplier Part Number"; Value = "1528-4684-ND"; VariantName = "[No Variations]"
Change component parameters (AddParameter): Name = "Value"; Value = ""; VariantName = "[No Variations]"
Change component parameters: Designator = "LED19" ("LED19"); Footprint = "WS2812B"; UniqueID = "\NLLPLKYO\ZFXQIHBO" ("\NLLPLKYO\ZFXQIHBO")
Change component parameters (AddParameter): Name = "Availability"; Value = "Unavailable"; VariantName = "[No Variations]"
Change component parameters (AddParameter): Name = "Category"; Value = "Optoelectronics"; VariantName = "[No Variations]"
Change component parameters (AddParameter): Name = "Manufacturer"; Value = "Adafruit Industries"; VariantName = "[No Variations]"
Change component parameters (AddParameter): Name = "Manufacturer Part Number"; Value = "4684"; VariantName = "[No Variations]"
Change component parameters (AddParameter): Name = "MF"; Value = "SparkFun Electronics"; VariantName = "[No Variations]"
Change component parameters (AddParameter): Name = "MP"; Value = "WS2812B"; VariantName = "[No Variations]"
Change component parameters (AddParameter): Name = "Package"; Value = "None"; VariantName = "[No Variations]"
Change component parameters (AddParameter): Name = "Price"; Value = "None"; VariantName = "[No Variations]"
Change component parameters (AddParameter): Name = "Pricing"; Value = "1=3.95 (USD)"; VariantName = "[No Variations]"
Change component parameters (AddParameter): Name = "RoHS"; Value = "No"; VariantName = "[No Variations]"
Change component parameters (AddParameter): Name = "SnapEDA_Link"; Value = "https://www.snapeda.com/parts/WS2812B/Worldsemi/view-part/1038297/?ref=snap"; VariantName = "[No Variations]"
Change component parameters (AddParameter): Name = "Stock"; Value = "145"; VariantName = "[No Variations]"
Change component parameters (AddParameter): Name = "Supplier"; Value = "Digikey"; VariantName = "[No Variations]"
Change component parameters (AddParameter): Name = "Supplier Part Number"; Value = "1528-4684-ND"; VariantName = "[No Variations]"
Change component parameters (AddParameter): Name = "Value"; Value = ""; VariantName = "[No Variations]"
Change component parameters: Designator = "LED20" ("LED20"); Footprint = "WS2812B"; UniqueID = "\NLLPLKYO\WZLASGLS" ("\NLLPLKYO\WZLASGLS")
Change component parameters (AddParameter): Name = "Availability"; Value = "Unavailable"; VariantName = "[No Variations]"
Change component parameters (AddParameter): Name = "Category"; Value = "Optoelectronics"; VariantName = "[No Variations]"
Change component parameters (AddParameter): Name = "Manufacturer"; Value = "Adafruit Industries"; VariantName = "[No Variations]"
Change component parameters (AddParameter): Name = "Manufacturer Part Number"; Value = "4684"; VariantName = "[No Variations]"
Change component parameters (AddParameter): Name = "MF"; Value = "SparkFun Electronics"; VariantName = "[No Variations]"
Change component parameters (AddParameter): Name = "MP"; Value = "WS2812B"; VariantName = "[No Variations]"
Change component parameters (AddParameter): Name = "Package"; Value = "None"; VariantName = "[No Variations]"
Change component parameters (AddParameter): Name = "Price"; Value = "None"; VariantName = "[No Variations]"
Change component parameters (AddParameter): Name = "Pricing"; Value = "1=3.95 (USD)"; VariantName = "[No Variations]"
Change component parameters (AddParameter): Name = "RoHS"; Value = "No"; VariantName = "[No Variations]"
Change component parameters (AddParameter): Name = "SnapEDA_Link"; Value = "https://www.snapeda.com/parts/WS2812B/Worldsemi/view-part/1038297/?ref=snap"; VariantName = "[No Variations]"
Change component parameters (AddParameter): Name = "Stock"; Value = "145"; VariantName = "[No Variations]"
Change component parameters (AddParameter): Name = "Supplier"; Value = "Digikey"; VariantName = "[No Variations]"
Change component parameters (AddParameter): Name = "Supplier Part Number"; Value = "1528-4684-ND"; VariantName = "[No Variations]"
Change component parameters (AddParameter): Name = "Value"; Value = ""; VariantName = "[No Variations]"
Change component parameters: Designator = "LED21" ("LED21"); Footprint = "WS2812B"; UniqueID = "\NLLPLKYO\WNYDNLHK" ("\NLLPLKYO\WNYDNLHK")
Change component parameters (AddParameter): Name = "Availability"; Value = "Unavailable"; VariantName = "[No Variations]"
Change component parameters (AddParameter): Name = "Category"; Value = "Optoelectronics"; VariantName = "[No Variations]"
Change component parameters (AddParameter): Name = "Manufacturer"; Value = "Adafruit Industries"; VariantName = "[No Variations]"
Change component parameters (AddParameter): Name = "Manufacturer Part Number"; Value = "4684"; VariantName = "[No Variations]"
Change component parameters (AddParameter): Name = "MF"; Value = "SparkFun Electronics"; VariantName = "[No Variations]"
Change component parameters (AddParameter): Name = "MP"; Value = "WS2812B"; VariantName = "[No Variations]"
Change component parameters (AddParameter): Name = "Package"; Value = "None"; VariantName = "[No Variations]"
Change component parameters (AddParameter): Name = "Price"; Value = "None"; VariantName = "[No Variations]"
Change component parameters (AddParameter): Name = "Pricing"; Value = "1=3.95 (USD)"; VariantName = "[No Variations]"
Change component parameters (AddParameter): Name = "RoHS"; Value = "No"; VariantName = "[No Variations]"
Change component parameters (AddParameter): Name = "SnapEDA_Link"; Value = "https://www.snapeda.com/parts/WS2812B/Worldsemi/view-part/1038297/?ref=snap"; VariantName = "[No Variations]"
Change component parameters (AddParameter): Name = "Stock"; Value = "145"; VariantName = "[No Variations]"
Change component parameters (AddParameter): Name = "Supplier"; Value = "Digikey"; VariantName = "[No Variations]"
Change component parameters (AddParameter): Name = "Supplier Part Number"; Value = "1528-4684-ND"; VariantName = "[No Variations]"
Change component parameters (AddParameter): Name = "Value"; Value = ""; VariantName = "[No Variations]"
Change component parameters: Designator = "LED22" ("LED22"); Footprint = "WS2812B"; UniqueID = "\NLLPLKYO\SHTPTYQK" ("\NLLPLKYO\SHTPTYQK")
Change component parameters (AddParameter): Name = "Availability"; Value = "Unavailable"; VariantName = "[No Variations]"
Change component parameters (AddParameter): Name = "Category"; Value = "Optoelectronics"; VariantName = "[No Variations]"
Change component parameters (AddParameter): Name = "Manufacturer"; Value = "Adafruit Industries"; VariantName = "[No Variations]"
Change component parameters (AddParameter): Name = "Manufacturer Part Number"; Value = "4684"; VariantName = "[No Variations]"
Change component parameters (AddParameter): Name = "MF"; Value = "SparkFun Electronics"; VariantName = "[No Variations]"
Change component parameters (AddParameter): Name = "MP"; Value = "WS2812B"; VariantName = "[No Variations]"
Change component parameters (AddParameter): Name = "Package"; Value = "None"; VariantName = "[No Variations]"
Change component parameters (AddParameter): Name = "Price"; Value = "None"; VariantName = "[No Variations]"
Change component parameters (AddParameter): Name = "Pricing"; Value = "1=3.95 (USD)"; VariantName = "[No Variations]"
Change component parameters (AddParameter): Name = "RoHS"; Value = "No"; VariantName = "[No Variations]"
Change component parameters (AddParameter): Name = "SnapEDA_Link"; Value = "https://www.snapeda.com/parts/WS2812B/Worldsemi/view-part/1038297/?ref=snap"; VariantName = "[No Variations]"
Change component parameters (AddParameter): Name = "Stock"; Value = "145"; VariantName = "[No Variations]"
Change component parameters (AddParameter): Name = "Supplier"; Value = "Digikey"; VariantName = "[No Variations]"
Change component parameters (AddParameter): Name = "Supplier Part Number"; Value = "1528-4684-ND"; VariantName = "[No Variations]"
Change component parameters (AddParameter): Name = "Value"; Value = ""; VariantName = "[No Variations]"
Change component parameters: Designator = "LED23" ("LED23"); Footprint = "WS2812B"; UniqueID = "\NLLPLKYO\XKIDBNBW" ("\NLLPLKYO\XKIDBNBW")
Change component parameters (AddParameter): Name = "Availability"; Value = "Unavailable"; VariantName = "[No Variations]"
Change component parameters (AddParameter): Name = "Category"; Value = "Optoelectronics"; VariantName = "[No Variations]"
Change component parameters (AddParameter): Name = "Manufacturer"; Value = "Adafruit Industries"; VariantName = "[No Variations]"
Change component parameters (AddParameter): Name = "Manufacturer Part Number"; Value = "4684"; VariantName = "[No Variations]"
Change component parameters (AddParameter): Name = "MF"; Value = "SparkFun Electronics"; VariantName = "[No Variations]"
Change component parameters (AddParameter): Name = "MP"; Value = "WS2812B"; VariantName = "[No Variations]"
Change component parameters (AddParameter): Name = "Package"; Value = "None"; VariantName = "[No Variations]"
Change component parameters (AddParameter): Name = "Price"; Value = "None"; VariantName = "[No Variations]"
Change component parameters (AddParameter): Name = "Pricing"; Value = "1=3.95 (USD)"; VariantName = "[No Variations]"
Change component parameters (AddParameter): Name = "RoHS"; Value = "No"; VariantName = "[No Variations]"
Change component parameters (AddParameter): Name = "SnapEDA_Link"; Value = "https://www.snapeda.com/parts/WS2812B/Worldsemi/view-part/1038297/?ref=snap"; VariantName = "[No Variations]"
Change component parameters (AddParameter): Name = "Stock"; Value = "145"; VariantName = "[No Variations]"
Change component parameters (AddParameter): Name = "Supplier"; Value = "Digikey"; VariantName = "[No Variations]"
Change component parameters (AddParameter): Name = "Supplier Part Number"; Value = "1528-4684-ND"; VariantName = "[No Variations]"
Change component parameters (AddParameter): Name = "Value"; Value = ""; VariantName = "[No Variations]"
Change component parameters: Designator = "LED24" ("LED24"); Footprint = "WS2812B"; UniqueID = "\NLLPLKYO\FZJXIZAB" ("\NLLPLKYO\FZJXIZAB")
Change component parameters (AddParameter): Name = "Availability"; Value = "Unavailable"; VariantName = "[No Variations]"
Change component parameters (AddParameter): Name = "Category"; Value = "Optoelectronics"; VariantName = "[No Variations]"
Change component parameters (AddParameter): Name = "Manufacturer"; Value = "Adafruit Industries"; VariantName = "[No Variations]"
Change component parameters (AddParameter): Name = "Manufacturer Part Number"; Value = "4684"; VariantName = "[No Variations]"
Change component parameters (AddParameter): Name = "MF"; Value = "SparkFun Electronics"; VariantName = "[No Variations]"
Change component parameters (AddParameter): Name = "MP"; Value = "WS2812B"; VariantName = "[No Variations]"
Change component parameters (AddParameter): Name = "Package"; Value = "None"; VariantName = "[No Variations]"
Change component parameters (AddParameter): Name = "Price"; Value = "None"; VariantName = "[No Variations]"
Change component parameters (AddParameter): Name = "Pricing"; Value = "1=3.95 (USD)"; VariantName = "[No Variations]"
Change component parameters (AddParameter): Name = "RoHS"; Value = "No"; VariantName = "[No Variations]"
Change component parameters (AddParameter): Name = "SnapEDA_Link"; Value = "https://www.snapeda.com/parts/WS2812B/Worldsemi/view-part/1038297/?ref=snap"; VariantName = "[No Variations]"
Change component parameters (AddParameter): Name = "Stock"; Value = "145"; VariantName = "[No Variations]"
Change component parameters (AddParameter): Name = "Supplier"; Value = "Digikey"; VariantName = "[No Variations]"
Change component parameters (AddParameter): Name = "Supplier Part Number"; Value = "1528-4684-ND"; VariantName = "[No Variations]"
Change component parameters (AddParameter): Name = "Value"; Value = ""; VariantName = "[No Variations]"
Change component parameters: Designator = "LED25" ("LED25"); Footprint = "WS2812B"; UniqueID = "\NLLPLKYO\APAVDSBI" ("\NLLPLKYO\APAVDSBI")
Change component parameters (AddParameter): Name = "Availability"; Value = "Unavailable"; VariantName = "[No Variations]"
Change component parameters (AddParameter): Name = "Category"; Value = "Optoelectronics"; VariantName = "[No Variations]"
Change component parameters (AddParameter): Name = "Manufacturer"; Value = "Adafruit Industries"; VariantName = "[No Variations]"
Change component parameters (AddParameter): Name = "Manufacturer Part Number"; Value = "4684"; VariantName = "[No Variations]"
Change component parameters (AddParameter): Name = "MF"; Value = "SparkFun Electronics"; VariantName = "[No Variations]"
Change component parameters (AddParameter): Name = "MP"; Value = "WS2812B"; VariantName = "[No Variations]"
Change component parameters (AddParameter): Name = "Package"; Value = "None"; VariantName = "[No Variations]"
Change component parameters (AddParameter): Name = "Price"; Value = "None"; VariantName = "[No Variations]"
Change component parameters (AddParameter): Name = "Pricing"; Value = "1=3.95 (USD)"; VariantName = "[No Variations]"
Change component parameters (AddParameter): Name = "RoHS"; Value = "No"; VariantName = "[No Variations]"
Change component parameters (AddParameter): Name = "SnapEDA_Link"; Value = "https://www.snapeda.com/parts/WS2812B/Worldsemi/view-part/1038297/?ref=snap"; VariantName = "[No Variations]"
Change component parameters (AddParameter): Name = "Stock"; Value = "145"; VariantName = "[No Variations]"
Change component parameters (AddParameter): Name = "Supplier"; Value = "Digikey"; VariantName = "[No Variations]"
Change component parameters (AddParameter): Name = "Supplier Part Number"; Value = "1528-4684-ND"; VariantName = "[No Variations]"
Change component parameters (AddParameter): Name = "Value"; Value = ""; VariantName = "[No Variations]"
Change component parameters: Designator = "LED26" ("LED26"); Footprint = "WS2812B"; UniqueID = "\NLLPLKYO\JLAHFKZV" ("\NLLPLKYO\JLAHFKZV")
Change component parameters (AddParameter): Name = "Availability"; Value = "Unavailable"; VariantName = "[No Variations]"
Change component parameters (AddParameter): Name = "Category"; Value = "Optoelectronics"; VariantName = "[No Variations]"
Change component parameters (AddParameter): Name = "Manufacturer"; Value = "Adafruit Industries"; VariantName = "[No Variations]"
Change component parameters (AddParameter): Name = "Manufacturer Part Number"; Value = "4684"; VariantName = "[No Variations]"
Change component parameters (AddParameter): Name = "MF"; Value = "SparkFun Electronics"; VariantName = "[No Variations]"
Change component parameters (AddParameter): Name = "MP"; Value = "WS2812B"; VariantName = "[No Variations]"
Change component parameters (AddParameter): Name = "Package"; Value = "None"; VariantName = "[No Variations]"
Change component parameters (AddParameter): Name = "Price"; Value = "None"; VariantName = "[No Variations]"
Change component parameters (AddParameter): Name = "Pricing"; Value = "1=3.95 (USD)"; VariantName = "[No Variations]"
Change component parameters (AddParameter): Name = "RoHS"; Value = "No"; VariantName = "[No Variations]"
Change component parameters (AddParameter): Name = "SnapEDA_Link"; Value = "https://www.snapeda.com/parts/WS2812B/Worldsemi/view-part/1038297/?ref=snap"; VariantName = "[No Variations]"
Change component parameters (AddParameter): Name = "Stock"; Value = "145"; VariantName = "[No Variations]"
Change component parameters (AddParameter): Name = "Supplier"; Value = "Digikey"; VariantName = "[No Variations]"
Change component parameters (AddParameter): Name = "Supplier Part Number"; Value = "1528-4684-ND"; VariantName = "[No Variations]"
Change component parameters (AddParameter): Name = "Value"; Value = ""; VariantName = "[No Variations]"
Change component parameters: Designator = "LED27" ("LED27"); Footprint = "WS2812B"; UniqueID = "\NLLPLKYO\GJHEULVT" ("\NLLPLKYO\GJHEULVT")
Change component parameters (AddParameter): Name = "Availability"; Value = "Unavailable"; VariantName = "[No Variations]"
Change component parameters (AddParameter): Name = "Category"; Value = "Optoelectronics"; VariantName = "[No Variations]"
Change component parameters (AddParameter): Name = "Manufacturer"; Value = "Adafruit Industries"; VariantName = "[No Variations]"
Change component parameters (AddParameter): Name = "Manufacturer Part Number"; Value = "4684"; VariantName = "[No Variations]"
Change component parameters (AddParameter): Name = "MF"; Value = "SparkFun Electronics"; VariantName = "[No Variations]"
Change component parameters (AddParameter): Name = "MP"; Value = "WS2812B"; VariantName = "[No Variations]"
Change component parameters (AddParameter): Name = "Package"; Value = "None"; VariantName = "[No Variations]"
Change component parameters (AddParameter): Name = "Price"; Value = "None"; VariantName = "[No Variations]"
Change component parameters (AddParameter): Name = "Pricing"; Value = "1=3.95 (USD)"; VariantName = "[No Variations]"
Change component parameters (AddParameter): Name = "RoHS"; Value = "No"; VariantName = "[No Variations]"
Change component parameters (AddParameter): Name = "SnapEDA_Link"; Value = "https://www.snapeda.com/parts/WS2812B/Worldsemi/view-part/1038297/?ref=snap"; VariantName = "[No Variations]"
Change component parameters (AddParameter): Name = "Stock"; Value = "145"; VariantName = "[No Variations]"
Change component parameters (AddParameter): Name = "Supplier"; Value = "Digikey"; VariantName = "[No Variations]"
Change component parameters (AddParameter): Name = "Supplier Part Number"; Value = "1528-4684-ND"; VariantName = "[No Variations]"
Change component parameters (AddParameter): Name = "Value"; Value = ""; VariantName = "[No Variations]"
Change component parameters: Designator = "LED28" ("LED28"); Footprint = "WS2812B"; UniqueID = "\NLLPLKYO\KCAPOEHN" ("\NLLPLKYO\KCAPOEHN")
Change component parameters (AddParameter): Name = "Availability"; Value = "Unavailable"; VariantName = "[No Variations]"
Change component parameters (AddParameter): Name = "Category"; Value = "Optoelectronics"; VariantName = "[No Variations]"
Change component parameters (AddParameter): Name = "Manufacturer"; Value = "Adafruit Industries"; VariantName = "[No Variations]"
Change component parameters (AddParameter): Name = "Manufacturer Part Number"; Value = "4684"; VariantName = "[No Variations]"
Change component parameters (AddParameter): Name = "MF"; Value = "SparkFun Electronics"; VariantName = "[No Variations]"
Change component parameters (AddParameter): Name = "MP"; Value = "WS2812B"; VariantName = "[No Variations]"
Change component parameters (AddParameter): Name = "Package"; Value = "None"; VariantName = "[No Variations]"
Change component parameters (AddParameter): Name = "Price"; Value = "None"; VariantName = "[No Variations]"
Change component parameters (AddParameter): Name = "Pricing"; Value = "1=3.95 (USD)"; VariantName = "[No Variations]"
Change component parameters (AddParameter): Name = "RoHS"; Value = "No"; VariantName = "[No Variations]"
Change component parameters (AddParameter): Name = "SnapEDA_Link"; Value = "https://www.snapeda.com/parts/WS2812B/Worldsemi/view-part/1038297/?ref=snap"; VariantName = "[No Variations]"
Change component parameters (AddParameter): Name = "Stock"; Value = "145"; VariantName = "[No Variations]"
Change component parameters (AddParameter): Name = "Supplier"; Value = "Digikey"; VariantName = "[No Variations]"
Change component parameters (AddParameter): Name = "Supplier Part Number"; Value = "1528-4684-ND"; VariantName = "[No Variations]"
Change component parameters (AddParameter): Name = "Value"; Value = ""; VariantName = "[No Variations]"
Change component parameters: Designator = "LED29" ("LED29"); Footprint = "WS2812B"; UniqueID = "\NLLPLKYO\SQTSKMVO" ("\NLLPLKYO\SQTSKMVO")
Change component parameters (AddParameter): Name = "Availability"; Value = "Unavailable"; VariantName = "[No Variations]"
Change component parameters (AddParameter): Name = "Category"; Value = "Optoelectronics"; VariantName = "[No Variations]"
Change component parameters (AddParameter): Name = "Manufacturer"; Value = "Adafruit Industries"; VariantName = "[No Variations]"
Change component parameters (AddParameter): Name = "Manufacturer Part Number"; Value = "4684"; VariantName = "[No Variations]"
Change component parameters (AddParameter): Name = "MF"; Value = "SparkFun Electronics"; VariantName = "[No Variations]"
Change component parameters (AddParameter): Name = "MP"; Value = "WS2812B"; VariantName = "[No Variations]"
Change component parameters (AddParameter): Name = "Package"; Value = "None"; VariantName = "[No Variations]"
Change component parameters (AddParameter): Name = "Price"; Value = "None"; VariantName = "[No Variations]"
Change component parameters (AddParameter): Name = "Pricing"; Value = "1=3.95 (USD)"; VariantName = "[No Variations]"
Change component parameters (AddParameter): Name = "RoHS"; Value = "No"; VariantName = "[No Variations]"
Change component parameters (AddParameter): Name = "SnapEDA_Link"; Value = "https://www.snapeda.com/parts/WS2812B/Worldsemi/view-part/1038297/?ref=snap"; VariantName = "[No Variations]"
Change component parameters (AddParameter): Name = "Stock"; Value = "145"; VariantName = "[No Variations]"
Change component parameters (AddParameter): Name = "Supplier"; Value = "Digikey"; VariantName = "[No Variations]"
Change component parameters (AddParameter): Name = "Supplier Part Number"; Value = "1528-4684-ND"; VariantName = "[No Variations]"
Change component parameters (AddParameter): Name = "Value"; Value = ""; VariantName = "[No Variations]"
Change component parameters: Designator = "LED30" ("LED30"); Footprint = "WS2812B"; UniqueID = "\NLLPLKYO\UEWEKZCW" ("\NLLPLKYO\UEWEKZCW")
Change component parameters (AddParameter): Name = "Availability"; Value = "Unavailable"; VariantName = "[No Variations]"
Change component parameters (AddParameter): Name = "Category"; Value = "Optoelectronics"; VariantName = "[No Variations]"
Change component parameters (AddParameter): Name = "Manufacturer"; Value = "Adafruit Industries"; VariantName = "[No Variations]"
Change component parameters (AddParameter): Name = "Manufacturer Part Number"; Value = "4684"; VariantName = "[No Variations]"
Change component parameters (AddParameter): Name = "MF"; Value = "SparkFun Electronics"; VariantName = "[No Variations]"
Change component parameters (AddParameter): Name = "MP"; Value = "WS2812B"; VariantName = "[No Variations]"
Change component parameters (AddParameter): Name = "Package"; Value = "None"; VariantName = "[No Variations]"
Change component parameters (AddParameter): Name = "Price"; Value = "None"; VariantName = "[No Variations]"
Change component parameters (AddParameter): Name = "Pricing"; Value = "1=3.95 (USD)"; VariantName = "[No Variations]"
Change component parameters (AddParameter): Name = "RoHS"; Value = "No"; VariantName = "[No Variations]"
Change component parameters (AddParameter): Name = "SnapEDA_Link"; Value = "https://www.snapeda.com/parts/WS2812B/Worldsemi/view-part/1038297/?ref=snap"; VariantName = "[No Variations]"
Change component parameters (AddParameter): Name = "Stock"; Value = "145"; VariantName = "[No Variations]"
Change component parameters (AddParameter): Name = "Supplier"; Value = "Digikey"; VariantName = "[No Variations]"
Change component parameters (AddParameter): Name = "Supplier Part Number"; Value = "1528-4684-ND"; VariantName = "[No Variations]"
Change component parameters (AddParameter): Name = "Value"; Value = ""; VariantName = "[No Variations]"
Change component parameters: Designator = "LED31" ("LED31"); Footprint = "WS2812B"; UniqueID = "\NLLPLKYO\XOPEGAFK" ("\NLLPLKYO\XOPEGAFK")
Change component parameters (AddParameter): Name = "Availability"; Value = "Unavailable"; VariantName = "[No Variations]"
Change component parameters (AddParameter): Name = "Category"; Value = "Optoelectronics"; VariantName = "[No Variations]"
Change component parameters (AddParameter): Name = "Manufacturer"; Value = "Adafruit Industries"; VariantName = "[No Variations]"
Change component parameters (AddParameter): Name = "Manufacturer Part Number"; Value = "4684"; VariantName = "[No Variations]"
Change component parameters (AddParameter): Name = "MF"; Value = "SparkFun Electronics"; VariantName = "[No Variations]"
Change component parameters (AddParameter): Name = "MP"; Value = "WS2812B"; VariantName = "[No Variations]"
Change component parameters (AddParameter): Name = "Package"; Value = "None"; VariantName = "[No Variations]"
Change component parameters (AddParameter): Name = "Price"; Value = "None"; VariantName = "[No Variations]"
Change component parameters (AddParameter): Name = "Pricing"; Value = "1=3.95 (USD)"; VariantName = "[No Variations]"
Change component parameters (AddParameter): Name = "RoHS"; Value = "No"; VariantName = "[No Variations]"
Change component parameters (AddParameter): Name = "SnapEDA_Link"; Value = "https://www.snapeda.com/parts/WS2812B/Worldsemi/view-part/1038297/?ref=snap"; VariantName = "[No Variations]"
Change component parameters (AddParameter): Name = "Stock"; Value = "145"; VariantName = "[No Variations]"
Change component parameters (AddParameter): Name = "Supplier"; Value = "Digikey"; VariantName = "[No Variations]"
Change component parameters (AddParameter): Name = "Supplier Part Number"; Value = "1528-4684-ND"; VariantName = "[No Variations]"
Change component parameters (AddParameter): Name = "Value"; Value = ""; VariantName = "[No Variations]"
Change component parameters: Designator = "LED32" ("LED32"); Footprint = "WS2812B"; UniqueID = "\NLLPLKYO\XZSJYZRE" ("\NLLPLKYO\XZSJYZRE")
Change component parameters (AddParameter): Name = "Availability"; Value = "Unavailable"; VariantName = "[No Variations]"
Change component parameters (AddParameter): Name = "Category"; Value = "Optoelectronics"; VariantName = "[No Variations]"
Change component parameters (AddParameter): Name = "Manufacturer"; Value = "Adafruit Industries"; VariantName = "[No Variations]"
Change component parameters (AddParameter): Name = "Manufacturer Part Number"; Value = "4684"; VariantName = "[No Variations]"
Change component parameters (AddParameter): Name = "MF"; Value = "SparkFun Electronics"; VariantName = "[No Variations]"
Change component parameters (AddParameter): Name = "MP"; Value = "WS2812B"; VariantName = "[No Variations]"
Change component parameters (AddParameter): Name = "Package"; Value = "None"; VariantName = "[No Variations]"
Change component parameters (AddParameter): Name = "Price"; Value = "None"; VariantName = "[No Variations]"
Change component parameters (AddParameter): Name = "Pricing"; Value = "1=3.95 (USD)"; VariantName = "[No Variations]"
Change component parameters (AddParameter): Name = "RoHS"; Value = "No"; VariantName = "[No Variations]"
Change component parameters (AddParameter): Name = "SnapEDA_Link"; Value = "https://www.snapeda.com/parts/WS2812B/Worldsemi/view-part/1038297/?ref=snap"; VariantName = "[No Variations]"
Change component parameters (AddParameter): Name = "Stock"; Value = "145"; VariantName = "[No Variations]"
Change component parameters (AddParameter): Name = "Supplier"; Value = "Digikey"; VariantName = "[No Variations]"
Change component parameters (AddParameter): Name = "Supplier Part Number"; Value = "1528-4684-ND"; VariantName = "[No Variations]"
Change component parameters (AddParameter): Name = "Value"; Value = ""; VariantName = "[No Variations]"
Change component parameters: Designator = "LED33" ("LED33"); Footprint = "WS2812B"; UniqueID = "\NLLPLKYO\ZUGTJWKJ" ("\NLLPLKYO\ZUGTJWKJ")
Change component parameters (AddParameter): Name = "Availability"; Value = "Unavailable"; VariantName = "[No Variations]"
Change component parameters (AddParameter): Name = "Category"; Value = "Optoelectronics"; VariantName = "[No Variations]"
Change component parameters (AddParameter): Name = "Manufacturer"; Value = "Adafruit Industries"; VariantName = "[No Variations]"
Change component parameters (AddParameter): Name = "Manufacturer Part Number"; Value = "4684"; VariantName = "[No Variations]"
Change component parameters (AddParameter): Name = "MF"; Value = "SparkFun Electronics"; VariantName = "[No Variations]"
Change component parameters (AddParameter): Name = "MP"; Value = "WS2812B"; VariantName = "[No Variations]"
Change component parameters (AddParameter): Name = "Package"; Value = "None"; VariantName = "[No Variations]"
Change component parameters (AddParameter): Name = "Price"; Value = "None"; VariantName = "[No Variations]"
Change component parameters (AddParameter): Name = "Pricing"; Value = "1=3.95 (USD)"; VariantName = "[No Variations]"
Change component parameters (AddParameter): Name = "RoHS"; Value = "No"; VariantName = "[No Variations]"
Change component parameters (AddParameter): Name = "SnapEDA_Link"; Value = "https://www.snapeda.com/parts/WS2812B/Worldsemi/view-part/1038297/?ref=snap"; VariantName = "[No Variations]"
Change component parameters (AddParameter): Name = "Stock"; Value = "145"; VariantName = "[No Variations]"
Change component parameters (AddParameter): Name = "Supplier"; Value = "Digikey"; VariantName = "[No Variations]"
Change component parameters (AddParameter): Name = "Supplier Part Number"; Value = "1528-4684-ND"; VariantName = "[No Variations]"
Change component parameters (AddParameter): Name = "Value"; Value = ""; VariantName = "[No Variations]"
Change component parameters: Designator = "LED34" ("LED34"); Footprint = "WS2812B"; UniqueID = "\NLLPLKYO\XVXHKWOP" ("\NLLPLKYO\XVXHKWOP")
Change component parameters (AddParameter): Name = "Availability"; Value = "Unavailable"; VariantName = "[No Variations]"
Change component parameters (AddParameter): Name = "Category"; Value = "Optoelectronics"; VariantName = "[No Variations]"
Change component parameters (AddParameter): Name = "Manufacturer"; Value = "Adafruit Industries"; VariantName = "[No Variations]"
Change component parameters (AddParameter): Name = "Manufacturer Part Number"; Value = "4684"; VariantName = "[No Variations]"
Change component parameters (AddParameter): Name = "MF"; Value = "SparkFun Electronics"; VariantName = "[No Variations]"
Change component parameters (AddParameter): Name = "MP"; Value = "WS2812B"; VariantName = "[No Variations]"
Change component parameters (AddParameter): Name = "Package"; Value = "None"; VariantName = "[No Variations]"
Change component parameters (AddParameter): Name = "Price"; Value = "None"; VariantName = "[No Variations]"
Change component parameters (AddParameter): Name = "Pricing"; Value = "1=3.95 (USD)"; VariantName = "[No Variations]"
Change component parameters (AddParameter): Name = "RoHS"; Value = "No"; VariantName = "[No Variations]"
Change component parameters (AddParameter): Name = "SnapEDA_Link"; Value = "https://www.snapeda.com/parts/WS2812B/Worldsemi/view-part/1038297/?ref=snap"; VariantName = "[No Variations]"
Change component parameters (AddParameter): Name = "Stock"; Value = "145"; VariantName = "[No Variations]"
Change component parameters (AddParameter): Name = "Supplier"; Value = "Digikey"; VariantName = "[No Variations]"
Change component parameters (AddParameter): Name = "Supplier Part Number"; Value = "1528-4684-ND"; VariantName = "[No Variations]"
Change component parameters (AddParameter): Name = "Value"; Value = ""; VariantName = "[No Variations]"
Change component parameters: Designator = "LED35" ("LED35"); Footprint = "WS2812B"; UniqueID = "\NLLPLKYO\ADLJJVCG" ("\NLLPLKYO\ADLJJVCG")
Change component parameters (AddParameter): Name = "Availability"; Value = "Unavailable"; VariantName = "[No Variations]"
Change component parameters (AddParameter): Name = "Category"; Value = "Optoelectronics"; VariantName = "[No Variations]"
Change component parameters (AddParameter): Name = "Manufacturer"; Value = "Adafruit Industries"; VariantName = "[No Variations]"
Change component parameters (AddParameter): Name = "Manufacturer Part Number"; Value = "4684"; VariantName = "[No Variations]"
Change component parameters (AddParameter): Name = "MF"; Value = "SparkFun Electronics"; VariantName = "[No Variations]"
Change component parameters (AddParameter): Name = "MP"; Value = "WS2812B"; VariantName = "[No Variations]"
Change component parameters (AddParameter): Name = "Package"; Value = "None"; VariantName = "[No Variations]"
Change component parameters (AddParameter): Name = "Price"; Value = "None"; VariantName = "[No Variations]"
Change component parameters (AddParameter): Name = "Pricing"; Value = "1=3.95 (USD)"; VariantName = "[No Variations]"
Change component parameters (AddParameter): Name = "RoHS"; Value = "No"; VariantName = "[No Variations]"
Change component parameters (AddParameter): Name = "SnapEDA_Link"; Value = "https://www.snapeda.com/parts/WS2812B/Worldsemi/view-part/1038297/?ref=snap"; VariantName = "[No Variations]"
Change component parameters (AddParameter): Name = "Stock"; Value = "145"; VariantName = "[No Variations]"
Change component parameters (AddParameter): Name = "Supplier"; Value = "Digikey"; VariantName = "[No Variations]"
Change component parameters (AddParameter): Name = "Supplier Part Number"; Value = "1528-4684-ND"; VariantName = "[No Variations]"
Change component parameters (AddParameter): Name = "Value"; Value = ""; VariantName = "[No Variations]"
Change component parameters: Designator = "LED36" ("LED36"); Footprint = "WS2812B"; UniqueID = "\NLLPLKYO\IMLUZAJT" ("\NLLPLKYO\IMLUZAJT")
Change component parameters (AddParameter): Name = "Availability"; Value = "Unavailable"; VariantName = "[No Variations]"
Change component parameters (AddParameter): Name = "Category"; Value = "Optoelectronics"; VariantName = "[No Variations]"
Change component parameters (AddParameter): Name = "Manufacturer"; Value = "Adafruit Industries"; VariantName = "[No Variations]"
Change component parameters (AddParameter): Name = "Manufacturer Part Number"; Value = "4684"; VariantName = "[No Variations]"
Change component parameters (AddParameter): Name = "MF"; Value = "SparkFun Electronics"; VariantName = "[No Variations]"
Change component parameters (AddParameter): Name = "MP"; Value = "WS2812B"; VariantName = "[No Variations]"
Change component parameters (AddParameter): Name = "Package"; Value = "None"; VariantName = "[No Variations]"
Change component parameters (AddParameter): Name = "Price"; Value = "None"; VariantName = "[No Variations]"
Change component parameters (AddParameter): Name = "Pricing"; Value = "1=3.95 (USD)"; VariantName = "[No Variations]"
Change component parameters (AddParameter): Name = "RoHS"; Value = "No"; VariantName = "[No Variations]"
Change component parameters (AddParameter): Name = "SnapEDA_Link"; Value = "https://www.snapeda.com/parts/WS2812B/Worldsemi/view-part/1038297/?ref=snap"; VariantName = "[No Variations]"
Change component parameters (AddParameter): Name = "Stock"; Value = "145"; VariantName = "[No Variations]"
Change component parameters (AddParameter): Name = "Supplier"; Value = "Digikey"; VariantName = "[No Variations]"
Change component parameters (AddParameter): Name = "Supplier Part Number"; Value = "1528-4684-ND"; VariantName = "[No Variations]"
Change component parameters (AddParameter): Name = "Value"; Value = ""; VariantName = "[No Variations]"
Change component parameters: Designator = "LED37" ("LED37"); Footprint = "WS2812B"; UniqueID = "\NLLPLKYO\BLSDOXEA" ("\NLLPLKYO\BLSDOXEA")
Change component parameters (AddParameter): Name = "Availability"; Value = "Unavailable"; VariantName = "[No Variations]"
Change component parameters (AddParameter): Name = "Category"; Value = "Optoelectronics"; VariantName = "[No Variations]"
Change component parameters (AddParameter): Name = "Manufacturer"; Value = "Adafruit Industries"; VariantName = "[No Variations]"
Change component parameters (AddParameter): Name = "Manufacturer Part Number"; Value = "4684"; VariantName = "[No Variations]"
Change component parameters (AddParameter): Name = "MF"; Value = "SparkFun Electronics"; VariantName = "[No Variations]"
Change component parameters (AddParameter): Name = "MP"; Value = "WS2812B"; VariantName = "[No Variations]"
Change component parameters (AddParameter): Name = "Package"; Value = "None"; VariantName = "[No Variations]"
Change component parameters (AddParameter): Name = "Price"; Value = "None"; VariantName = "[No Variations]"
Change component parameters (AddParameter): Name = "Pricing"; Value = "1=3.95 (USD)"; VariantName = "[No Variations]"
Change component parameters (AddParameter): Name = "RoHS"; Value = "No"; VariantName = "[No Variations]"
Change component parameters (AddParameter): Name = "SnapEDA_Link"; Value = "https://www.snapeda.com/parts/WS2812B/Worldsemi/view-part/1038297/?ref=snap"; VariantName = "[No Variations]"
Change component parameters (AddParameter): Name = "Stock"; Value = "145"; VariantName = "[No Variations]"
Change component parameters (AddParameter): Name = "Supplier"; Value = "Digikey"; VariantName = "[No Variations]"
Change component parameters (AddParameter): Name = "Supplier Part Number"; Value = "1528-4684-ND"; VariantName = "[No Variations]"
Change component parameters (AddParameter): Name = "Value"; Value = ""; VariantName = "[No Variations]"
Change component parameters: Designator = "LED38" ("LED38"); Footprint = "WS2812B"; UniqueID = "\NLLPLKYO\NIXNSWQL" ("\NLLPLKYO\NIXNSWQL")
Change component parameters (AddParameter): Name = "Availability"; Value = "Unavailable"; VariantName = "[No Variations]"
Change component parameters (AddParameter): Name = "Category"; Value = "Optoelectronics"; VariantName = "[No Variations]"
Change component parameters (AddParameter): Name = "Manufacturer"; Value = "Adafruit Industries"; VariantName = "[No Variations]"
Change component parameters (AddParameter): Name = "Manufacturer Part Number"; Value = "4684"; VariantName = "[No Variations]"
Change component parameters (AddParameter): Name = "MF"; Value = "SparkFun Electronics"; VariantName = "[No Variations]"
Change component parameters (AddParameter): Name = "MP"; Value = "WS2812B"; VariantName = "[No Variations]"
Change component parameters (AddParameter): Name = "Package"; Value = "None"; VariantName = "[No Variations]"
Change component parameters (AddParameter): Name = "Price"; Value = "None"; VariantName = "[No Variations]"
Change component parameters (AddParameter): Name = "Pricing"; Value = "1=3.95 (USD)"; VariantName = "[No Variations]"
Change component parameters (AddParameter): Name = "RoHS"; Value = "No"; VariantName = "[No Variations]"
Change component parameters (AddParameter): Name = "SnapEDA_Link"; Value = "https://www.snapeda.com/parts/WS2812B/Worldsemi/view-part/1038297/?ref=snap"; VariantName = "[No Variations]"
Change component parameters (AddParameter): Name = "Stock"; Value = "145"; VariantName = "[No Variations]"
Change component parameters (AddParameter): Name = "Supplier"; Value = "Digikey"; VariantName = "[No Variations]"
Change component parameters (AddParameter): Name = "Supplier Part Number"; Value = "1528-4684-ND"; VariantName = "[No Variations]"
Change component parameters (AddParameter): Name = "Value"; Value = ""; VariantName = "[No Variations]"
Change component parameters: Designator = "LED39" ("LED39"); Footprint = "WS2812B"; UniqueID = "\NLLPLKYO\MITKWHEF" ("\NLLPLKYO\MITKWHEF")
Change component parameters (AddParameter): Name = "Availability"; Value = "Unavailable"; VariantName = "[No Variations]"
Change component parameters (AddParameter): Name = "Category"; Value = "Optoelectronics"; VariantName = "[No Variations]"
Change component parameters (AddParameter): Name = "Manufacturer"; Value = "Adafruit Industries"; VariantName = "[No Variations]"
Change component parameters (AddParameter): Name = "Manufacturer Part Number"; Value = "4684"; VariantName = "[No Variations]"
Change component parameters (AddParameter): Name = "MF"; Value = "SparkFun Electronics"; VariantName = "[No Variations]"
Change component parameters (AddParameter): Name = "MP"; Value = "WS2812B"; VariantName = "[No Variations]"
Change component parameters (AddParameter): Name = "Package"; Value = "None"; VariantName = "[No Variations]"
Change component parameters (AddParameter): Name = "Price"; Value = "None"; VariantName = "[No Variations]"
Change component parameters (AddParameter): Name = "Pricing"; Value = "1=3.95 (USD)"; VariantName = "[No Variations]"
Change component parameters (AddParameter): Name = "RoHS"; Value = "No"; VariantName = "[No Variations]"
Change component parameters (AddParameter): Name = "SnapEDA_Link"; Value = "https://www.snapeda.com/parts/WS2812B/Worldsemi/view-part/1038297/?ref=snap"; VariantName = "[No Variations]"
Change component parameters (AddParameter): Name = "Stock"; Value = "145"; VariantName = "[No Variations]"
Change component parameters (AddParameter): Name = "Supplier"; Value = "Digikey"; VariantName = "[No Variations]"
Change component parameters (AddParameter): Name = "Supplier Part Number"; Value = "1528-4684-ND"; VariantName = "[No Variations]"
Change component parameters (AddParameter): Name = "Value"; Value = ""; VariantName = "[No Variations]"
Change component parameters: Designator = "LED40" ("LED40"); Footprint = "WS2812B"; UniqueID = "\NLLPLKYO\YKJXGMEV" ("\NLLPLKYO\YKJXGMEV")
Change component parameters (AddParameter): Name = "Availability"; Value = "Unavailable"; VariantName = "[No Variations]"
Change component parameters (AddParameter): Name = "Category"; Value = "Optoelectronics"; VariantName = "[No Variations]"
Change component parameters (AddParameter): Name = "Manufacturer"; Value = "Adafruit Industries"; VariantName = "[No Variations]"
Change component parameters (AddParameter): Name = "Manufacturer Part Number"; Value = "4684"; VariantName = "[No Variations]"
Change component parameters (AddParameter): Name = "MF"; Value = "SparkFun Electronics"; VariantName = "[No Variations]"
Change component parameters (AddParameter): Name = "MP"; Value = "WS2812B"; VariantName = "[No Variations]"
Change component parameters (AddParameter): Name = "Package"; Value = "None"; VariantName = "[No Variations]"
Change component parameters (AddParameter): Name = "Price"; Value = "None"; VariantName = "[No Variations]"
Change component parameters (AddParameter): Name = "Pricing"; Value = "1=3.95 (USD)"; VariantName = "[No Variations]"
Change component parameters (AddParameter): Name = "RoHS"; Value = "No"; VariantName = "[No Variations]"
Change component parameters (AddParameter): Name = "SnapEDA_Link"; Value = "https://www.snapeda.com/parts/WS2812B/Worldsemi/view-part/1038297/?ref=snap"; VariantName = "[No Variations]"
Change component parameters (AddParameter): Name = "Stock"; Value = "145"; VariantName = "[No Variations]"
Change component parameters (AddParameter): Name = "Supplier"; Value = "Digikey"; VariantName = "[No Variations]"
Change component parameters (AddParameter): Name = "Supplier Part Number"; Value = "1528-4684-ND"; VariantName = "[No Variations]"
Change component parameters (AddParameter): Name = "Value"; Value = ""; VariantName = "[No Variations]"
Change component parameters: Designator = "LED41" ("LED41"); Footprint = "WS2812B"; UniqueID = "\NLLPLKYO\IGUMJPJJ" ("\NLLPLKYO\IGUMJPJJ")
Change component parameters (AddParameter): Name = "Availability"; Value = "Unavailable"; VariantName = "[No Variations]"
Change component parameters (AddParameter): Name = "Category"; Value = "Optoelectronics"; VariantName = "[No Variations]"
Change component parameters (AddParameter): Name = "Manufacturer"; Value = "Adafruit Industries"; VariantName = "[No Variations]"
Change component parameters (AddParameter): Name = "Manufacturer Part Number"; Value = "4684"; VariantName = "[No Variations]"
Change component parameters (AddParameter): Name = "MF"; Value = "SparkFun Electronics"; VariantName = "[No Variations]"
Change component parameters (AddParameter): Name = "MP"; Value = "WS2812B"; VariantName = "[No Variations]"
Change component parameters (AddParameter): Name = "Package"; Value = "None"; VariantName = "[No Variations]"
Change component parameters (AddParameter): Name = "Price"; Value = "None"; VariantName = "[No Variations]"
Change component parameters (AddParameter): Name = "Pricing"; Value = "1=3.95 (USD)"; VariantName = "[No Variations]"
Change component parameters (AddParameter): Name = "RoHS"; Value = "No"; VariantName = "[No Variations]"
Change component parameters (AddParameter): Name = "SnapEDA_Link"; Value = "https://www.snapeda.com/parts/WS2812B/Worldsemi/view-part/1038297/?ref=snap"; VariantName = "[No Variations]"
Change component parameters (AddParameter): Name = "Stock"; Value = "145"; VariantName = "[No Variations]"
Change component parameters (AddParameter): Name = "Supplier"; Value = "Digikey"; VariantName = "[No Variations]"
Change component parameters (AddParameter): Name = "Supplier Part Number"; Value = "1528-4684-ND"; VariantName = "[No Variations]"
Change component parameters (AddParameter): Name = "Value"; Value = ""; VariantName = "[No Variations]"
