Change Component Description : Designator=LED5 Old Description=NeoPixel Nano 2020 RGB LEDs - 10-Pack New Description=NeoPixel Nano 2020 RGB LEDs - 10-Pack | Adafruit Industries 4684
Change Component Description : Designator=LED6 Old Description=NeoPixel Nano 2020 RGB LEDs - 10-Pack New Description=NeoPixel Nano 2020 RGB LEDs - 10-Pack | Adafruit Industries 4684
Change Component Description : Designator=LED7 Old Description=NeoPixel Nano 2020 RGB LEDs - 10-Pack New Description=NeoPixel Nano 2020 RGB LEDs - 10-Pack | Adafruit Industries 4684
Change Component Description : Designator=LED8 Old Description=NeoPixel Nano 2020 RGB LEDs - 10-Pack New Description=NeoPixel Nano 2020 RGB LEDs - 10-Pack | Adafruit Industries 4684
Change Component Description : Designator=LED9 Old Description=NeoPixel Nano 2020 RGB LEDs - 10-Pack New Description=NeoPixel Nano 2020 RGB LEDs - 10-Pack | Adafruit Industries 4684
Change Component Description : Designator=LED10 Old Description=NeoPixel Nano 2020 RGB LEDs - 10-Pack New Description=NeoPixel Nano 2020 RGB LEDs - 10-Pack | Adafruit Industries 4684
Change Component Description : Designator=LED11 Old Description=NeoPixel Nano 2020 RGB LEDs - 10-Pack New Description=NeoPixel Nano 2020 RGB LEDs - 10-Pack | Adafruit Industries 4684
Change Component Description : Designator=LED12 Old Description=NeoPixel Nano 2020 RGB LEDs - 10-Pack New Description=NeoPixel Nano 2020 RGB LEDs - 10-Pack | Adafruit Industries 4684
Change Component Description : Designator=LED13 Old Description=NeoPixel Nano 2020 RGB LEDs - 10-Pack New Description=NeoPixel Nano 2020 RGB LEDs - 10-Pack | Adafruit Industries 4684
Change Component Description : Designator=LED14 Old Description=NeoPixel Nano 2020 RGB LEDs - 10-Pack New Description=NeoPixel Nano 2020 RGB LEDs - 10-Pack | Adafruit Industries 4684
Change Component Description : Designator=LED15 Old Description=NeoPixel Nano 2020 RGB LEDs - 10-Pack New Description=NeoPixel Nano 2020 RGB LEDs - 10-Pack | Adafruit Industries 4684
Change Component Description : Designator=LED16 Old Description=NeoPixel Nano 2020 RGB LEDs - 10-Pack New Description=NeoPixel Nano 2020 RGB LEDs - 10-Pack | Adafruit Industries 4684
Change Component Description : Designator=LED17 Old Description=NeoPixel Nano 2020 RGB LEDs - 10-Pack New Description=NeoPixel Nano 2020 RGB LEDs - 10-Pack | Adafruit Industries 4684
Change Component Description : Designator=LED18 Old Description=NeoPixel Nano 2020 RGB LEDs - 10-Pack New Description=NeoPixel Nano 2020 RGB LEDs - 10-Pack | Adafruit Industries 4684
Change Component Description : Designator=LED19 Old Description=NeoPixel Nano 2020 RGB LEDs - 10-Pack New Description=NeoPixel Nano 2020 RGB LEDs - 10-Pack | Adafruit Industries 4684
Change Component Description : Designator=LED20 Old Description=NeoPixel Nano 2020 RGB LEDs - 10-Pack New Description=NeoPixel Nano 2020 RGB LEDs - 10-Pack | Adafruit Industries 4684
Change Component Description : Designator=LED21 Old Description=NeoPixel Nano 2020 RGB LEDs - 10-Pack New Description=NeoPixel Nano 2020 RGB LEDs - 10-Pack | Adafruit Industries 4684
Change Component Description : Designator=LED22 Old Description=NeoPixel Nano 2020 RGB LEDs - 10-Pack New Description=NeoPixel Nano 2020 RGB LEDs - 10-Pack | Adafruit Industries 4684
Change Component Description : Designator=LED23 Old Description=NeoPixel Nano 2020 RGB LEDs - 10-Pack New Description=NeoPixel Nano 2020 RGB LEDs - 10-Pack | Adafruit Industries 4684
Change Component Description : Designator=LED24 Old Description=NeoPixel Nano 2020 RGB LEDs - 10-Pack New Description=NeoPixel Nano 2020 RGB LEDs - 10-Pack | Adafruit Industries 4684
Change Component Description : Designator=LED25 Old Description=NeoPixel Nano 2020 RGB LEDs - 10-Pack New Description=NeoPixel Nano 2020 RGB LEDs - 10-Pack | Adafruit Industries 4684
Change Component Description : Designator=LED26 Old Description=NeoPixel Nano 2020 RGB LEDs - 10-Pack New Description=NeoPixel Nano 2020 RGB LEDs - 10-Pack | Adafruit Industries 4684
Change Component Description : Designator=LED27 Old Description=NeoPixel Nano 2020 RGB LEDs - 10-Pack New Description=NeoPixel Nano 2020 RGB LEDs - 10-Pack | Adafruit Industries 4684
Change Component Description : Designator=LED28 Old Description=NeoPixel Nano 2020 RGB LEDs - 10-Pack New Description=NeoPixel Nano 2020 RGB LEDs - 10-Pack | Adafruit Industries 4684
Change Component Description : Designator=LED29 Old Description=NeoPixel Nano 2020 RGB LEDs - 10-Pack New Description=NeoPixel Nano 2020 RGB LEDs - 10-Pack | Adafruit Industries 4684
Change Component Description : Designator=LED30 Old Description=NeoPixel Nano 2020 RGB LEDs - 10-Pack New Description=NeoPixel Nano 2020 RGB LEDs - 10-Pack | Adafruit Industries 4684
Change Component Description : Designator=LED31 Old Description=NeoPixel Nano 2020 RGB LEDs - 10-Pack New Description=NeoPixel Nano 2020 RGB LEDs - 10-Pack | Adafruit Industries 4684
Change Component Description : Designator=LED32 Old Description=NeoPixel Nano 2020 RGB LEDs - 10-Pack New Description=NeoPixel Nano 2020 RGB LEDs - 10-Pack | Adafruit Industries 4684
Change Component Description : Designator=LED33 Old Description=NeoPixel Nano 2020 RGB LEDs - 10-Pack New Description=NeoPixel Nano 2020 RGB LEDs - 10-Pack | Adafruit Industries 4684
Change Component Description : Designator=LED34 Old Description=NeoPixel Nano 2020 RGB LEDs - 10-Pack New Description=NeoPixel Nano 2020 RGB LEDs - 10-Pack | Adafruit Industries 4684
Change Component Description : Designator=LED35 Old Description=NeoPixel Nano 2020 RGB LEDs - 10-Pack New Description=NeoPixel Nano 2020 RGB LEDs - 10-Pack | Adafruit Industries 4684
Change Component Description : Designator=LED36 Old Description=NeoPixel Nano 2020 RGB LEDs - 10-Pack New Description=NeoPixel Nano 2020 RGB LEDs - 10-Pack | Adafruit Industries 4684
Change Component Description : Designator=LED37 Old Description=NeoPixel Nano 2020 RGB LEDs - 10-Pack New Description=NeoPixel Nano 2020 RGB LEDs - 10-Pack | Adafruit Industries 4684
Change Component Description : Designator=LED38 Old Description=NeoPixel Nano 2020 RGB LEDs - 10-Pack New Description=NeoPixel Nano 2020 RGB LEDs - 10-Pack | Adafruit Industries 4684
Change Component Description : Designator=LED39 Old Description=NeoPixel Nano 2020 RGB LEDs - 10-Pack New Description=NeoPixel Nano 2020 RGB LEDs - 10-Pack | Adafruit Industries 4684
Change Component Description : Designator=LED40 Old Description=NeoPixel Nano 2020 RGB LEDs - 10-Pack New Description=NeoPixel Nano 2020 RGB LEDs - 10-Pack | Adafruit Industries 4684
Change Component Description : Designator=LED41 Old Description=NeoPixel Nano 2020 RGB LEDs - 10-Pack New Description=NeoPixel Nano 2020 RGB LEDs - 10-Pack | Adafruit Industries 4684
Change Component Description : Designator=LED Old Description=NeoPixel Nano 2020 RGB LEDs - 10-Pack New Description=NeoPixel Nano 2020 RGB LEDs - 10-Pack | Adafruit Industries 4684
Added Component: Designator=D41(TVS)
Add component (AddParameter): Name = "Category"; Value = "TVS Diodes"; VariantName = "[No Variations]"
Add component (AddParameter): Name = "Clamping Voltage-Max"; Value = "12.5V"; VariantName = "[No Variations]"
Add component (AddParameter): Name = "ComponentLink1Description"; Value = "https://datasheet.ciiva.com:443/pdfs/VipMasterIC/IC/SEMT/SEMT-S-A0000304756/SEMT-S-A0000304756-1.pdf?src-supplier=IHS+Markit"; VariantName = "[No Variations]"
Add component (AddParameter): Name = "ComponentLink1URL"; Value = "https://datasheet.ciiva.com:443/pdfs/VipMasterIC/IC/SEMT/SEMT-S-A0000304756/SEMT-S-A0000304756-1.pdf?src-supplier=IHS+Markit"; VariantName = "[No Variations]"
Add component (AddParameter): Name = "ComponentLink2Description"; Value = "https://datasheet.ciiva.com/8029/srv05-4-8029973.pdf?src-supplier=Element14"; VariantName = "[No Variations]"
Add component (AddParameter): Name = "ComponentLink2URL"; Value = "https://datasheet.ciiva.com/8029/srv05-4-8029973.pdf?src-supplier=Element14"; VariantName = "[No Variations]"
Add component (AddParameter): Name = "ComponentLink3Description"; Value = "https://datasheet.ciiva.com/18065/getdatasheetpartid-93542-18065216.pdf?src-supplier=Verical"; VariantName = "[No Variations]"
Add component (AddParameter): Name = "ComponentLink3URL"; Value = "https://datasheet.ciiva.com/18065/getdatasheetpartid-93542-18065216.pdf?src-supplier=Verical"; VariantName = "[No Variations]"
Add component (AddParameter): Name = "ComponentLink4Description"; Value = "https://datasheet.ciiva.com/338/srv05-4-338860.pdf?src-supplier=Digikey"; VariantName = "[No Variations]"
Add component (AddParameter): Name = "ComponentLink4URL"; Value = "https://datasheet.ciiva.com/338/srv05-4-338860.pdf?src-supplier=Digikey"; VariantName = "[No Variations]"
Add component (AddParameter): Name = "ComponentLink5Description"; Value = "https://datasheet.ciiva.com/338/srv05-4-338861.pdf?src-supplier=Digikey"; VariantName = "[No Variations]"
Add component (AddParameter): Name = "ComponentLink5URL"; Value = "https://datasheet.ciiva.com/338/srv05-4-338861.pdf?src-supplier=Digikey"; VariantName = "[No Variations]"
Add component (AddParameter): Name = "ComponentLink6Description"; Value = "https://datasheet.ciiva.com/338/srv05-4-338862.pdf?src-supplier=Digikey"; VariantName = "[No Variations]"
Add component (AddParameter): Name = "ComponentLink6URL"; Value = "https://datasheet.ciiva.com/338/srv05-4-338862.pdf?src-supplier=Digikey"; VariantName = "[No Variations]"
Add component (AddParameter): Name = "ComponentLink7Description"; Value = "https://datasheet.ciiva.com/11193/srv05-4-11193639.pdf?src-supplier=Avnet"; VariantName = "[No Variations]"
Add component (AddParameter): Name = "ComponentLink7URL"; Value = "https://datasheet.ciiva.com/11193/srv05-4-11193639.pdf?src-supplier=Avnet"; VariantName = "[No Variations]"
Add component (AddParameter): Name = "ComponentLink8Description"; Value = "https://datasheet.ciiva.com/16396/srv05-4-16396600.pdf?src-supplier=Future+Electronics"; VariantName = "[No Variations]"
Add component (AddParameter): Name = "ComponentLink8URL"; Value = "https://datasheet.ciiva.com/16396/srv05-4-16396600.pdf?src-supplier=Future+Electronics"; VariantName = "[No Variations]"
Add component (AddParameter): Name = "Datasheet"; Value = "https://datasheet.lcsc.com/szlcsc/ProTek-Devices-SRV05-4-P-T7_C85364.pdf"; VariantName = "[No Variations]"
Add component (AddParameter): Name = "Diode Element Material"; Value = "SILICON"; VariantName = "[No Variations]"
Add component (AddParameter): Name = "Diode Type"; Value = "TRANS VOLTAGE SUPPRESSOR"; VariantName = "[No Variations]"
Add component (AddParameter): Name = "JESD-30 Code"; Value = "R-PDSO-G6"; VariantName = "[No Variations]"
Add component (AddParameter): Name = "JESD-609 Code"; Value = "e3"; VariantName = "[No Variations]"
Add component (AddParameter): Name = "LCSC Part#"; Value = "C85364"; VariantName = "[No Variations]"
Add component (AddParameter): Name = "Manufacturer"; Value = "Semtech"; VariantName = "[No Variations]"
Add component (AddParameter): Name = "Manufacturer Part Number"; Value = "SRV05-4.TCT"; VariantName = "[No Variations]"
Add component (AddParameter): Name = "Max Operating Temperature"; Value = "125°C"; VariantName = "[No Variations]"
Add component (AddParameter): Name = "MFR Part #"; Value = "SRV05-4-P-T7"; VariantName = "[No Variations]"
Add component (AddParameter): Name = "Min Breakdown Voltage"; Value = "6V"; VariantName = "[No Variations]"
Add component (AddParameter): Name = "Min Operating Temperature"; Value = "-55°C"; VariantName = "[No Variations]"
Add component (AddParameter): Name = "Moisture Sensitivity Level"; Value = "1"; VariantName = "[No Variations]"
Add component (AddParameter): Name = "Non-rep Peak Rev Power Dis-Max"; Value = "300W"; VariantName = "[No Variations]"
Add component (AddParameter): Name = "Number of Elements"; Value = "1"; VariantName = "[No Variations]"
Add component (AddParameter): Name = "Package Body Material"; Value = "Plastic"; VariantName = "[No Variations]"
Add component (AddParameter): Name = "Package Shape"; Value = "Rectangular"; VariantName = "[No Variations]"
Add component (AddParameter): Name = "Package Style"; Value = "SMALL OUTLINEMeter"; VariantName = "[No Variations]"
Add component (AddParameter): Name = "Peak Reflow Temperature (Cel)"; Value = "260°C"; VariantName = "[No Variations]"
Add component (AddParameter): Name = "Pins"; Value = "6"; VariantName = "[No Variations]"
Add component (AddParameter): Name = "Polarity"; Value = "Unidirectional"; VariantName = "[No Variations]"
Add component (AddParameter): Name = "Pricing"; Value = "1=1.34, 10=0.903, 100=0.6313, 500=0.50952, 1000=0.46965 (USD)"; VariantName = "[No Variations]"
Add component (AddParameter): Name = "Qualification Status"; Value = "Not Qualified"; VariantName = "[No Variations]"
Add component (AddParameter): Name = "Reach SVHC Compliant"; Value = "Yes"; VariantName = "[No Variations]"
Add component (AddParameter): Name = "Rep Pk Reverse Voltage-Max"; Value = "5V"; VariantName = "[No Variations]"
Add component (AddParameter): Name = "RoHS"; Value = "Yes"; VariantName = "[No Variations]"
Add component (AddParameter): Name = "RoHS Compliant"; Value = "Yes"; VariantName = "[No Variations]"
Add component (AddParameter): Name = "Stock"; Value = "366681"; VariantName = "[No Variations]"
Add component (AddParameter): Name = "Supplier"; Value = "Digikey"; VariantName = "[No Variations]"
Add component (AddParameter): Name = "Supplier Part Number"; Value = "SRV05-4CT-ND"; VariantName = "[No Variations]"
Add component (AddParameter): Name = "Surface Mount"; Value = "Yes"; VariantName = "[No Variations]"
Add component (AddParameter): Name = "Technology"; Value = "AVALANCHE"; VariantName = "[No Variations]"
Add component (AddParameter): Name = "Terminal Finish"; Value = "Tin"; VariantName = "[No Variations]"
Add component (AddParameter): Name = "Terminal Form"; Value = "Gull Wing"; VariantName = "[No Variations]"
Add component (AddParameter): Name = "Terminal Position"; Value = "DUAL"; VariantName = "[No Variations]"
Add component (AddParameter): Name = "Time @ Peak Reflow Temperature-Max (s)"; Value = "30s"; VariantName = "[No Variations]"
Add component (AddParameter): Name = "Type"; Value = "Basic"; VariantName = "[No Variations]"
Add component (AddParameter): Name = "Value"; Value = "TVS DIODE 5.5V 6TSOP"; VariantName = "[No Variations]"
Added Pin To Net: NetName=RESET Pin=D41-1
Added Pin To Net: NetName=GND Pin=D41-2
Added Pin To Net: NetName=VMCU Pin=D41-5
Added Member To Class: ClassName=EFR32_IO Member=Component D41 SRV05-4-P-T7
