Removed Pin From Net: NetName=NetC17_1 Pin=D1-1
Removed Pin From Net: NetName=NetC23_1 Pin=D1-2
Removed Pin From Net: NetName=IO_ROW_P0 Pin=D3-1
Removed Pin From Net: NetName=IO_ROW_P0 Pin=D4-1
Removed Pin From Net: NetName=IO_ROW_P0 Pin=D5-1
Removed Pin From Net: NetName=IO_ROW_P0 Pin=D6-1
Removed Pin From Net: NetName=IO_ROW_P0 Pin=D7-1
Removed Pin From Net: NetName=IO_ROW_P0 Pin=D8-1
Removed Pin From Net: NetName=IO_ROW_P0 Pin=D9-1
Removed Pin From Net: NetName=IO_ROW_P1 Pin=D10-1
Removed Pin From Net: NetName=IO_ROW_P1 Pin=D11-1
Removed Pin From Net: NetName=IO_ROW_P1 Pin=D12-1
Removed Pin From Net: NetName=IO_ROW_P1 Pin=D13-1
Removed Pin From Net: NetName=IO_ROW_P1 Pin=D14-1
Removed Pin From Net: NetName=IO_ROW_P1 Pin=D15-1
Removed Pin From Net: NetName=IO_ROW_P1 Pin=D16-1
Removed Pin From Net: NetName=IO_ROW_P2 Pin=D17-1
Removed Pin From Net: NetName=IO_ROW_P2 Pin=D18-1
Removed Pin From Net: NetName=IO_ROW_P2 Pin=D19-1
Removed Pin From Net: NetName=IO_ROW_P2 Pin=D20-1
Removed Pin From Net: NetName=IO_ROW_P2 Pin=D21-1
Removed Pin From Net: NetName=IO_ROW_P2 Pin=D22-1
Removed Pin From Net: NetName=IO_ROW_P2 Pin=D23-1
Removed Pin From Net: NetName=IO_ROW_P3 Pin=D24-1
Removed Pin From Net: NetName=IO_ROW_P3 Pin=D25-1
Removed Pin From Net: NetName=IO_ROW_P3 Pin=D26-1
Removed Pin From Net: NetName=IO_ROW_P3 Pin=D27-1
Removed Pin From Net: NetName=IO_ROW_P3 Pin=D28-1
Removed Pin From Net: NetName=IO_ROW_P3 Pin=D29-1
Removed Pin From Net: NetName=IO_ROW_P3 Pin=D30-1
Removed Pin From Net: NetName=IO_ROW_P4 Pin=D31-1
Removed Pin From Net: NetName=IO_ROW_P4 Pin=D32-1
Removed Pin From Net: NetName=IO_ROW_P4 Pin=D33-1
Removed Pin From Net: NetName=IO_ROW_P4 Pin=D34-1
Removed Pin From Net: NetName=IO_ROW_P4 Pin=D35-1
Removed Pin From Net: NetName=IO_ROW_P4 Pin=D36-1
Removed Pin From Net: NetName=IO_ROW_P4 Pin=D37-1
Removed Pin From Net: NetName=IO_ROW_P0 Pin=D38-1
Removed Pin From Net: NetName=IO_ROW_P1 Pin=D39-1
Removed Pin From Net: NetName=IO_ROW_P2 Pin=D40-1
Added Pin To Net: NetName=NetC23_1 Pin=D1-1
Add Pin To Net: Unknown Pin: Pin D1-3
Add Pin To Net: Unknown Pin: Pin D3-3
Add Pin To Net: Unknown Pin: Pin D4-3
Add Pin To Net: Unknown Pin: Pin D5-3
Add Pin To Net: Unknown Pin: Pin D6-3
Add Pin To Net: Unknown Pin: Pin D7-3
Add Pin To Net: Unknown Pin: Pin D8-3
Add Pin To Net: Unknown Pin: Pin D9-3
Add Pin To Net: Unknown Pin: Pin D10-3
Add Pin To Net: Unknown Pin: Pin D11-3
Add Pin To Net: Unknown Pin: Pin D12-3
Add Pin To Net: Unknown Pin: Pin D13-3
Add Pin To Net: Unknown Pin: Pin D14-3
Add Pin To Net: Unknown Pin: Pin D15-3
Add Pin To Net: Unknown Pin: Pin D16-3
Add Pin To Net: Unknown Pin: Pin D17-3
Add Pin To Net: Unknown Pin: Pin D18-3
Add Pin To Net: Unknown Pin: Pin D19-3
Add Pin To Net: Unknown Pin: Pin D20-3
Add Pin To Net: Unknown Pin: Pin D21-3
Add Pin To Net: Unknown Pin: Pin D22-3
Add Pin To Net: Unknown Pin: Pin D23-3
Add Pin To Net: Unknown Pin: Pin D24-3
Add Pin To Net: Unknown Pin: Pin D25-3
Add Pin To Net: Unknown Pin: Pin D26-3
Add Pin To Net: Unknown Pin: Pin D27-3
Add Pin To Net: Unknown Pin: Pin D28-3
Add Pin To Net: Unknown Pin: Pin D29-3
Add Pin To Net: Unknown Pin: Pin D30-3
Add Pin To Net: Unknown Pin: Pin D31-3
Add Pin To Net: Unknown Pin: Pin D32-3
Add Pin To Net: Unknown Pin: Pin D33-3
Add Pin To Net: Unknown Pin: Pin D34-3
Add Pin To Net: Unknown Pin: Pin D35-3
Add Pin To Net: Unknown Pin: Pin D36-3
Add Pin To Net: Unknown Pin: Pin D37-3
Add Pin To Net: Unknown Pin: Pin D38-3
Add Pin To Net: Unknown Pin: Pin D39-3
Add Pin To Net: Unknown Pin: Pin D40-3
Added Pin To Net: NetName=NetD3_1 Pin=D3-1
Added Pin To Net: NetName=NetD3_1 Pin=SW2-1
Added Net: Name=NetD3_1
Added Pin To Net: NetName=NetD4_1 Pin=D4-1
Added Pin To Net: NetName=NetD4_1 Pin=SW3-1
Added Net: Name=NetD4_1
Added Pin To Net: NetName=NetD5_1 Pin=D5-1
Added Pin To Net: NetName=NetD5_1 Pin=SW4-1
Added Net: Name=NetD5_1
Added Pin To Net: NetName=NetD6_1 Pin=D6-1
Added Pin To Net: NetName=NetD6_1 Pin=SW5-1
Added Net: Name=NetD6_1
Added Pin To Net: NetName=NetD7_1 Pin=D7-1
Added Pin To Net: NetName=NetD7_1 Pin=SW6-1
Added Net: Name=NetD7_1
Added Pin To Net: NetName=NetD8_1 Pin=D8-1
Added Pin To Net: NetName=NetD8_1 Pin=SW7-1
Added Net: Name=NetD8_1
Added Pin To Net: NetName=NetD9_1 Pin=D9-1
Added Pin To Net: NetName=NetD9_1 Pin=SW8-1
Added Net: Name=NetD9_1
Added Pin To Net: NetName=NetD10_1 Pin=D10-1
Added Pin To Net: NetName=NetD10_1 Pin=SW9-1
Added Net: Name=NetD10_1
Added Pin To Net: NetName=NetD11_1 Pin=D11-1
Added Pin To Net: NetName=NetD11_1 Pin=SW10-1
Added Net: Name=NetD11_1
Added Pin To Net: NetName=NetD12_1 Pin=D12-1
Added Pin To Net: NetName=NetD12_1 Pin=SW11-1
Added Net: Name=NetD12_1
Added Pin To Net: NetName=NetD13_1 Pin=D13-1
Added Pin To Net: NetName=NetD13_1 Pin=SW12-1
Added Net: Name=NetD13_1
Added Pin To Net: NetName=NetD14_1 Pin=D14-1
Added Pin To Net: NetName=NetD14_1 Pin=SW13-1
Added Net: Name=NetD14_1
Added Pin To Net: NetName=NetD15_1 Pin=D15-1
Added Pin To Net: NetName=NetD15_1 Pin=SW14-1
Added Net: Name=NetD15_1
Added Pin To Net: NetName=NetD16_1 Pin=D16-1
Added Pin To Net: NetName=NetD16_1 Pin=SW15-1
Added Net: Name=NetD16_1
Added Pin To Net: NetName=NetD17_1 Pin=D17-1
Added Pin To Net: NetName=NetD17_1 Pin=SW16-1
Added Net: Name=NetD17_1
Added Pin To Net: NetName=NetD18_1 Pin=D18-1
Added Pin To Net: NetName=NetD18_1 Pin=SW17-1
Added Net: Name=NetD18_1
Added Pin To Net: NetName=NetD19_1 Pin=D19-1
Added Pin To Net: NetName=NetD19_1 Pin=SW18-1
Added Net: Name=NetD19_1
Added Pin To Net: NetName=NetD20_1 Pin=D20-1
Added Pin To Net: NetName=NetD20_1 Pin=SW19-1
Added Net: Name=NetD20_1
Added Pin To Net: NetName=NetD21_1 Pin=D21-1
Added Pin To Net: NetName=NetD21_1 Pin=SW20-1
Added Net: Name=NetD21_1
Added Pin To Net: NetName=NetD22_1 Pin=D22-1
Added Pin To Net: NetName=NetD22_1 Pin=SW21-1
Added Net: Name=NetD22_1
Added Pin To Net: NetName=NetD23_1 Pin=D23-1
Added Pin To Net: NetName=NetD23_1 Pin=SW22-1
Added Net: Name=NetD23_1
Added Pin To Net: NetName=NetD24_1 Pin=D24-1
Added Pin To Net: NetName=NetD24_1 Pin=SW23-1
Added Net: Name=NetD24_1
Added Pin To Net: NetName=NetD25_1 Pin=D25-1
Added Pin To Net: NetName=NetD25_1 Pin=SW24-1
Added Net: Name=NetD25_1
Added Pin To Net: NetName=NetD26_1 Pin=D26-1
Added Pin To Net: NetName=NetD26_1 Pin=SW25-1
Added Net: Name=NetD26_1
Added Pin To Net: NetName=NetD27_1 Pin=D27-1
Added Pin To Net: NetName=NetD27_1 Pin=SW26-1
Added Net: Name=NetD27_1
Added Pin To Net: NetName=NetD28_1 Pin=D28-1
Added Pin To Net: NetName=NetD28_1 Pin=SW27-1
Added Net: Name=NetD28_1
Added Pin To Net: NetName=NetD29_1 Pin=D29-1
Added Pin To Net: NetName=NetD29_1 Pin=SW28-1
Added Net: Name=NetD29_1
Added Pin To Net: NetName=NetD30_1 Pin=D30-1
Added Pin To Net: NetName=NetD30_1 Pin=SW29-1
Added Net: Name=NetD30_1
Added Pin To Net: NetName=NetD31_1 Pin=D31-1
Added Pin To Net: NetName=NetD31_1 Pin=SW30-1
Added Net: Name=NetD31_1
Added Pin To Net: NetName=NetD32_1 Pin=D32-1
Added Pin To Net: NetName=NetD32_1 Pin=SW31-1
Added Net: Name=NetD32_1
Added Pin To Net: NetName=NetD33_1 Pin=D33-1
Added Pin To Net: NetName=NetD33_1 Pin=SW32-1
Added Net: Name=NetD33_1
Added Pin To Net: NetName=NetD34_1 Pin=D34-1
Added Pin To Net: NetName=NetD34_1 Pin=SW33-1
Added Net: Name=NetD34_1
Added Pin To Net: NetName=NetD35_1 Pin=D35-1
Added Pin To Net: NetName=NetD35_1 Pin=SW34-1
Added Net: Name=NetD35_1
Added Pin To Net: NetName=NetD36_1 Pin=D36-1
Added Pin To Net: NetName=NetD36_1 Pin=SW35-1
Added Net: Name=NetD36_1
Added Pin To Net: NetName=NetD37_1 Pin=D37-1
Added Pin To Net: NetName=NetD37_1 Pin=SW36-1
Added Net: Name=NetD37_1
Added Pin To Net: NetName=NetD38_1 Pin=D38-1
Added Pin To Net: NetName=NetD38_1 Pin=SW37-1
Added Net: Name=NetD38_1
Added Pin To Net: NetName=NetD39_1 Pin=D39-1
Added Pin To Net: NetName=NetD39_1 Pin=SW38-1
Added Net: Name=NetD39_1
Added Pin To Net: NetName=NetD40_1 Pin=D40-1
Added Pin To Net: NetName=NetD40_1 Pin=SW39-1
Added Net: Name=NetD40_1
