Removed Pin From Net: NetName=RADIO_PA4B Pin=TP27B-1
Removed Member From Class: ClassName=U_Peripherals1 Member=TP27A
Removed Member From Class: ClassName=U_Peripherals2 Member=TP27B
Added Pin To Net: NetName=RADIO_PD11B Pin=BT1A-1
Added Pin To Net: NetName=RESETA Pin=C14B-1
Added Pin To Net: NetName=RADIO_PD10B Pin=C15A-1
Added Pin To Net: NetName=RADIO_PD10B Pin=C16A-1
Added Pin To Net: NetName=IO_ROW_P0A Pin=D3B-1
Added Pin To Net: NetName=IO_ROW_P0A Pin=D4B-1
Added Pin To Net: NetName=IO_ROW_P0A Pin=D5B-1
Added Pin To Net: NetName=IO_ROW_P0A Pin=D6B-1
Added Pin To Net: NetName=IO_ROW_P0A Pin=D7B-1
Added Pin To Net: NetName=IO_ROW_P0A Pin=D8B-1
Added Pin To Net: NetName=IO_ROW_P0A Pin=D9B-1
Added Pin To Net: NetName=IO_ROW_P1B Pin=D10A-1
Added Pin To Net: NetName=IO_ROW_P1B Pin=D11A-1
Added Pin To Net: NetName=IO_ROW_P1B Pin=D12A-1
Added Pin To Net: NetName=IO_ROW_P1B Pin=D13A-1
Added Pin To Net: NetName=IO_ROW_P1B Pin=D14A-1
Added Pin To Net: NetName=IO_ROW_P1B Pin=D15A-1
Added Pin To Net: NetName=IO_ROW_P1B Pin=D16A-1
Added Pin To Net: NetName=IO_ROW_P2B Pin=D17A-1
Added Pin To Net: NetName=IO_ROW_P2B Pin=D18A-1
Added Pin To Net: NetName=IO_ROW_P2B Pin=D19A-1
Added Pin To Net: NetName=IO_ROW_P2B Pin=D20A-1
Added Pin To Net: NetName=IO_ROW_P2B Pin=D21A-1
Added Pin To Net: NetName=IO_ROW_P2B Pin=D22A-1
Added Pin To Net: NetName=IO_ROW_P2B Pin=D23A-1
Added Pin To Net: NetName=IO_ROW_P3A Pin=D24B-1
Added Pin To Net: NetName=IO_ROW_P3A Pin=D25B-1
Added Pin To Net: NetName=IO_ROW_P3A Pin=D26B-1
Added Pin To Net: NetName=IO_ROW_P3A Pin=D27B-1
Added Pin To Net: NetName=IO_ROW_P3A Pin=D28B-1
Added Pin To Net: NetName=IO_ROW_P3A Pin=D29B-1
Added Pin To Net: NetName=IO_ROW_P3A Pin=D30B-1
Added Pin To Net: NetName=IO_ROW_P4B Pin=D31A-1
Added Pin To Net: NetName=IO_ROW_P4B Pin=D32A-1
Added Pin To Net: NetName=IO_ROW_P4B Pin=D33A-1
Added Pin To Net: NetName=IO_ROW_P4B Pin=D34A-1
Added Pin To Net: NetName=IO_ROW_P4B Pin=D35A-1
Added Pin To Net: NetName=IO_ROW_P4B Pin=D36A-1
Added Pin To Net: NetName=IO_ROW_P4B Pin=D37A-1
Added Pin To Net: NetName=RADIO_PA0B Pin=H9A-5
Added Pin To Net: NetName=RADIO_PF0B Pin=H9A-7
Added Pin To Net: NetName=RADIO_PF1B Pin=H9A-8
Added Pin To Net: NetName=RESETA Pin=H9B-3
Added Pin To Net: NetName=RADIO_PA1A Pin=H9B-4
Added Pin To Net: NetName=RADIO_PF2A Pin=H9B-6
Added Pin To Net: NetName=RADIO_PA4B Pin=LED3A-A
Added Pin To Net: NetName=RADIO_PF3A Pin=MT1B-A
Added Pin To Net: NetName=RADIO_PF4A Pin=MT1B-B
Added Pin To Net: NetName=RADIO_PF0B Pin=Q1A-1
Added Pin To Net: NetName=RADIO_PF1B Pin=Q1A-2
Added Pin To Net: NetName=RADIO_PF5B Pin=Q1A-6
Added Pin To Net: NetName=RADIO_PF6B Pin=Q1A-7
Added Pin To Net: NetName=RADIO_PD10B Pin=Q1A-19
Added Pin To Net: NetName=RADIO_PD11B Pin=Q1A-20
Added Pin To Net: NetName=RADIO_PA0B Pin=Q1A-25
Added Pin To Net: NetName=RADIO_PA4B Pin=Q1A-29
Added Pin To Net: NetName=RADIO_PA4B Pin=Q1A-32
Added Pin To Net: NetName=RADIO_PB14B Pin=Q1A-35
Added Pin To Net: NetName=RADIO_PC10B Pin=Q1A-47
Added Pin To Net: NetName=RADIO_PF2A Pin=Q1B-3
Added Pin To Net: NetName=RADIO_PF3A Pin=Q1B-4
Added Pin To Net: NetName=RADIO_PF4A Pin=Q1B-5
Added Pin To Net: NetName=RADIO_PF7A Pin=Q1B-8
Added Pin To Net: NetName=RESETA Pin=Q1B-12
Added Pin To Net: NetName=RADIO_PD12A Pin=Q1B-21
Added Pin To Net: NetName=RADIO_PA1A Pin=Q1B-26
Added Pin To Net: NetName=RADIO_PA2A Pin=Q1B-27
Added Pin To Net: NetName=RADIO_PB11A Pin=Q1B-31
Added Pin To Net: NetName=RADIO_PB13A Pin=Q1B-33
Added Pin To Net: NetName=RADIO_PB15A Pin=Q1B-36
Added Pin To Net: NetName=RADIO_PC6A Pin=Q1B-43
Added Pin To Net: NetName=RADIO_PC8A Pin=Q1B-45
Added Pin To Net: NetName=RADIO_PC9A Pin=Q1B-46
Added Pin To Net: NetName=RADIO_PC11A Pin=Q1B-48
Added Pin To Net: NetName=RADIO_PD11B Pin=Q2A-5
Added Pin To Net: NetName=RADIO_PD10B Pin=Q2A-6
Added Pin To Net: NetName=RADIO_PD11B Pin=Q2A-18
Added Pin To Net: NetName=RADIO_PD10B Pin=Q2A-19
Added Pin To Net: NetName=RADIO_PB13A Pin=Q2B-13
Added Pin To Net: NetName=RADIO_PA4B Pin=Q3A-1
Added Pin To Net: NetName=IO_ROW_P1B Pin=Q3A-3
Added Pin To Net: NetName=IO_ROW_P2B Pin=Q3A-4
Added Pin To Net: NetName=IO_ROW_P4B Pin=Q3A-7
Added Pin To Net: NetName=RADIO_PF5B Pin=Q3A-11
Added Pin To Net: NetName=RADIO_PC10B Pin=Q3A-13
Added Pin To Net: NetName=IO_ROW_P0A Pin=Q3B-2
Added Pin To Net: NetName=IO_ROW_P3A Pin=Q3B-5
Added Pin To Net: NetName=IO_ROW_P5A Pin=Q3B-8
Added Pin To Net: NetName=IO_ROW_P6A Pin=Q3B-9
Added Pin To Net: NetName=IO_ROW_P7A Pin=Q3B-10
Added Pin To Net: NetName=RADIO_PC11A Pin=Q3B-12
Added Pin To Net: NetName=RADIO_PA4B Pin=Q4A-1
Added Pin To Net: NetName=IO_COL_P0B Pin=Q4A-2
Added Pin To Net: NetName=IO_COL_P4B Pin=Q4A-7
Added Pin To Net: NetName=RADIO_PF6B Pin=Q4A-11
Added Pin To Net: NetName=RADIO_PC10B Pin=Q4A-13
Added Pin To Net: NetName=IO_COL_P1A Pin=Q4B-3
Added Pin To Net: NetName=IO_COL_P2A Pin=Q4B-4
Added Pin To Net: NetName=IO_COL_P3A Pin=Q4B-5
Added Pin To Net: NetName=IO_COL_P5A Pin=Q4B-8
Added Pin To Net: NetName=IO_COL_P6A Pin=Q4B-9
Added Pin To Net: NetName=IO_COL_P7A Pin=Q4B-10
Added Pin To Net: NetName=RADIO_PC11A Pin=Q4B-12
Added Pin To Net: NetName=RADIO_PC10B Pin=Q6A-1
Added Pin To Net: NetName=RADIO_PC11A Pin=Q6B-6
Added Pin To Net: NetName=IO_COL_P0B Pin=R20A-2
Added Pin To Net: NetName=IO_COL_P1A Pin=R21B-2
Added Pin To Net: NetName=IO_COL_P2A Pin=R22B-2
Added Pin To Net: NetName=IO_COL_P3A Pin=R23B-2
Added Pin To Net: NetName=IO_COL_P4B Pin=R24A-2
Added Pin To Net: NetName=IO_COL_P5A Pin=R25B-2
Added Pin To Net: NetName=IO_COL_P6A Pin=R26B-2
Added Pin To Net: NetName=RADIO_PD12A Pin=R29B-2
Added Pin To Net: NetName=RADIO_PC11A Pin=R32B-1
Added Pin To Net: NetName=RADIO_PC10B Pin=R33A-1
Added Pin To Net: NetName=RESETA Pin=S1B-3
Added Pin To Net: NetName=RESETA Pin=S1B-4
Added Pin To Net: NetName=IO_COL_P0B Pin=SW2A-2
Added Pin To Net: NetName=IO_COL_P1A Pin=SW3B-2
Added Pin To Net: NetName=IO_COL_P2A Pin=SW4B-2
Added Pin To Net: NetName=IO_COL_P3A Pin=SW5B-2
Added Pin To Net: NetName=IO_COL_P4B Pin=SW6A-2
Added Pin To Net: NetName=IO_COL_P5A Pin=SW7B-2
Added Pin To Net: NetName=IO_COL_P6A Pin=SW8B-2
Added Pin To Net: NetName=IO_COL_P0B Pin=SW9A-2
Added Pin To Net: NetName=IO_COL_P1A Pin=SW10B-2
Added Pin To Net: NetName=IO_COL_P2A Pin=SW11B-2
Added Pin To Net: NetName=IO_COL_P3A Pin=SW12B-2
Added Pin To Net: NetName=IO_COL_P4B Pin=SW13A-2
Added Pin To Net: NetName=IO_COL_P5A Pin=SW14B-2
Added Pin To Net: NetName=IO_COL_P6A Pin=SW15B-2
Added Pin To Net: NetName=IO_COL_P0B Pin=SW16A-2
Added Pin To Net: NetName=IO_COL_P1A Pin=SW17B-2
Added Pin To Net: NetName=IO_COL_P2A Pin=SW18B-2
Added Pin To Net: NetName=IO_COL_P3A Pin=SW19B-2
Added Pin To Net: NetName=IO_COL_P4B Pin=SW20A-2
Added Pin To Net: NetName=IO_COL_P5A Pin=SW21B-2
Added Pin To Net: NetName=IO_COL_P6A Pin=SW22B-2
Added Pin To Net: NetName=IO_COL_P0B Pin=SW23A-2
Added Pin To Net: NetName=IO_COL_P1A Pin=SW24B-2
Added Pin To Net: NetName=IO_COL_P2A Pin=SW25B-2
Added Pin To Net: NetName=IO_COL_P3A Pin=SW26B-2
Added Pin To Net: NetName=IO_COL_P4B Pin=SW27A-2
Added Pin To Net: NetName=IO_COL_P5A Pin=SW28B-2
Added Pin To Net: NetName=IO_COL_P6A Pin=SW29B-2
Added Pin To Net: NetName=IO_COL_P0B Pin=SW30A-2
Added Pin To Net: NetName=IO_COL_P1A Pin=SW31B-2
Added Pin To Net: NetName=IO_COL_P2A Pin=SW32B-2
Added Pin To Net: NetName=IO_COL_P3A Pin=SW33B-2
Added Pin To Net: NetName=IO_COL_P4B Pin=SW34A-2
Added Pin To Net: NetName=IO_COL_P5A Pin=SW35B-2
Added Pin To Net: NetName=IO_COL_P6A Pin=SW36B-2
Added Pin To Net: NetName=RADIO_PB15A Pin=TP4B-1
Added Pin To Net: NetName=RADIO_PB14B Pin=TP5A-1
Added Pin To Net: NetName=RESETA Pin=TP6B-1
Added Pin To Net: NetName=RADIO_PF0B Pin=TP7A-1
Added Pin To Net: NetName=RADIO_PA1A Pin=TP9B-1
Added Pin To Net: NetName=RADIO_PA0B Pin=TP10A-1
Added Pin To Net: NetName=RADIO_PF1B Pin=TP11A-1
Added Pin To Net: NetName=RADIO_PF2A Pin=TP13B-1
Added Pin To Net: NetName=RADIO_PD11B Pin=TP14A-1
Added Pin To Net: NetName=RADIO_PD10B Pin=TP17A-1
Added Pin To Net: NetName=RADIO_PD11B Pin=TP18A-1
Added Pin To Net: NetName=RADIO_PD10B Pin=TP19A-1
Added Pin To Net: NetName=RADIO_PF5B Pin=TP23A-1
Added Pin To Net: NetName=RADIO_PF6B Pin=TP24A-1
Added Pin To Net: NetName=RADIO_PB11A Pin=TP26B-1
Added Pin To Net: NetName=RADIO_PC11A Pin=TP39B-1
Added Pin To Net: NetName=RADIO_PC10B Pin=TP40A-1
Added Pin To Net: NetName=RADIO_PB14B Pin=X2A-2
Added Pin To Net: NetName=RADIO_PB15A Pin=X2B-1
Change Net Name : Old Net Name=IO_COL_P0B New Net Name=IO_COL_P0A
Change Net Name : Old Net Name=IO_COL_P4B New Net Name=IO_COL_P4A
Change Net Name : Old Net Name=IO_ROW_P1B New Net Name=IO_ROW_P1A
Change Net Name : Old Net Name=IO_ROW_P2B New Net Name=IO_ROW_P2A
Change Net Name : Old Net Name=IO_ROW_P4B New Net Name=IO_ROW_P4A
Change Net Name : Old Net Name=RADIO_PA0B New Net Name=RADIO_PA0
Change Net Name : Old Net Name=RADIO_PA1A New Net Name=RADIO_PA1
Change Net Name : Old Net Name=RADIO_PA2A New Net Name=RADIO_PA2
Change Net Name : Old Net Name=RADIO_PA4B New Net Name=RADIO_PA4
Change Net Name : Old Net Name=RADIO_PB14B New Net Name=RADIO_PB14A
Change Net Name : Old Net Name=RADIO_PC6A New Net Name=RADIO_PC6
Change Net Name : Old Net Name=RADIO_PC8A New Net Name=RADIO_PC8
Change Net Name : Old Net Name=RADIO_PC9A New Net Name=RADIO_PC9
Change Net Name : Old Net Name=RADIO_PC10B New Net Name=RADIO_PC10
Change Net Name : Old Net Name=RADIO_PC11A New Net Name=RADIO_PC11
Change Net Name : Old Net Name=RADIO_PD10B New Net Name=RADIO_PD10
Change Net Name : Old Net Name=RADIO_PD11B New Net Name=RADIO_PD11
Change Net Name : Old Net Name=RADIO_PD12A New Net Name=RADIO_PD12
Change Net Name : Old Net Name=RADIO_PF0B New Net Name=RADIO_PF0A
Change Net Name : Old Net Name=RADIO_PF1B New Net Name=RADIO_PF1A
Change Net Name : Old Net Name=RADIO_PF5B New Net Name=RADIO_PF5A
Change Net Name : Old Net Name=RADIO_PF6B New Net Name=RADIO_PF6A
Added Pin To Net: NetName=RADIO_PA3 Pin=Q1A-28
Added Pin To Net: NetName=RADIO_PA3 Pin=Q1B-28
Added Net: Name=RADIO_PA3
Added Pin To Net: NetName=RADIO_PA5 Pin=BT4-1
Added Pin To Net: NetName=RADIO_PA5 Pin=Q1A-30
Added Pin To Net: NetName=RADIO_PA5 Pin=Q1B-30
Added Net: Name=RADIO_PA5
Added Pin To Net: NetName=RADIO_PC7 Pin=Q1A-44
Added Pin To Net: NetName=RADIO_PC7 Pin=Q1B-44
Added Net: Name=RADIO_PC7
Added Pin To Net: NetName=RADIO_PD13 Pin=Q1A-22
Added Pin To Net: NetName=RADIO_PD13 Pin=Q1B-22
Added Net: Name=RADIO_PD13
Added Pin To Net: NetName=RADIO_PD14 Pin=Q1A-23
Added Pin To Net: NetName=RADIO_PD14 Pin=Q1B-23
Added Net: Name=RADIO_PD14
Added Pin To Net: NetName=RADIO_PD15 Pin=Q1A-24
Added Pin To Net: NetName=RADIO_PD15 Pin=Q1B-24
Added Net: Name=RADIO_PD15
Added Class: Name=RADIO_PA[5..0]
Added Class: Name=RADIO_PC[11..6]
Added Class: Name=RADIO_PD[15..10]
