Replace Part ATT1 F_Interverted in C:\Users\Path1691\Insane-Keyboard\HardwareDesign\PCB\InsaneKeyboard\RF_Antenna_Power.SchDoc with F_Interverted from Keyboard_parts.SchLib
Replace Part C1 CAP 1.5pF 50V 0402 in C:\Users\Path1691\Insane-Keyboard\HardwareDesign\PCB\InsaneKeyboard\RF_Antenna_Power.SchDoc with CAP 1.5pF 50V 0402 from Keyboard_parts.SchLib
Replace Part C2 CAP 100pF 100V 0603 in C:\Users\Path1691\Insane-Keyboard\HardwareDesign\PCB\InsaneKeyboard\RF_Antenna_Power.SchDoc with CAP 100pF 100V 0603 from Keyboard_parts.SchLib
Replace Part C3 CAP 100pF 100V 0603 in C:\Users\Path1691\Insane-Keyboard\HardwareDesign\PCB\InsaneKeyboard\RF_Antenna_Power.SchDoc with CAP 100pF 100V 0603 from Keyboard_parts.SchLib
Replace Part C4 CAP 220nF 50V 0603 in C:\Users\Path1691\Insane-Keyboard\HardwareDesign\PCB\InsaneKeyboard\RF_Antenna_Power.SchDoc with CAP 220nF 50V 0603 from Keyboard_parts.SchLib
Replace Part C5 CAP 10pF 50V 0603 in C:\Users\Path1691\Insane-Keyboard\HardwareDesign\PCB\InsaneKeyboard\RF_Antenna_Power.SchDoc with CAP 10pF 50V 0603 from Keyboard_parts.SchLib
Replace Part C6 CAP 4.7uF 25V 0603 in C:\Users\Path1691\Insane-Keyboard\HardwareDesign\PCB\InsaneKeyboard\RF_Antenna_Power.SchDoc with CAP 4.7uF 25V 0603 from Keyboard_parts.SchLib
Replace Part C7 CAP 10uF 10V 0603 in C:\Users\Path1691\Insane-Keyboard\HardwareDesign\PCB\InsaneKeyboard\RF_Antenna_Power.SchDoc with CAP 10uF 10V 0603 from Keyboard_parts.SchLib
Replace Part C8 CAP 1uF 10V 0603 in C:\Users\Path1691\Insane-Keyboard\HardwareDesign\PCB\InsaneKeyboard\RF_Antenna_Power.SchDoc with CAP 1uF 10V 0603 from Keyboard_parts.SchLib
Replace Part C9 CAP 0.1uF 100V 0603 in C:\Users\Path1691\Insane-Keyboard\HardwareDesign\PCB\InsaneKeyboard\RF_Antenna_Power.SchDoc with CAP 0.1uF 100V 0603 from Keyboard_parts.SchLib
Replace Part C10 CAP 10uF 10V 0603 in C:\Users\Path1691\Insane-Keyboard\HardwareDesign\PCB\InsaneKeyboard\RF_Antenna_Power.SchDoc with CAP 10uF 10V 0603 from Keyboard_parts.SchLib
Replace Part C11 CAP 10nF 100V 0603 in C:\Users\Path1691\Insane-Keyboard\HardwareDesign\PCB\InsaneKeyboard\RF_Antenna_Power.SchDoc with CAP 10nF 100V 0603 from Keyboard_parts.SchLib
Replace Part C12 CAP 1uF 10V 0603 in C:\Users\Path1691\Insane-Keyboard\HardwareDesign\PCB\InsaneKeyboard\RF_Antenna_Power.SchDoc with CAP 1uF 10V 0603 from Keyboard_parts.SchLib
Replace Part C13 CAP 1uF 10V 0603 in C:\Users\Path1691\Insane-Keyboard\HardwareDesign\PCB\InsaneKeyboard\RF_Antenna_Power.SchDoc with CAP 1uF 10V 0603 from Keyboard_parts.SchLib
Replace Part L3 Ferrite Bead 600(601) 1LN in C:\Users\Path1691\Insane-Keyboard\HardwareDesign\PCB\InsaneKeyboard\RF_Antenna_Power.SchDoc with Ferrite Bead 600(601) 1LN from Keyboard_parts.SchLib
Replace Part L4 Ferrite Bead 600(601) 1LN in C:\Users\Path1691\Insane-Keyboard\HardwareDesign\PCB\InsaneKeyboard\RF_Antenna_Power.SchDoc with Ferrite Bead 600(601) 1LN from Keyboard_parts.SchLib
Replace Part L6 Farrite Bead 102(1k) in C:\Users\Path1691\Insane-Keyboard\HardwareDesign\PCB\InsaneKeyboard\RF_Antenna_Power.SchDoc with Farrite Bead 102(1k) from Keyboard_parts.SchLib
Replace Part Q1 EFR32BG13P632F512GM32-DR in C:\Users\Path1691\Insane-Keyboard\HardwareDesign\PCB\InsaneKeyboard\RF_Antenna_Power.SchDoc with EFR32BG13P632F512GM32-DR from Keyboard_parts.SchLib
Replace Part Q1 EFR32BG13P632F512GM32-DR in C:\Users\Path1691\Insane-Keyboard\HardwareDesign\PCB\InsaneKeyboard\RF_Antenna_Power.SchDoc with EFR32BG13P632F512GM32-DR from Keyboard_parts.SchLib
Replace Part R1 RES 0R 0402 in C:\Users\Path1691\Insane-Keyboard\HardwareDesign\PCB\InsaneKeyboard\RF_Antenna_Power.SchDoc with RES 0R 0402 from Keyboard_parts.SchLib
Replace Part R4 RES 0R 0402 in C:\Users\Path1691\Insane-Keyboard\HardwareDesign\PCB\InsaneKeyboard\RF_Antenna_Power.SchDoc with RES 0R 0402 from Keyboard_parts.SchLib
Replace Part TP1 Test point in C:\Users\Path1691\Insane-Keyboard\HardwareDesign\PCB\InsaneKeyboard\RF_Antenna_Power.SchDoc with Test point from Keyboard_parts.SchLib
Replace Part TP2 Test point in C:\Users\Path1691\Insane-Keyboard\HardwareDesign\PCB\InsaneKeyboard\RF_Antenna_Power.SchDoc with Test point from Keyboard_parts.SchLib
Replace Part TP3 Test point in C:\Users\Path1691\Insane-Keyboard\HardwareDesign\PCB\InsaneKeyboard\RF_Antenna_Power.SchDoc with Test point from Keyboard_parts.SchLib
